20211122 14:02:04 DEBUG ../../apps/lua/scripts/auth_server/main.lua:28  
Auth Server Start at 8000
20211122 14:02:04 DEBUG ../../apps/lua/scripts/auth_server/main.lua:35  
register Auth service:[1] success!!!
20211122 14:02:04 DEBUG ../../apps/lua/scripts/database/redis_center.lua:18  
connect to redis center db success
20211122 14:02:04 DEBUG ../../apps/lua/scripts/database/mysql_auth_center.lua:14  
connect to auth center db success
20211122 14:03:17 DEBUG ../../apps/lua/scripts/auth_server/auth_service.lua:19  
1	9	1	table
20211122 14:03:17 DEBUG ../../apps/lua/scripts/auth_server/uname_login.lua:46  
1	ysb1
20211122 14:03:17 DEBUG ../../apps/lua/scripts/database/redis_center.lua:39  
hmset moba_auth_center_user_uid_1 unick ysb1 usex 0 uface 6 uvip 0 is_guest 0
20211122 14:24:07 DEBUG ../../apps/lua/scripts/auth_server/main.lua:28  
Auth Server Start at 8000
20211122 14:24:07 DEBUG ../../apps/lua/scripts/auth_server/main.lua:35  
register Auth service:[1] success!!!
20211122 14:24:07 DEBUG ../../apps/lua/scripts/database/redis_center.lua:18  
connect to redis center db success
20211122 14:24:07 DEBUG ../../apps/lua/scripts/database/mysql_auth_center.lua:14  
connect to auth center db success
20211122 14:24:28 DEBUG ../../apps/lua/scripts/auth_server/auth_service.lua:19  
1	9	1	table
20211122 14:24:28 DEBUG ../../apps/lua/scripts/auth_server/uname_login.lua:46  
1	ysb1
20211122 14:24:28 DEBUG ../../apps/lua/scripts/database/redis_center.lua:39  
hmset moba_auth_center_user_uid_1 unick ysb1 usex 0 uface 6 uvip 0 is_guest 0
20211122 15:04:27 DEBUG ../../apps/lua/scripts/auth_server/main.lua:28  
Auth Server Start at 8000
20211122 15:04:27 DEBUG ../../apps/lua/scripts/auth_server/main.lua:35  
register Auth service:[1] success!!!
20211122 15:04:27 DEBUG ../../apps/lua/scripts/database/redis_center.lua:18  
connect to redis center db success
20211122 15:04:27 DEBUG ../../apps/lua/scripts/database/mysql_auth_center.lua:14  
connect to auth center db success
20211122 15:04:44 DEBUG ../../apps/lua/scripts/auth_server/auth_service.lua:19  
1	9	1	table
20211122 15:04:44 DEBUG ../../apps/lua/scripts/auth_server/uname_login.lua:46  
1	ysb1
20211122 15:04:44 DEBUG ../../apps/lua/scripts/database/redis_center.lua:39  
hmset moba_auth_center_user_uid_1 unick ysb1 usex 0 uface 6 uvip 0 is_guest 0
20211122 15:06:37 DEBUG ../../apps/lua/scripts/auth_server/main.lua:28  
Auth Server Start at 8000
20211122 15:06:37 DEBUG ../../apps/lua/scripts/auth_server/main.lua:35  
register Auth service:[1] success!!!
20211122 15:06:37 DEBUG ../../apps/lua/scripts/database/redis_center.lua:18  
connect to redis center db success
20211122 15:06:37 DEBUG ../../apps/lua/scripts/database/mysql_auth_center.lua:14  
connect to auth center db success
20211122 15:06:48 DEBUG ../../apps/lua/scripts/auth_server/auth_service.lua:19  
1	9	1	table
20211122 15:06:48 DEBUG ../../apps/lua/scripts/auth_server/uname_login.lua:46  
1	ysb1
20211122 15:06:48 DEBUG ../../apps/lua/scripts/database/redis_center.lua:39  
hmset moba_auth_center_user_uid_1 unick ysb1 usex 0 uface 6 uvip 0 is_guest 0
20211122 15:54:12 DEBUG ../../apps/lua/scripts/auth_server/main.lua:28  
Auth Server Start at 8000
20211122 15:54:12 DEBUG ../../apps/lua/scripts/auth_server/main.lua:35  
register Auth service:[1] success!!!
20211122 15:54:12 DEBUG ../../apps/lua/scripts/database/redis_center.lua:18  
connect to redis center db success
20211122 15:54:12 DEBUG ../../apps/lua/scripts/database/mysql_auth_center.lua:14  
connect to auth center db success
20211122 15:54:53 DEBUG ../../apps/lua/scripts/auth_server/auth_service.lua:19  
1	9	1	table
20211122 15:54:53 DEBUG ../../apps/lua/scripts/auth_server/uname_login.lua:46  
1	ysb1
20211122 15:54:53 DEBUG ../../apps/lua/scripts/database/redis_center.lua:39  
hmset moba_auth_center_user_uid_1 unick ysb1 usex 0 uface 6 uvip 0 is_guest 0
20211122 15:56:13 DEBUG ../../apps/lua/scripts/auth_server/auth_service.lua:19  
1	9	2	table
20211122 15:56:13 DEBUG ../../apps/lua/scripts/auth_server/uname_login.lua:46  
1	ysb1
20211122 15:56:13 DEBUG ../../apps/lua/scripts/database/redis_center.lua:39  
hmset moba_auth_center_user_uid_1 unick ysb1 usex 0 uface 6 uvip 0 is_guest 0
20211122 15:57:55 DEBUG ../../apps/lua/scripts/auth_server/auth_service.lua:19  
1	9	3	table
20211122 15:57:55 DEBUG ../../apps/lua/scripts/auth_server/uname_login.lua:46  
1	ysb1
20211122 15:57:55 DEBUG ../../apps/lua/scripts/database/redis_center.lua:39  
hmset moba_auth_center_user_uid_1 unick ysb1 usex 0 uface 6 uvip 0 is_guest 0
20211122 15:59:23 DEBUG ../../apps/lua/scripts/auth_server/auth_service.lua:19  
1	9	4	table
20211122 15:59:23 DEBUG ../../apps/lua/scripts/auth_server/uname_login.lua:46  
1	ysb1
20211122 15:59:23 DEBUG ../../apps/lua/scripts/database/redis_center.lua:39  
hmset moba_auth_center_user_uid_1 unick ysb1 usex 0 uface 6 uvip 0 is_guest 0
20211122 16:00:13 DEBUG ../../apps/lua/scripts/auth_server/auth_service.lua:19  
1	9	5	table
20211122 16:00:13 DEBUG ../../apps/lua/scripts/auth_server/uname_login.lua:46  
1	ysb1
20211122 16:00:13 DEBUG ../../apps/lua/scripts/database/redis_center.lua:39  
hmset moba_auth_center_user_uid_1 unick ysb1 usex 0 uface 6 uvip 0 is_guest 0
20211122 16:31:34 DEBUG ../../apps/lua/scripts/auth_server/auth_service.lua:19  
1	9	6	table
20211122 16:31:34 DEBUG ../../apps/lua/scripts/auth_server/uname_login.lua:46  
1	ysb1
20211122 16:31:34 DEBUG ../../apps/lua/scripts/database/redis_center.lua:39  
hmset moba_auth_center_user_uid_1 unick ysb1 usex 0 uface 6 uvip 0 is_guest 0
20211122 16:32:02 DEBUG ../../apps/lua/scripts/auth_server/auth_service.lua:19  
1	9	7	table
20211122 16:32:02 DEBUG ../../apps/lua/scripts/auth_server/uname_login.lua:46  
1	ysb1
20211122 16:32:02 DEBUG ../../apps/lua/scripts/database/redis_center.lua:39  
hmset moba_auth_center_user_uid_1 unick ysb1 usex 0 uface 6 uvip 0 is_guest 0
20211122 16:32:26 DEBUG ../../apps/lua/scripts/auth_server/auth_service.lua:19  
1	11	1	nil
20211122 16:32:26 DEBUG ../../apps/lua/scripts/auth_server/login_out.lua:9  
user1 login out
20211122 16:32:29 DEBUG ../../apps/lua/scripts/auth_server/auth_service.lua:19  
1	1	8	table
20211122 16:32:29 DEBUG ../../apps/lua/scripts/auth_server/guest.lua:61  
3	ysb11
20211122 16:32:29 DEBUG ../../apps/lua/scripts/database/redis_center.lua:39  
hmset moba_auth_center_user_uid_3 unick ysb11 usex 0 uface 5 uvip 0 is_guest 1
20211122 16:32:39 DEBUG ../../apps/lua/scripts/auth_server/auth_service.lua:19  
1	7	3	table
20211122 16:32:39 DEBUG ../../apps/lua/scripts/auth_server/account_upgrade.lua:63  
ysb2	202cb962ac59075b964b07152d234b70	3
20211122 16:33:04 DEBUG ../../apps/lua/scripts/auth_server/auth_service.lua:19  
1	7	3	table
20211122 16:33:04 DEBUG ../../apps/lua/scripts/auth_server/account_upgrade.lua:63  
ysb3	202cb962ac59075b964b07152d234b70	3
20211122 16:34:13 DEBUG ../../apps/lua/scripts/auth_server/auth_service.lua:19  
1	9	9	table
20211122 16:34:13 DEBUG ../../apps/lua/scripts/auth_server/uname_login.lua:46  
1	ysb1
20211122 16:34:13 DEBUG ../../apps/lua/scripts/database/redis_center.lua:39  
hmset moba_auth_center_user_uid_1 unick ysb1 usex 0 uface 6 uvip 0 is_guest 0
20211122 16:38:34 DEBUG ../../apps/lua/scripts/auth_server/main.lua:28  
Auth Server Start at 8000
20211122 16:38:34 DEBUG ../../apps/lua/scripts/auth_server/main.lua:35  
register Auth service:[1] success!!!
20211122 16:38:34 DEBUG ../../apps/lua/scripts/database/redis_center.lua:18  
connect to redis center db success
20211122 16:38:35 DEBUG ../../apps/lua/scripts/database/mysql_auth_center.lua:14  
connect to auth center db success
20211122 16:38:47 DEBUG ../../apps/lua/scripts/auth_server/auth_service.lua:19  
1	9	1	table
20211122 16:38:47 DEBUG ../../apps/lua/scripts/auth_server/uname_login.lua:46  
1	ysb1
20211122 16:38:47 DEBUG ../../apps/lua/scripts/database/redis_center.lua:39  
hmset moba_auth_center_user_uid_1 unick ysb1 usex 0 uface 6 uvip 0 is_guest 0
20211122 18:09:40 DEBUG ../../apps/lua/scripts/auth_server/main.lua:28  
Auth Server Start at 8000
20211122 18:09:40 DEBUG ../../apps/lua/scripts/auth_server/main.lua:35  
register Auth service:[1] success!!!
20211122 18:09:40 DEBUG ../../apps/lua/scripts/database/redis_center.lua:18  
connect to redis center db success
20211122 18:09:40 DEBUG ../../apps/lua/scripts/database/mysql_auth_center.lua:14  
connect to auth center db success
20211122 18:09:58 DEBUG ../../apps/lua/scripts/auth_server/auth_service.lua:19  
1	9	1	table
20211122 18:09:58 DEBUG ../../apps/lua/scripts/auth_server/uname_login.lua:46  
1	ysb1
20211122 18:09:58 DEBUG ../../apps/lua/scripts/database/redis_center.lua:39  
hmset moba_auth_center_user_uid_1 unick ysb1 usex 0 uface 6 uvip 0 is_guest 0
