20211213 10:58:05 DEBUG ../../apps/lua/scripts/auth_server/main.lua:28  
Auth Server Start at 8000
20211213 10:58:05 DEBUG ../../apps/lua/scripts/auth_server/main.lua:35  
register Auth service:[1] success!!!
20211213 10:58:05 DEBUG ../../apps/lua/scripts/database/redis_center.lua:26  
connect to redis center db success
20211213 10:58:05 DEBUG ../../apps/lua/scripts/database/mysql_auth_center.lua:22  
connect to auth center db success
20211213 10:58:38 DEBUG ../../apps/lua/scripts/auth_server/auth_service.lua:19  
1	9	1	table
20211213 10:58:38 DEBUG ../../apps/lua/scripts/auth_server/uname_login.lua:46  
1	ysb1
20211213 11:01:32 DEBUG ../../apps/lua/scripts/auth_server/auth_service.lua:19  
1	4	1	nil
20211213 11:02:53 DEBUG ../../apps/lua/scripts/auth_server/auth_service.lua:19  
1	9	2	table
20211213 11:02:53 DEBUG ../../apps/lua/scripts/auth_server/uname_login.lua:46  
1	ysb1
20211213 11:04:22 DEBUG ../../apps/lua/scripts/auth_server/auth_service.lua:19  
1	4	1	nil
