20211116 09:25:13 DEBUG ../../apps/lua/scripts/auth_server/main.lua:28  
Auth Server Start at 8000
20211116 09:25:13 DEBUG ../../apps/lua/scripts/auth_server/main.lua:35  
register Auth service:[1] success!!!
20211116 09:25:13 DEBUG ../../apps/lua/scripts/database/mysql_auth_center.lua:14  
connect to auth center db success
20211116 10:02:16 DEBUG ../../apps/lua/scripts/auth_server/auth_service.lua:10  
1	1	1	YAkVE2l0r1vL7dXjwBKpG4XynAIgRqI0
20211116 10:02:16 DEBUG ../../apps/lua/scripts/auth_server/guest.lua:49  
1	gst716821
20211116 11:22:00 DEBUG ../../apps/lua/scripts/auth_server/auth_service.lua:10  
1	1	2	fgwnKEsaexkDpdfAEqcYUe5nWXlzproE
20211116 11:22:00 DEBUG ../../apps/lua/scripts/auth_server/guest.lua:49  
1	gst566224
20211116 11:23:04 DEBUG ../../apps/lua/scripts/auth_server/auth_service.lua:10  
1	1	3	krTQuCRqLzpieC0AbN8EVVCliKtLQHGU
20211116 11:23:04 DEBUG ../../apps/lua/scripts/auth_server/guest.lua:49  
2	gst702045
20211116 11:24:06 DEBUG ../../apps/lua/scripts/auth_server/auth_service.lua:10  
1	1	4	CpaSlCEaPB5Uwy85luTyAK4Ex0m0jR4j
20211116 11:24:06 DEBUG ../../apps/lua/scripts/auth_server/guest.lua:49  
3	gst381670
20211116 11:28:27 DEBUG ../../apps/lua/scripts/auth_server/auth_service.lua:10  
1	1	5	qk3jnfxOT8LHxxWXUdkpIa4UBByILGnd
20211116 11:28:27 DEBUG ../../apps/lua/scripts/auth_server/guest.lua:49  
4	gst596379
20211116 11:29:48 DEBUG ../../apps/lua/scripts/auth_server/auth_service.lua:10  
1	1	6	RcWygQ7vKxdgk7Dhxy2yVR3RyB5DiiNR
20211116 11:29:48 DEBUG ../../apps/lua/scripts/auth_server/guest.lua:49  
5	gst631728
20211116 11:31:03 DEBUG ../../apps/lua/scripts/auth_server/auth_service.lua:10  
1	1	7	Q8jEpHXYGj2dPd8OjRJB7H6JD9WY607U
20211116 11:31:03 DEBUG ../../apps/lua/scripts/auth_server/guest.lua:49  
6	gst147958
20211116 11:32:25 DEBUG ../../apps/lua/scripts/auth_server/auth_service.lua:10  
1	1	8	7D0aQUBuks42kqeYY1GgqVwkoXQexhIm
20211116 11:32:25 DEBUG ../../apps/lua/scripts/auth_server/guest.lua:49  
7	gst586976
20211116 11:37:47 DEBUG ../../apps/lua/scripts/auth_server/auth_service.lua:10  
1	1	9	u1fjRLLFr5F2xRrrQ8hpxNqs3xM2EOOI
20211116 11:37:47 DEBUG ../../apps/lua/scripts/auth_server/guest.lua:49  
8	gst449607
20211116 11:41:11 DEBUG ../../apps/lua/scripts/auth_server/auth_service.lua:10  
1	1	10	mhUHERlOcdsra2qwvXbdapnBFTrU3mvJ
20211116 11:41:11 DEBUG ../../apps/lua/scripts/auth_server/guest.lua:49  
9	gst227367
20211116 11:42:21 DEBUG ../../apps/lua/scripts/auth_server/auth_service.lua:10  
1	1	11	TNflBN5aksBTXdRLsWps4YCXTGUwasSV
20211116 11:42:21 DEBUG ../../apps/lua/scripts/auth_server/guest.lua:49  
10	gst390578
20211116 11:43:05 DEBUG ../../apps/lua/scripts/auth_server/auth_service.lua:10  
1	1	12	I8f04KBktDCWbmCHWPSCimCdlfpA6Cbq
20211116 11:43:05 DEBUG ../../apps/lua/scripts/auth_server/guest.lua:49  
11	gst588194
20211116 11:55:11 DEBUG ../../apps/lua/scripts/auth_server/main.lua:28  
Auth Server Start at 8000
20211116 11:55:11 DEBUG ../../apps/lua/scripts/auth_server/main.lua:35  
register Auth service:[1] success!!!
20211116 11:55:11 DEBUG ../../apps/lua/scripts/database/mysql_auth_center.lua:14  
connect to auth center db success
20211116 11:56:09 DEBUG ../../apps/lua/scripts/auth_server/auth_service.lua:10  
1	1	1	rk5l7sngHhtRTo8DayMjyAhwOo76eF3k
20211116 11:56:09 DEBUG ../../apps/lua/scripts/auth_server/guest.lua:49  
1	gst521219
20211116 11:56:35 DEBUG ../../apps/lua/scripts/auth_server/auth_service.lua:10  
1	1	2	WUb2dyBz3jmRRcLpxe2eK7yOWuMYySv6
20211116 11:56:35 DEBUG ../../apps/lua/scripts/auth_server/guest.lua:49  
2	gst359705
20211116 11:59:49 DEBUG ../../apps/lua/scripts/auth_server/auth_service.lua:10  
1	1	3	
20211116 11:59:49 DEBUG ../../apps/lua/scripts/auth_server/guest.lua:49  
1	gst597160
20211116 13:47:52 DEBUG ../../apps/lua/scripts/auth_server/main.lua:28  
Auth Server Start at 8000
20211116 13:47:52 DEBUG ../../apps/lua/scripts/auth_server/main.lua:35  
register Auth service:[1] success!!!
20211116 13:47:52 DEBUG ../../apps/lua/scripts/database/mysql_auth_center.lua:14  
connect to auth center db success
20211116 13:48:05 DEBUG ../../apps/lua/scripts/auth_server/auth_service.lua:10  
1	1	1	t47qsQD6VM5hAzpOelFkrCYYe8NnsKJB
20211116 13:48:05 DEBUG ../../apps/lua/scripts/auth_server/guest.lua:49  
1	gst565941
20211116 13:48:22 DEBUG ../../apps/lua/scripts/auth_server/auth_service.lua:10  
1	1	2	t47qsQD6VM5hAzpOelFkrCYYe8NnsKJB
20211116 13:48:22 DEBUG ../../apps/lua/scripts/auth_server/guest.lua:49  
1	gst565941
20211116 14:14:38 DEBUG ../../apps/lua/scripts/auth_server/auth_service.lua:10  
1	1	3	t47qsQD6VM5hAzpOelFkrCYYe8NnsKJB
20211116 14:14:38 DEBUG ../../apps/lua/scripts/auth_server/guest.lua:49  
1	gst565941
20211116 14:15:05 DEBUG ../../apps/lua/scripts/auth_server/auth_service.lua:10  
1	1	4	t47qsQD6VM5hAzpOelFkrCYYe8NnsKJB
20211116 14:15:05 DEBUG ../../apps/lua/scripts/auth_server/guest.lua:49  
1	gst565941
20211116 14:15:33 DEBUG ../../apps/lua/scripts/auth_server/auth_service.lua:10  
1	1	5	t47qsQD6VM5hAzpOelFkrCYYe8NnsKJB
20211116 14:15:33 DEBUG ../../apps/lua/scripts/auth_server/guest.lua:49  
1	gst565941
20211116 14:21:46 DEBUG ../../apps/lua/scripts/auth_server/main.lua:28  
Auth Server Start at 8000
20211116 14:21:46 DEBUG ../../apps/lua/scripts/auth_server/main.lua:35  
register Auth service:[1] success!!!
20211116 14:21:46 DEBUG ../../apps/lua/scripts/database/mysql_auth_center.lua:14  
connect to auth center db success
20211116 14:22:03 DEBUG ../../apps/lua/scripts/auth_server/auth_service.lua:10  
1	1	1	t47qsQD6VM5hAzpOelFkrCYYe8NnsKJB
20211116 14:22:03 DEBUG ../../apps/lua/scripts/auth_server/guest.lua:58  
1	gst565941
20211116 15:58:17 DEBUG ../../apps/lua/scripts/auth_server/auth_service.lua:10  
1	1	2	t47qsQD6VM5hAzpOelFkrCYYe8NnsKJB
20211116 15:58:17 DEBUG ../../apps/lua/scripts/auth_server/guest.lua:58  
1	gst565941
20211116 15:59:21 DEBUG ../../apps/lua/scripts/auth_server/auth_service.lua:10  
1	1	3	t47qsQD6VM5hAzpOelFkrCYYe8NnsKJB
20211116 15:59:21 DEBUG ../../apps/lua/scripts/auth_server/guest.lua:58  
1	gst565941
20211116 15:59:46 DEBUG ../../apps/lua/scripts/auth_server/auth_service.lua:10  
1	1	4	t47qsQD6VM5hAzpOelFkrCYYe8NnsKJB
20211116 15:59:46 DEBUG ../../apps/lua/scripts/auth_server/guest.lua:58  
1	gst565941
20211116 16:28:27 DEBUG ../../apps/lua/scripts/auth_server/auth_service.lua:10  
1	1	5	t47qsQD6VM5hAzpOelFkrCYYe8NnsKJB
20211116 16:28:27 DEBUG ../../apps/lua/scripts/auth_server/guest.lua:58  
1	gst565941
20211116 16:29:27 DEBUG ../../apps/lua/scripts/auth_server/auth_service.lua:10  
1	1	6	t47qsQD6VM5hAzpOelFkrCYYe8NnsKJB
20211116 16:29:27 DEBUG ../../apps/lua/scripts/auth_server/guest.lua:58  
1	gst565941
20211116 16:30:12 DEBUG ../../apps/lua/scripts/auth_server/auth_service.lua:10  
1	1	7	t47qsQD6VM5hAzpOelFkrCYYe8NnsKJB
20211116 16:30:12 DEBUG ../../apps/lua/scripts/auth_server/guest.lua:58  
1	gst565941
20211116 16:33:55 DEBUG ../../apps/lua/scripts/auth_server/auth_service.lua:10  
1	1	8	t47qsQD6VM5hAzpOelFkrCYYe8NnsKJB
20211116 16:33:55 DEBUG ../../apps/lua/scripts/auth_server/guest.lua:58  
1	gst565941
20211116 16:34:31 DEBUG ../../apps/lua/scripts/auth_server/auth_service.lua:10  
1	1	9	t47qsQD6VM5hAzpOelFkrCYYe8NnsKJB
20211116 16:34:31 DEBUG ../../apps/lua/scripts/auth_server/guest.lua:58  
1	gst565941
20211116 16:36:03 DEBUG ../../apps/lua/scripts/auth_server/auth_service.lua:10  
1	1	10	t47qsQD6VM5hAzpOelFkrCYYe8NnsKJB
20211116 16:36:03 DEBUG ../../apps/lua/scripts/auth_server/guest.lua:58  
1	gst565941
20211116 16:38:48 DEBUG ../../apps/lua/scripts/auth_server/auth_service.lua:10  
1	1	11	t47qsQD6VM5hAzpOelFkrCYYe8NnsKJB
20211116 16:38:48 DEBUG ../../apps/lua/scripts/auth_server/guest.lua:58  
1	gst565941
20211116 16:43:07 DEBUG ../../apps/lua/scripts/auth_server/auth_service.lua:10  
1	1	12	t47qsQD6VM5hAzpOelFkrCYYe8NnsKJB
20211116 16:43:07 DEBUG ../../apps/lua/scripts/auth_server/guest.lua:58  
1	gst565941
20211116 17:55:05 DEBUG ../../apps/lua/scripts/auth_server/auth_service.lua:10  
1	1	13	t47qsQD6VM5hAzpOelFkrCYYe8NnsKJB
20211116 17:55:05 DEBUG ../../apps/lua/scripts/auth_server/guest.lua:58  
1	gst565941
