20211124 10:28:26 DEBUG ../../apps/lua/scripts/auth_server/main.lua:28  
Auth Server Start at 8000
20211124 10:28:26 DEBUG ../../apps/lua/scripts/auth_server/main.lua:35  
register Auth service:[1] success!!!
20211124 10:28:26 DEBUG ../../apps/lua/scripts/database/redis_center.lua:18  
connect to redis center db success
20211124 10:28:27 DEBUG ../../apps/lua/scripts/database/mysql_auth_center.lua:14  
connect to auth center db success
20211124 10:28:42 DEBUG ../../apps/lua/scripts/auth_server/auth_service.lua:19  
1	9	1	table
20211124 10:28:42 DEBUG ../../apps/lua/scripts/auth_server/uname_login.lua:46  
1	ysb1
20211124 10:28:42 DEBUG ../../apps/lua/scripts/database/redis_center.lua:39  
hmset moba_auth_center_user_uid_1 unick ysb1 usex 0 uface 6 uvip 0 is_guest 0
20211124 10:29:06 DEBUG ../../apps/lua/scripts/auth_server/auth_service.lua:19  
1	4	1	nil
20211124 10:29:29 DEBUG ../../apps/lua/scripts/auth_server/auth_service.lua:19  
1	9	2	table
20211124 10:29:29 DEBUG ../../apps/lua/scripts/auth_server/uname_login.lua:46  
1	ysb1
20211124 10:29:29 DEBUG ../../apps/lua/scripts/database/redis_center.lua:39  
hmset moba_auth_center_user_uid_1 unick ysb1 usex 0 uface 6 uvip 0 is_guest 0
20211124 10:30:03 DEBUG ../../apps/lua/scripts/auth_server/auth_service.lua:19  
1	4	1	nil
20211124 10:34:03 DEBUG ../../apps/lua/scripts/auth_server/auth_service.lua:19  
1	9	3	table
20211124 10:34:03 DEBUG ../../apps/lua/scripts/auth_server/uname_login.lua:46  
1	ysb1
20211124 10:34:03 DEBUG ../../apps/lua/scripts/database/redis_center.lua:39  
hmset moba_auth_center_user_uid_1 unick ysb1 usex 0 uface 6 uvip 0 is_guest 0
20211124 10:34:27 DEBUG ../../apps/lua/scripts/auth_server/auth_service.lua:19  
1	4	1	nil
20211124 11:38:31 DEBUG ../../apps/lua/scripts/auth_server/main.lua:28  
Auth Server Start at 8000
20211124 11:38:31 DEBUG ../../apps/lua/scripts/auth_server/main.lua:35  
register Auth service:[1] success!!!
20211124 11:38:31 DEBUG ../../apps/lua/scripts/database/redis_center.lua:18  
connect to redis center db success
20211124 11:38:31 DEBUG ../../apps/lua/scripts/database/mysql_auth_center.lua:14  
connect to auth center db success
20211124 11:55:24 DEBUG ../../apps/lua/scripts/auth_server/main.lua:28  
Auth Server Start at 8000
20211124 11:55:24 DEBUG ../../apps/lua/scripts/auth_server/main.lua:35  
register Auth service:[1] success!!!
20211124 11:55:24 DEBUG ../../apps/lua/scripts/database/redis_center.lua:18  
connect to redis center db success
20211124 11:55:24 DEBUG ../../apps/lua/scripts/database/mysql_auth_center.lua:14  
connect to auth center db success
20211124 11:56:07 DEBUG ../../apps/lua/scripts/auth_server/auth_service.lua:19  
1	9	1	table
20211124 11:56:07 DEBUG ../../apps/lua/scripts/auth_server/uname_login.lua:46  
1	ysb1
20211124 11:56:07 DEBUG ../../apps/lua/scripts/database/redis_center.lua:39  
hmset moba_auth_center_user_uid_1 unick ysb1 usex 0 uface 6 uvip 0 is_guest 0
20211124 11:57:41 DEBUG ../../apps/lua/scripts/auth_server/auth_service.lua:19  
1	4	1	nil
20211124 11:57:55 DEBUG ../../apps/lua/scripts/auth_server/auth_service.lua:19  
1	9	2	table
20211124 11:57:55 DEBUG ../../apps/lua/scripts/auth_server/uname_login.lua:46  
1	ysb1
20211124 11:57:55 DEBUG ../../apps/lua/scripts/database/redis_center.lua:39  
hmset moba_auth_center_user_uid_1 unick ysb1 usex 0 uface 6 uvip 0 is_guest 0
20211124 11:59:19 DEBUG ../../apps/lua/scripts/auth_server/auth_service.lua:19  
1	4	1	nil
20211124 11:59:27 DEBUG ../../apps/lua/scripts/auth_server/auth_service.lua:19  
1	9	3	table
20211124 11:59:27 DEBUG ../../apps/lua/scripts/auth_server/uname_login.lua:46  
1	ysb1
20211124 11:59:27 DEBUG ../../apps/lua/scripts/database/redis_center.lua:39  
hmset moba_auth_center_user_uid_1 unick ysb1 usex 0 uface 6 uvip 0 is_guest 0
20211124 12:00:03 DEBUG ../../apps/lua/scripts/auth_server/auth_service.lua:19  
1	4	1	nil
20211124 12:00:15 DEBUG ../../apps/lua/scripts/auth_server/auth_service.lua:19  
1	9	4	table
20211124 12:00:15 DEBUG ../../apps/lua/scripts/auth_server/uname_login.lua:46  
1	ysb1
20211124 12:00:15 DEBUG ../../apps/lua/scripts/database/redis_center.lua:39  
hmset moba_auth_center_user_uid_1 unick ysb1 usex 0 uface 6 uvip 0 is_guest 0
20211124 12:08:57 DEBUG ../../apps/lua/scripts/auth_server/auth_service.lua:19  
1	4	1	nil
20211124 13:51:50 DEBUG ../../apps/lua/scripts/auth_server/main.lua:28  
Auth Server Start at 8000
20211124 13:51:50 DEBUG ../../apps/lua/scripts/auth_server/main.lua:35  
register Auth service:[1] success!!!
20211124 13:51:50 DEBUG ../../apps/lua/scripts/database/redis_center.lua:26  
connect to redis center db success
20211124 13:51:50 DEBUG ../../apps/lua/scripts/database/mysql_auth_center.lua:22  
connect to auth center db success
20211124 13:52:01 DEBUG ../../apps/lua/scripts/auth_server/auth_service.lua:19  
1	1	1	table
20211124 13:52:01 DEBUG ../../apps/lua/scripts/auth_server/guest.lua:61  
4	gst758648
20211124 13:52:01 DEBUG ../../apps/lua/scripts/database/redis_center.lua:47  
hmset moba_auth_center_user_uid_4 unick gst758648 usex 0 uface 9 uvip 0 is_guest 1
20211124 13:52:03 DEBUG ../../apps/lua/scripts/auth_server/auth_service.lua:19  
1	11	4	nil
20211124 13:52:03 DEBUG ../../apps/lua/scripts/auth_server/login_out.lua:9  
user4 login out
20211124 13:52:04 DEBUG ../../apps/lua/scripts/auth_server/auth_service.lua:19  
1	1	2	table
20211124 13:52:04 DEBUG ../../apps/lua/scripts/auth_server/guest.lua:61  
5	gst913313
20211124 13:52:04 DEBUG ../../apps/lua/scripts/database/redis_center.lua:47  
hmset moba_auth_center_user_uid_5 unick gst913313 usex 1 uface 1 uvip 0 is_guest 1
20211124 13:52:06 DEBUG ../../apps/lua/scripts/auth_server/auth_service.lua:19  
1	11	5	nil
20211124 13:52:06 DEBUG ../../apps/lua/scripts/auth_server/login_out.lua:9  
user5 login out
20211124 13:52:08 DEBUG ../../apps/lua/scripts/auth_server/auth_service.lua:19  
1	1	3	table
20211124 13:52:08 DEBUG ../../apps/lua/scripts/auth_server/guest.lua:61  
6	gst561672
20211124 13:52:08 DEBUG ../../apps/lua/scripts/database/redis_center.lua:47  
hmset moba_auth_center_user_uid_6 unick gst561672 usex 0 uface 3 uvip 0 is_guest 1
20211124 13:52:09 DEBUG ../../apps/lua/scripts/auth_server/auth_service.lua:19  
1	11	6	nil
20211124 13:52:09 DEBUG ../../apps/lua/scripts/auth_server/login_out.lua:9  
user6 login out
20211124 13:52:10 DEBUG ../../apps/lua/scripts/auth_server/auth_service.lua:19  
1	1	4	table
20211124 13:52:10 DEBUG ../../apps/lua/scripts/auth_server/guest.lua:61  
7	gst308918
20211124 13:52:10 DEBUG ../../apps/lua/scripts/database/redis_center.lua:47  
hmset moba_auth_center_user_uid_7 unick gst308918 usex 1 uface 1 uvip 0 is_guest 1
20211124 13:52:12 DEBUG ../../apps/lua/scripts/auth_server/auth_service.lua:19  
1	11	7	nil
20211124 13:52:12 DEBUG ../../apps/lua/scripts/auth_server/login_out.lua:9  
user7 login out
20211124 13:52:13 DEBUG ../../apps/lua/scripts/auth_server/auth_service.lua:19  
1	1	5	table
20211124 13:52:13 DEBUG ../../apps/lua/scripts/auth_server/guest.lua:61  
8	gst535130
20211124 13:52:13 DEBUG ../../apps/lua/scripts/database/redis_center.lua:47  
hmset moba_auth_center_user_uid_8 unick gst535130 usex 0 uface 9 uvip 0 is_guest 1
20211124 13:52:15 DEBUG ../../apps/lua/scripts/auth_server/auth_service.lua:19  
1	11	8	nil
20211124 13:52:15 DEBUG ../../apps/lua/scripts/auth_server/login_out.lua:9  
user8 login out
20211124 13:52:16 DEBUG ../../apps/lua/scripts/auth_server/auth_service.lua:19  
1	1	6	table
20211124 13:52:16 DEBUG ../../apps/lua/scripts/auth_server/guest.lua:61  
9	gst104163
20211124 13:52:16 DEBUG ../../apps/lua/scripts/database/redis_center.lua:47  
hmset moba_auth_center_user_uid_9 unick gst104163 usex 0 uface 2 uvip 0 is_guest 1
20211124 13:52:17 DEBUG ../../apps/lua/scripts/auth_server/auth_service.lua:19  
1	11	9	nil
20211124 13:52:17 DEBUG ../../apps/lua/scripts/auth_server/login_out.lua:9  
user9 login out
20211124 13:52:19 DEBUG ../../apps/lua/scripts/auth_server/auth_service.lua:19  
1	1	7	table
20211124 13:52:19 DEBUG ../../apps/lua/scripts/auth_server/guest.lua:61  
10	gst600358
20211124 13:52:19 DEBUG ../../apps/lua/scripts/database/redis_center.lua:47  
hmset moba_auth_center_user_uid_10 unick gst600358 usex 1 uface 2 uvip 0 is_guest 1
20211124 13:52:20 DEBUG ../../apps/lua/scripts/auth_server/auth_service.lua:19  
1	11	10	nil
20211124 13:52:20 DEBUG ../../apps/lua/scripts/auth_server/login_out.lua:9  
user10 login out
20211124 13:52:23 DEBUG ../../apps/lua/scripts/auth_server/auth_service.lua:19  
1	1	8	table
20211124 13:52:23 DEBUG ../../apps/lua/scripts/auth_server/guest.lua:61  
11	gst382469
20211124 13:52:23 DEBUG ../../apps/lua/scripts/database/redis_center.lua:47  
hmset moba_auth_center_user_uid_11 unick gst382469 usex 0 uface 5 uvip 0 is_guest 1
20211124 13:52:24 DEBUG ../../apps/lua/scripts/auth_server/auth_service.lua:19  
1	11	11	nil
20211124 13:52:24 DEBUG ../../apps/lua/scripts/auth_server/login_out.lua:9  
user11 login out
20211124 13:52:26 DEBUG ../../apps/lua/scripts/auth_server/auth_service.lua:19  
1	1	9	table
20211124 13:52:26 DEBUG ../../apps/lua/scripts/auth_server/guest.lua:61  
12	gst928046
20211124 13:52:26 DEBUG ../../apps/lua/scripts/database/redis_center.lua:47  
hmset moba_auth_center_user_uid_12 unick gst928046 usex 1 uface 8 uvip 0 is_guest 1
20211124 13:52:27 DEBUG ../../apps/lua/scripts/auth_server/auth_service.lua:19  
1	11	12	nil
20211124 13:52:27 DEBUG ../../apps/lua/scripts/auth_server/login_out.lua:9  
user12 login out
20211124 13:52:29 DEBUG ../../apps/lua/scripts/auth_server/auth_service.lua:19  
1	1	10	table
20211124 13:52:29 DEBUG ../../apps/lua/scripts/auth_server/guest.lua:61  
13	gst709277
20211124 13:52:29 DEBUG ../../apps/lua/scripts/database/redis_center.lua:47  
hmset moba_auth_center_user_uid_13 unick gst709277 usex 1 uface 6 uvip 0 is_guest 1
20211124 13:52:30 DEBUG ../../apps/lua/scripts/auth_server/auth_service.lua:19  
1	11	13	nil
20211124 13:52:30 DEBUG ../../apps/lua/scripts/auth_server/login_out.lua:9  
user13 login out
20211124 13:52:32 DEBUG ../../apps/lua/scripts/auth_server/auth_service.lua:19  
1	1	11	table
20211124 13:52:32 DEBUG ../../apps/lua/scripts/auth_server/guest.lua:61  
14	gst554093
20211124 13:52:32 DEBUG ../../apps/lua/scripts/database/redis_center.lua:47  
hmset moba_auth_center_user_uid_14 unick gst554093 usex 1 uface 7 uvip 0 is_guest 1
20211124 13:52:33 DEBUG ../../apps/lua/scripts/auth_server/auth_service.lua:19  
1	11	14	nil
20211124 13:52:33 DEBUG ../../apps/lua/scripts/auth_server/login_out.lua:9  
user14 login out
20211124 14:42:44 DEBUG ../../apps/lua/scripts/auth_server/main.lua:28  
Auth Server Start at 8000
20211124 14:42:44 DEBUG ../../apps/lua/scripts/auth_server/main.lua:35  
register Auth service:[1] success!!!
20211124 14:42:44 DEBUG ../../apps/lua/scripts/database/redis_center.lua:26  
connect to redis center db success
20211124 14:42:44 DEBUG ../../apps/lua/scripts/database/mysql_auth_center.lua:22  
connect to auth center db success
20211124 14:43:04 DEBUG ../../apps/lua/scripts/auth_server/auth_service.lua:19  
1	9	1	table
20211124 14:43:04 DEBUG ../../apps/lua/scripts/auth_server/uname_login.lua:46  
1	ysb1
20211124 14:43:04 DEBUG ../../apps/lua/scripts/database/redis_center.lua:47  
hmset moba_auth_center_user_uid_1 unick ysb1 usex 0 uface 6 uvip 0 is_guest 0
20211124 14:49:03 DEBUG ../../apps/lua/scripts/auth_server/auth_service.lua:19  
1	4	1	nil
20211124 14:49:19 DEBUG ../../apps/lua/scripts/auth_server/auth_service.lua:19  
1	9	2	table
20211124 14:49:19 DEBUG ../../apps/lua/scripts/auth_server/uname_login.lua:46  
1	ysb1
20211124 14:49:19 DEBUG ../../apps/lua/scripts/database/redis_center.lua:47  
hmset moba_auth_center_user_uid_1 unick ysb1 usex 0 uface 6 uvip 0 is_guest 0
20211124 14:51:14 DEBUG ../../apps/lua/scripts/auth_server/auth_service.lua:19  
1	4	1	nil
20211124 14:51:26 DEBUG ../../apps/lua/scripts/auth_server/auth_service.lua:19  
1	9	3	table
20211124 14:51:26 DEBUG ../../apps/lua/scripts/auth_server/uname_login.lua:46  
1	ysb1
20211124 14:51:26 DEBUG ../../apps/lua/scripts/database/redis_center.lua:47  
hmset moba_auth_center_user_uid_1 unick ysb1 usex 0 uface 6 uvip 0 is_guest 0
20211124 14:51:51 DEBUG ../../apps/lua/scripts/auth_server/auth_service.lua:19  
1	4	1	nil
20211124 14:54:23 DEBUG ../../apps/lua/scripts/auth_server/auth_service.lua:19  
1	9	4	table
20211124 14:54:23 DEBUG ../../apps/lua/scripts/auth_server/uname_login.lua:46  
1	ysb1
20211124 14:54:23 DEBUG ../../apps/lua/scripts/database/redis_center.lua:47  
hmset moba_auth_center_user_uid_1 unick ysb1 usex 0 uface 6 uvip 0 is_guest 0
20211124 15:01:09 DEBUG ../../apps/lua/scripts/auth_server/auth_service.lua:19  
1	4	1	nil
20211124 15:01:21 DEBUG ../../apps/lua/scripts/auth_server/auth_service.lua:19  
1	9	5	table
20211124 15:01:21 DEBUG ../../apps/lua/scripts/auth_server/uname_login.lua:46  
1	ysb1
20211124 15:01:21 DEBUG ../../apps/lua/scripts/database/redis_center.lua:47  
hmset moba_auth_center_user_uid_1 unick ysb1 usex 0 uface 6 uvip 0 is_guest 0
20211124 15:04:21 DEBUG ../../apps/lua/scripts/auth_server/auth_service.lua:19  
1	4	1	nil
20211124 15:04:30 DEBUG ../../apps/lua/scripts/auth_server/auth_service.lua:19  
1	9	6	table
20211124 15:04:30 DEBUG ../../apps/lua/scripts/auth_server/uname_login.lua:46  
1	ysb1
20211124 15:04:30 DEBUG ../../apps/lua/scripts/database/redis_center.lua:47  
hmset moba_auth_center_user_uid_1 unick ysb1 usex 0 uface 6 uvip 0 is_guest 0
20211124 15:06:14 DEBUG ../../apps/lua/scripts/auth_server/auth_service.lua:19  
1	4	1	nil
20211124 15:06:23 DEBUG ../../apps/lua/scripts/auth_server/auth_service.lua:19  
1	9	7	table
20211124 15:06:23 DEBUG ../../apps/lua/scripts/auth_server/uname_login.lua:46  
1	ysb1
20211124 15:06:23 DEBUG ../../apps/lua/scripts/database/redis_center.lua:47  
hmset moba_auth_center_user_uid_1 unick ysb1 usex 0 uface 6 uvip 0 is_guest 0
20211124 15:08:04 DEBUG ../../apps/lua/scripts/auth_server/auth_service.lua:19  
1	4	1	nil
20211124 15:08:15 DEBUG ../../apps/lua/scripts/auth_server/auth_service.lua:19  
1	9	8	table
20211124 15:08:15 DEBUG ../../apps/lua/scripts/auth_server/uname_login.lua:46  
1	ysb1
20211124 15:08:15 DEBUG ../../apps/lua/scripts/database/redis_center.lua:47  
hmset moba_auth_center_user_uid_1 unick ysb1 usex 0 uface 6 uvip 0 is_guest 0
20211124 15:09:17 DEBUG ../../apps/lua/scripts/auth_server/auth_service.lua:19  
1	4	1	nil
20211124 15:09:24 DEBUG ../../apps/lua/scripts/auth_server/auth_service.lua:19  
1	9	9	table
20211124 15:09:24 DEBUG ../../apps/lua/scripts/auth_server/uname_login.lua:46  
1	ysb1
20211124 15:09:24 DEBUG ../../apps/lua/scripts/database/redis_center.lua:47  
hmset moba_auth_center_user_uid_1 unick ysb1 usex 0 uface 6 uvip 0 is_guest 0
20211124 15:38:46 DEBUG ../../apps/lua/scripts/auth_server/main.lua:28  
Auth Server Start at 8000
20211124 15:38:46 DEBUG ../../apps/lua/scripts/auth_server/main.lua:35  
register Auth service:[1] success!!!
20211124 15:38:46 DEBUG ../../apps/lua/scripts/database/redis_center.lua:26  
connect to redis center db success
20211124 15:38:47 DEBUG ../../apps/lua/scripts/database/mysql_auth_center.lua:22  
connect to auth center db success
20211124 15:39:29 DEBUG ../../apps/lua/scripts/auth_server/auth_service.lua:19  
1	9	1	table
20211124 15:39:29 DEBUG ../../apps/lua/scripts/auth_server/uname_login.lua:46  
1	ysb1
20211124 16:29:05 DEBUG ../../apps/lua/scripts/auth_server/auth_service.lua:19  
1	4	1	nil
20211124 16:42:27 DEBUG ../../apps/lua/scripts/auth_server/auth_service.lua:19  
1	9	2	table
20211124 16:42:27 DEBUG ../../apps/lua/scripts/auth_server/uname_login.lua:46  
1	ysb1
20211124 16:42:48 DEBUG ../../apps/lua/scripts/auth_server/auth_service.lua:19  
1	4	1	nil
20211124 16:43:22 DEBUG ../../apps/lua/scripts/auth_server/auth_service.lua:19  
1	9	3	table
20211124 16:43:22 DEBUG ../../apps/lua/scripts/auth_server/uname_login.lua:46  
1	ysb1
20211124 16:44:17 DEBUG ../../apps/lua/scripts/auth_server/auth_service.lua:19  
1	4	1	nil
20211124 16:44:42 DEBUG ../../apps/lua/scripts/auth_server/auth_service.lua:19  
1	9	4	table
20211124 16:44:42 DEBUG ../../apps/lua/scripts/auth_server/uname_login.lua:46  
1	ysb1
20211124 16:45:37 DEBUG ../../apps/lua/scripts/auth_server/auth_service.lua:19  
1	4	1	nil
20211124 17:18:20 DEBUG ../../apps/lua/scripts/auth_server/main.lua:28  
Auth Server Start at 8000
20211124 17:18:20 DEBUG ../../apps/lua/scripts/auth_server/main.lua:35  
register Auth service:[1] success!!!
20211124 17:18:20 DEBUG ../../apps/lua/scripts/database/redis_center.lua:26  
connect to redis center db success
20211124 17:18:20 DEBUG ../../apps/lua/scripts/database/mysql_auth_center.lua:22  
connect to auth center db success
20211124 17:18:39 DEBUG ../../apps/lua/scripts/auth_server/auth_service.lua:19  
1	9	1	table
20211124 17:18:39 DEBUG ../../apps/lua/scripts/auth_server/uname_login.lua:46  
1	ysb1
20211124 17:19:13 DEBUG ../../apps/lua/scripts/auth_server/auth_service.lua:19  
1	4	1	nil
20211124 17:19:34 DEBUG ../../apps/lua/scripts/auth_server/auth_service.lua:19  
1	9	2	table
20211124 17:19:34 DEBUG ../../apps/lua/scripts/auth_server/uname_login.lua:46  
1	ysb1
20211124 17:21:19 DEBUG ../../apps/lua/scripts/auth_server/auth_service.lua:19  
1	4	1	nil
20211124 17:21:31 DEBUG ../../apps/lua/scripts/auth_server/auth_service.lua:19  
1	9	3	table
20211124 17:21:31 DEBUG ../../apps/lua/scripts/auth_server/uname_login.lua:46  
1	ysb1
20211124 17:24:17 DEBUG ../../apps/lua/scripts/auth_server/auth_service.lua:19  
1	4	1	nil
20211124 17:24:28 DEBUG ../../apps/lua/scripts/auth_server/auth_service.lua:19  
1	9	4	table
20211124 17:24:28 DEBUG ../../apps/lua/scripts/auth_server/uname_login.lua:46  
1	ysb1
20211124 17:26:19 DEBUG ../../apps/lua/scripts/auth_server/auth_service.lua:19  
1	4	1	nil
20211124 17:28:41 DEBUG ../../apps/lua/scripts/auth_server/auth_service.lua:19  
1	9	5	table
20211124 17:28:41 DEBUG ../../apps/lua/scripts/auth_server/uname_login.lua:46  
1	ysb1
20211124 17:31:11 DEBUG ../../apps/lua/scripts/auth_server/auth_service.lua:19  
1	4	1	nil
20211124 17:31:26 DEBUG ../../apps/lua/scripts/auth_server/auth_service.lua:19  
1	9	6	table
20211124 17:31:26 DEBUG ../../apps/lua/scripts/auth_server/uname_login.lua:46  
1	ysb1
20211124 17:31:44 DEBUG ../../apps/lua/scripts/auth_server/auth_service.lua:19  
1	4	1	nil
20211124 17:33:59 DEBUG ../../apps/lua/scripts/auth_server/auth_service.lua:19  
1	9	7	table
20211124 17:33:59 DEBUG ../../apps/lua/scripts/auth_server/uname_login.lua:46  
1	ysb1
20211124 17:34:39 DEBUG ../../apps/lua/scripts/auth_server/auth_service.lua:19  
1	4	1	nil
20211124 17:36:49 DEBUG ../../apps/lua/scripts/auth_server/auth_service.lua:19  
1	9	8	table
20211124 17:36:49 DEBUG ../../apps/lua/scripts/auth_server/uname_login.lua:46  
1	ysb1
20211124 17:37:13 DEBUG ../../apps/lua/scripts/auth_server/auth_service.lua:19  
1	4	1	nil
20211124 17:37:58 DEBUG ../../apps/lua/scripts/auth_server/auth_service.lua:19  
1	9	9	table
20211124 17:37:58 DEBUG ../../apps/lua/scripts/auth_server/uname_login.lua:46  
1	ysb1
20211124 17:38:11 DEBUG ../../apps/lua/scripts/auth_server/auth_service.lua:19  
1	4	1	nil
20211124 17:38:42 DEBUG ../../apps/lua/scripts/auth_server/auth_service.lua:19  
1	9	10	table
20211124 17:38:42 DEBUG ../../apps/lua/scripts/auth_server/uname_login.lua:46  
1	ysb1
20211124 17:39:06 DEBUG ../../apps/lua/scripts/auth_server/auth_service.lua:19  
1	4	1	nil
20211124 17:41:56 DEBUG ../../apps/lua/scripts/auth_server/auth_service.lua:19  
1	9	11	table
20211124 17:41:56 DEBUG ../../apps/lua/scripts/auth_server/uname_login.lua:46  
1	ysb1
20211124 17:42:31 DEBUG ../../apps/lua/scripts/auth_server/auth_service.lua:19  
1	4	1	nil
20211124 17:46:47 DEBUG ../../apps/lua/scripts/auth_server/auth_service.lua:19  
1	9	12	table
20211124 17:46:47 DEBUG ../../apps/lua/scripts/auth_server/uname_login.lua:46  
1	ysb1
20211124 17:47:18 DEBUG ../../apps/lua/scripts/auth_server/auth_service.lua:19  
1	4	1	nil
20211124 17:48:04 DEBUG ../../apps/lua/scripts/auth_server/auth_service.lua:19  
1	9	13	table
20211124 17:48:04 DEBUG ../../apps/lua/scripts/auth_server/uname_login.lua:46  
1	ysb1
20211124 17:48:08 DEBUG ../../apps/lua/scripts/auth_server/auth_service.lua:19  
1	9	13	table
20211124 17:48:08 DEBUG ../../apps/lua/scripts/auth_server/uname_login.lua:46  
1	ysb1
20211124 17:48:08 DEBUG ../../apps/lua/scripts/auth_server/auth_service.lua:19  
1	9	13	table
20211124 17:48:08 DEBUG ../../apps/lua/scripts/auth_server/uname_login.lua:46  
1	ysb1
20211124 17:48:08 DEBUG ../../apps/lua/scripts/auth_server/auth_service.lua:19  
1	9	13	table
20211124 17:48:08 DEBUG ../../apps/lua/scripts/auth_server/uname_login.lua:46  
1	ysb1
20211124 17:48:09 DEBUG ../../apps/lua/scripts/auth_server/auth_service.lua:19  
1	9	13	table
20211124 17:48:09 DEBUG ../../apps/lua/scripts/auth_server/uname_login.lua:46  
1	ysb1
20211124 17:48:09 DEBUG ../../apps/lua/scripts/auth_server/auth_service.lua:19  
1	9	13	table
20211124 17:48:09 DEBUG ../../apps/lua/scripts/auth_server/uname_login.lua:46  
1	ysb1
20211124 17:48:09 DEBUG ../../apps/lua/scripts/auth_server/auth_service.lua:19  
1	9	13	table
20211124 17:48:09 DEBUG ../../apps/lua/scripts/auth_server/uname_login.lua:46  
1	ysb1
20211124 17:48:09 DEBUG ../../apps/lua/scripts/auth_server/auth_service.lua:19  
1	9	13	table
20211124 17:48:09 DEBUG ../../apps/lua/scripts/auth_server/uname_login.lua:46  
1	ysb1
20211124 17:48:11 DEBUG ../../apps/lua/scripts/auth_server/auth_service.lua:19  
1	9	13	table
20211124 17:48:11 DEBUG ../../apps/lua/scripts/auth_server/uname_login.lua:46  
1	ysb1
20211124 17:48:11 DEBUG ../../apps/lua/scripts/auth_server/auth_service.lua:19  
1	9	13	table
20211124 17:48:11 DEBUG ../../apps/lua/scripts/auth_server/uname_login.lua:46  
1	ysb1
20211124 17:48:12 DEBUG ../../apps/lua/scripts/auth_server/auth_service.lua:19  
1	9	13	table
20211124 17:48:12 DEBUG ../../apps/lua/scripts/auth_server/uname_login.lua:46  
1	ysb1
20211124 17:48:13 DEBUG ../../apps/lua/scripts/auth_server/auth_service.lua:19  
1	9	13	table
20211124 17:48:13 DEBUG ../../apps/lua/scripts/auth_server/uname_login.lua:46  
1	ysb1
20211124 17:48:22 DEBUG ../../apps/lua/scripts/auth_server/auth_service.lua:19  
1	9	13	table
20211124 17:48:22 DEBUG ../../apps/lua/scripts/auth_server/uname_login.lua:46  
1	ysb1
20211124 17:49:14 DEBUG ../../apps/lua/scripts/auth_server/auth_service.lua:19  
1	4	1	nil
20211124 18:04:05 DEBUG ../../apps/lua/scripts/auth_server/main.lua:28  
Auth Server Start at 8000
20211124 18:04:05 DEBUG ../../apps/lua/scripts/auth_server/main.lua:35  
register Auth service:[1] success!!!
20211124 18:04:05 DEBUG ../../apps/lua/scripts/database/redis_center.lua:26  
connect to redis center db success
20211124 18:04:05 DEBUG ../../apps/lua/scripts/database/mysql_auth_center.lua:22  
connect to auth center db success
20211124 18:16:53 DEBUG ../../apps/lua/scripts/auth_server/main.lua:28  
Auth Server Start at 8000
20211124 18:16:53 DEBUG ../../apps/lua/scripts/auth_server/main.lua:35  
register Auth service:[1] success!!!
20211124 18:16:53 DEBUG ../../apps/lua/scripts/database/redis_center.lua:26  
connect to redis center db success
20211124 18:16:53 DEBUG ../../apps/lua/scripts/database/mysql_auth_center.lua:22  
connect to auth center db success
20211124 18:17:06 DEBUG ../../apps/lua/scripts/auth_server/auth_service.lua:19  
1	9	1	table
20211124 18:17:06 DEBUG ../../apps/lua/scripts/auth_server/uname_login.lua:46  
1	ysb1
20211124 18:17:32 DEBUG ../../apps/lua/scripts/auth_server/auth_service.lua:19  
1	4	1	nil
20211124 18:18:11 DEBUG ../../apps/lua/scripts/auth_server/auth_service.lua:19  
1	9	2	table
20211124 18:18:11 DEBUG ../../apps/lua/scripts/auth_server/uname_login.lua:46  
1	ysb1
20211124 18:19:25 DEBUG ../../apps/lua/scripts/auth_server/auth_service.lua:19  
1	4	1	nil
20211124 18:19:38 DEBUG ../../apps/lua/scripts/auth_server/auth_service.lua:19  
1	9	3	table
20211124 18:19:38 DEBUG ../../apps/lua/scripts/auth_server/uname_login.lua:46  
1	ysb1
20211124 18:20:21 DEBUG ../../apps/lua/scripts/auth_server/auth_service.lua:19  
1	4	1	nil
20211124 18:21:40 DEBUG ../../apps/lua/scripts/auth_server/auth_service.lua:19  
1	9	4	table
20211124 18:21:40 DEBUG ../../apps/lua/scripts/auth_server/uname_login.lua:46  
1	ysb1
20211124 18:22:01 DEBUG ../../apps/lua/scripts/auth_server/auth_service.lua:19  
1	4	1	nil
20211124 18:22:55 DEBUG ../../apps/lua/scripts/auth_server/main.lua:28  
Auth Server Start at 8000
20211124 18:22:55 DEBUG ../../apps/lua/scripts/auth_server/main.lua:35  
register Auth service:[1] success!!!
20211124 18:22:55 DEBUG ../../apps/lua/scripts/database/redis_center.lua:26  
connect to redis center db success
20211124 18:22:55 DEBUG ../../apps/lua/scripts/database/mysql_auth_center.lua:22  
connect to auth center db success
20211124 18:23:08 DEBUG ../../apps/lua/scripts/auth_server/auth_service.lua:19  
1	9	1	table
20211124 18:23:08 DEBUG ../../apps/lua/scripts/auth_server/uname_login.lua:46  
1	ysb1
20211124 18:25:44 DEBUG ../../apps/lua/scripts/auth_server/auth_service.lua:19  
1	4	1	nil
20211124 18:25:52 DEBUG ../../apps/lua/scripts/auth_server/auth_service.lua:19  
1	9	2	table
20211124 18:25:52 DEBUG ../../apps/lua/scripts/auth_server/uname_login.lua:46  
1	ysb1
20211124 18:32:37 DEBUG ../../apps/lua/scripts/auth_server/main.lua:28  
Auth Server Start at 8000
20211124 18:32:37 DEBUG ../../apps/lua/scripts/auth_server/main.lua:35  
register Auth service:[1] success!!!
20211124 18:32:37 DEBUG ../../apps/lua/scripts/database/redis_center.lua:26  
connect to redis center db success
20211124 18:32:37 DEBUG ../../apps/lua/scripts/database/mysql_auth_center.lua:22  
connect to auth center db success
20211124 18:32:58 DEBUG ../../apps/lua/scripts/auth_server/auth_service.lua:19  
1	9	1	table
20211124 18:32:58 DEBUG ../../apps/lua/scripts/auth_server/uname_login.lua:46  
1	ysb1
20211124 18:36:55 DEBUG ../../apps/lua/scripts/auth_server/auth_service.lua:19  
1	4	1	nil
20211124 18:37:03 DEBUG ../../apps/lua/scripts/auth_server/auth_service.lua:19  
1	9	2	table
20211124 18:37:03 DEBUG ../../apps/lua/scripts/auth_server/uname_login.lua:46  
1	ysb1
20211124 18:43:30 DEBUG ../../apps/lua/scripts/auth_server/main.lua:28  
Auth Server Start at 8000
20211124 18:43:30 DEBUG ../../apps/lua/scripts/auth_server/main.lua:35  
register Auth service:[1] success!!!
20211124 18:43:30 DEBUG ../../apps/lua/scripts/database/redis_center.lua:26  
connect to redis center db success
20211124 18:43:30 DEBUG ../../apps/lua/scripts/database/mysql_auth_center.lua:22  
connect to auth center db success
20211124 18:43:46 DEBUG ../../apps/lua/scripts/auth_server/auth_service.lua:19  
1	9	1	table
20211124 18:43:46 DEBUG ../../apps/lua/scripts/auth_server/uname_login.lua:46  
1	ysb1
20211124 18:45:37 DEBUG ../../apps/lua/scripts/auth_server/auth_service.lua:19  
1	4	1	nil
20211124 18:45:45 DEBUG ../../apps/lua/scripts/auth_server/auth_service.lua:19  
1	9	2	table
20211124 18:45:45 DEBUG ../../apps/lua/scripts/auth_server/uname_login.lua:46  
1	ysb1
20211124 18:46:08 DEBUG ../../apps/lua/scripts/auth_server/auth_service.lua:19  
1	4	1	nil
20211124 18:48:22 DEBUG ../../apps/lua/scripts/auth_server/main.lua:28  
Auth Server Start at 8000
20211124 18:48:22 DEBUG ../../apps/lua/scripts/auth_server/main.lua:35  
register Auth service:[1] success!!!
20211124 18:48:22 DEBUG ../../apps/lua/scripts/database/redis_center.lua:26  
connect to redis center db success
20211124 18:48:22 DEBUG ../../apps/lua/scripts/database/mysql_auth_center.lua:22  
connect to auth center db success
20211124 18:48:34 DEBUG ../../apps/lua/scripts/auth_server/auth_service.lua:19  
1	9	1	table
20211124 18:48:34 DEBUG ../../apps/lua/scripts/auth_server/uname_login.lua:46  
1	ysb1
20211124 18:49:06 DEBUG ../../apps/lua/scripts/auth_server/auth_service.lua:19  
1	4	1	nil
