20211029 10:40:17 DEBUG ../../apps/lua/scripts/auth_server/main.lua:13  
cmd_name_map
20211029 10:40:17 ERROR trunk:0  
../../apps/lua/scripts/auth_server/main.lua:23: attempt to index a nil value (global 'Stype')
20211029 10:40:54 DEBUG ../../apps/lua/scripts/auth_server/main.lua:13  
cmd_name_map
20211029 10:40:54 DEBUG ../../apps/lua/scripts/auth_server/main.lua:24  
Auth Server Start at 8000
20211029 10:40:54 DEBUG ../../apps/lua/scripts/auth_server/main.lua:30  
register auth_service:[1] success
20211029 10:44:51 DEBUG ../../apps/lua/scripts/auth_server/main.lua:13  
cmd_name_map
20211029 10:44:51 DEBUG ../../apps/lua/scripts/auth_server/main.lua:23  
Auth Server Start at 8000
20211029 10:44:51 DEBUG ../../apps/lua/scripts/auth_server/main.lua:29  
register auth_service:[1] success
20211029 15:59:37 DEBUG ../../apps/lua/scripts/auth_server/main.lua:22  
Auth Server Start at 8000
20211029 15:59:37 DEBUG ../../apps/lua/scripts/auth_server/main.lua:28  
register auth_service:[1] success
