20211125 09:49:21 DEBUG ../../apps/lua/scripts/auth_server/main.lua:28  
Auth Server Start at 8000
20211125 09:49:21 DEBUG ../../apps/lua/scripts/auth_server/main.lua:35  
register Auth service:[1] success!!!
20211125 09:49:21 DEBUG ../../apps/lua/scripts/database/redis_center.lua:26  
connect to redis center db success
20211125 09:49:21 DEBUG ../../apps/lua/scripts/database/mysql_auth_center.lua:22  
connect to auth center db success
20211125 09:50:17 DEBUG ../../apps/lua/scripts/auth_server/auth_service.lua:19  
1	9	1	table
20211125 09:50:17 DEBUG ../../apps/lua/scripts/auth_server/uname_login.lua:46  
1	ysb1
20211125 09:54:29 DEBUG ../../apps/lua/scripts/auth_server/auth_service.lua:19  
1	4	1	nil
20211125 09:54:46 DEBUG ../../apps/lua/scripts/auth_server/auth_service.lua:19  
1	9	2	table
20211125 09:54:46 DEBUG ../../apps/lua/scripts/auth_server/uname_login.lua:46  
1	ysb1
20211125 09:57:36 DEBUG ../../apps/lua/scripts/auth_server/auth_service.lua:19  
1	4	1	nil
20211125 09:57:47 DEBUG ../../apps/lua/scripts/auth_server/auth_service.lua:19  
1	9	3	table
20211125 09:57:47 DEBUG ../../apps/lua/scripts/auth_server/uname_login.lua:46  
1	ysb1
20211125 09:58:58 DEBUG ../../apps/lua/scripts/auth_server/auth_service.lua:19  
1	4	1	nil
