20211203 10:18:29 DEBUG ../../apps/lua/scripts/auth_server/main.lua:28  
Auth Server Start at 8000
20211203 10:18:29 DEBUG ../../apps/lua/scripts/auth_server/main.lua:35  
register Auth service:[1] success!!!
20211203 10:18:29 DEBUG ../../apps/lua/scripts/database/redis_center.lua:26  
connect to redis center db success
20211203 10:18:29 DEBUG ../../apps/lua/scripts/database/mysql_auth_center.lua:22  
connect to auth center db success
20211203 10:18:53 DEBUG ../../apps/lua/scripts/auth_server/auth_service.lua:19  
1	9	1	table
20211203 10:18:53 DEBUG ../../apps/lua/scripts/auth_server/uname_login.lua:46  
1	ysb1
20211203 10:20:40 DEBUG ../../apps/lua/scripts/auth_server/auth_service.lua:19  
1	4	1	nil
20211203 10:21:14 DEBUG ../../apps/lua/scripts/auth_server/auth_service.lua:19  
1	9	2	table
20211203 10:21:14 DEBUG ../../apps/lua/scripts/auth_server/uname_login.lua:46  
1	ysb1
20211203 10:22:58 DEBUG ../../apps/lua/scripts/auth_server/auth_service.lua:19  
1	4	1	nil
20211203 10:23:44 DEBUG ../../apps/lua/scripts/auth_server/auth_service.lua:19  
1	9	3	table
20211203 10:23:44 DEBUG ../../apps/lua/scripts/auth_server/uname_login.lua:46  
1	ysb1
20211203 10:24:23 DEBUG ../../apps/lua/scripts/auth_server/auth_service.lua:19  
1	4	1	nil
20211203 10:25:04 DEBUG ../../apps/lua/scripts/auth_server/auth_service.lua:19  
1	9	4	table
20211203 10:25:04 DEBUG ../../apps/lua/scripts/auth_server/uname_login.lua:46  
1	ysb1
20211203 10:27:11 DEBUG ../../apps/lua/scripts/auth_server/auth_service.lua:19  
1	4	1	nil
20211203 10:27:39 DEBUG ../../apps/lua/scripts/auth_server/auth_service.lua:19  
1	9	5	table
20211203 10:27:39 DEBUG ../../apps/lua/scripts/auth_server/uname_login.lua:46  
1	ysb1
20211203 10:28:47 DEBUG ../../apps/lua/scripts/auth_server/auth_service.lua:19  
1	4	1	nil
20211203 10:29:38 DEBUG ../../apps/lua/scripts/auth_server/auth_service.lua:19  
1	9	6	table
20211203 10:29:38 DEBUG ../../apps/lua/scripts/auth_server/uname_login.lua:46  
1	ysb1
20211203 10:30:45 DEBUG ../../apps/lua/scripts/auth_server/auth_service.lua:19  
1	4	1	nil
20211203 10:31:12 DEBUG ../../apps/lua/scripts/auth_server/auth_service.lua:19  
1	9	7	table
20211203 10:31:12 DEBUG ../../apps/lua/scripts/auth_server/uname_login.lua:46  
1	ysb1
20211203 10:33:23 DEBUG ../../apps/lua/scripts/auth_server/auth_service.lua:19  
1	4	1	nil
20211203 10:35:22 DEBUG ../../apps/lua/scripts/auth_server/auth_service.lua:19  
1	9	8	table
20211203 10:35:22 DEBUG ../../apps/lua/scripts/auth_server/uname_login.lua:46  
1	ysb1
20211203 10:36:26 DEBUG ../../apps/lua/scripts/auth_server/auth_service.lua:19  
1	4	1	nil
20211203 10:36:58 DEBUG ../../apps/lua/scripts/auth_server/auth_service.lua:19  
1	9	9	table
20211203 10:36:58 DEBUG ../../apps/lua/scripts/auth_server/uname_login.lua:46  
1	ysb1
20211203 10:37:38 DEBUG ../../apps/lua/scripts/auth_server/auth_service.lua:19  
1	4	1	nil
20211203 14:44:24 DEBUG ../../apps/lua/scripts/auth_server/main.lua:28  
Auth Server Start at 8000
20211203 14:44:24 DEBUG ../../apps/lua/scripts/auth_server/main.lua:35  
register Auth service:[1] success!!!
20211203 14:44:24 DEBUG ../../apps/lua/scripts/database/redis_center.lua:26  
connect to redis center db success
20211203 14:44:25 DEBUG ../../apps/lua/scripts/database/mysql_auth_center.lua:22  
connect to auth center db success
20211203 14:44:39 DEBUG ../../apps/lua/scripts/auth_server/auth_service.lua:19  
1	9	1	table
20211203 14:44:39 DEBUG ../../apps/lua/scripts/auth_server/uname_login.lua:46  
1	ysb1
20211203 14:45:34 DEBUG ../../apps/lua/scripts/auth_server/auth_service.lua:19  
1	4	1	nil
20211203 15:51:51 DEBUG ../../apps/lua/scripts/auth_server/main.lua:28  
Auth Server Start at 8000
20211203 15:51:51 DEBUG ../../apps/lua/scripts/auth_server/main.lua:35  
register Auth service:[1] success!!!
20211203 15:51:51 DEBUG ../../apps/lua/scripts/database/redis_center.lua:26  
connect to redis center db success
20211203 15:51:51 DEBUG ../../apps/lua/scripts/database/mysql_auth_center.lua:22  
connect to auth center db success
20211203 15:52:07 DEBUG ../../apps/lua/scripts/auth_server/auth_service.lua:19  
1	9	1	table
20211203 15:52:07 DEBUG ../../apps/lua/scripts/auth_server/uname_login.lua:46  
1	ysb1
20211203 15:53:44 DEBUG ../../apps/lua/scripts/auth_server/auth_service.lua:19  
1	4	1	nil
20211203 17:27:37 DEBUG ../../apps/lua/scripts/auth_server/main.lua:28  
Auth Server Start at 8000
20211203 17:27:37 DEBUG ../../apps/lua/scripts/auth_server/main.lua:35  
register Auth service:[1] success!!!
20211203 17:27:37 DEBUG ../../apps/lua/scripts/database/mysql_auth_center.lua:22  
connect to auth center db success
20211203 17:27:42 ERROR ../../apps/lua/scripts/database/redis_center.lua:20  
系统试图将驱动器合并到合并驱动器上的目录。
20211203 17:27:52 ERROR ../../apps/lua/scripts/database/redis_center.lua:20  
系统试图将驱动器合并到合并驱动器上的目录。
20211203 17:28:02 ERROR ../../apps/lua/scripts/database/redis_center.lua:20  
系统试图将驱动器合并到合并驱动器上的目录。
20211203 17:28:12 ERROR ../../apps/lua/scripts/database/redis_center.lua:20  
系统试图将驱动器合并到合并驱动器上的目录。
20211203 17:28:22 ERROR ../../apps/lua/scripts/database/redis_center.lua:20  
系统试图将驱动器合并到合并驱动器上的目录。
20211203 17:28:32 ERROR ../../apps/lua/scripts/database/redis_center.lua:20  
系统试图将驱动器合并到合并驱动器上的目录。
20211203 17:28:42 ERROR ../../apps/lua/scripts/database/redis_center.lua:20  
系统试图将驱动器合并到合并驱动器上的目录。
20211203 17:28:52 ERROR ../../apps/lua/scripts/database/redis_center.lua:20  
系统试图将驱动器合并到合并驱动器上的目录。
20211203 17:29:02 ERROR ../../apps/lua/scripts/database/redis_center.lua:20  
系统试图将驱动器合并到合并驱动器上的目录。
20211203 17:29:12 ERROR ../../apps/lua/scripts/database/redis_center.lua:20  
系统试图将驱动器合并到合并驱动器上的目录。
20211203 17:29:18 DEBUG ../../apps/lua/scripts/database/redis_center.lua:26  
connect to redis center db success
20211203 17:29:34 DEBUG ../../apps/lua/scripts/auth_server/auth_service.lua:19  
1	9	1	table
20211203 17:29:34 DEBUG ../../apps/lua/scripts/auth_server/uname_login.lua:46  
1	ysb1
20211203 17:30:35 DEBUG ../../apps/lua/scripts/auth_server/auth_service.lua:19  
1	4	1	nil
20211203 17:32:23 DEBUG ../../apps/lua/scripts/auth_server/main.lua:28  
Auth Server Start at 8000
20211203 17:32:23 DEBUG ../../apps/lua/scripts/auth_server/main.lua:35  
register Auth service:[1] success!!!
20211203 17:32:23 DEBUG ../../apps/lua/scripts/database/redis_center.lua:26  
connect to redis center db success
20211203 17:32:24 DEBUG ../../apps/lua/scripts/database/mysql_auth_center.lua:22  
connect to auth center db success
