20211125 09:49:24 DEBUG ../../apps/lua/scripts/logic_server/main.lua:28  
Logic Server Start at 8002
20211125 09:49:24 DEBUG ../../apps/lua/scripts/logic_server/main.lua:35  
register Logic service:[3] success!!!
20211125 09:49:24 DEBUG ../../apps/lua/scripts/database/redis_game.lua:26  
connect to redis game db success
20211125 09:49:24 DEBUG ../../apps/lua/scripts/database/redis_center.lua:26  
connect to redis center db success
20211125 09:49:24 DEBUG ../../apps/lua/scripts/database/mysql_game.lua:23  
connect to moba game db success
20211125 09:49:24 DEBUG ../../apps/lua/scripts/database/mysql_auth_center.lua:22  
connect to auth center db success
20211125 09:49:24 DEBUG ../../apps/lua/scripts/logic_server/logic_service.lua:26  
gateway connect to Logic
20211125 09:50:17 DEBUG ../../apps/lua/scripts/logic_server/game_mgr.lua:204  
uid: 1 online  current online num:[1]
20211125 09:54:41 DEBUG ../../apps/lua/scripts/logic_server/main.lua:28  
Logic Server Start at 8002
20211125 09:54:41 DEBUG ../../apps/lua/scripts/logic_server/main.lua:35  
register Logic service:[3] success!!!
20211125 09:54:41 DEBUG ../../apps/lua/scripts/database/redis_game.lua:26  
connect to redis game db success
20211125 09:54:41 DEBUG ../../apps/lua/scripts/database/redis_center.lua:26  
connect to redis center db success
20211125 09:54:41 DEBUG ../../apps/lua/scripts/database/mysql_game.lua:23  
connect to moba game db success
20211125 09:54:41 DEBUG ../../apps/lua/scripts/database/mysql_auth_center.lua:22  
connect to auth center db success
20211125 09:54:44 DEBUG ../../apps/lua/scripts/logic_server/logic_service.lua:26  
gateway connect to Logic
20211125 09:54:46 DEBUG ../../apps/lua/scripts/logic_server/game_mgr.lua:204  
uid: 1 online  current online num:[1]
20211125 09:57:38 DEBUG ../../apps/lua/scripts/logic_server/main.lua:28  
Logic Server Start at 8002
20211125 09:57:38 DEBUG ../../apps/lua/scripts/logic_server/main.lua:35  
register Logic service:[3] success!!!
20211125 09:57:38 DEBUG ../../apps/lua/scripts/database/redis_game.lua:26  
connect to redis game db success
20211125 09:57:38 DEBUG ../../apps/lua/scripts/database/redis_center.lua:26  
connect to redis center db success
20211125 09:57:38 DEBUG ../../apps/lua/scripts/database/mysql_game.lua:23  
connect to moba game db success
20211125 09:57:38 DEBUG ../../apps/lua/scripts/database/mysql_auth_center.lua:22  
connect to auth center db success
20211125 09:57:39 DEBUG ../../apps/lua/scripts/logic_server/logic_service.lua:26  
gateway connect to Logic
20211125 09:57:47 DEBUG ../../apps/lua/scripts/logic_server/game_mgr.lua:204  
uid: 1 online  current online num:[1]
20211125 09:58:21 DEBUG ../../apps/lua/scripts/logic_server/game_mgr.lua:277  
do_exit_match!!!!!!
20211125 09:58:30 DEBUG ../../apps/lua/scripts/logic_server/game_mgr.lua:277  
do_exit_match!!!!!!
20211125 09:58:58 DEBUG ../../apps/lua/scripts/logic_server/game_mgr.lua:227  
uid: 1 disconnect  current online num:[0]
20211125 09:59:19 DEBUG ../../apps/lua/scripts/logic_server/main.lua:28  
Logic Server Start at 8002
20211125 09:59:19 DEBUG ../../apps/lua/scripts/logic_server/main.lua:35  
register Logic service:[3] success!!!
20211125 09:59:19 DEBUG ../../apps/lua/scripts/database/redis_game.lua:26  
connect to redis game db success
20211125 09:59:19 DEBUG ../../apps/lua/scripts/database/redis_center.lua:26  
connect to redis center db success
20211125 09:59:19 DEBUG ../../apps/lua/scripts/database/mysql_game.lua:23  
connect to moba game db success
20211125 09:59:19 DEBUG ../../apps/lua/scripts/database/mysql_auth_center.lua:22  
connect to auth center db success
20211125 09:59:19 DEBUG ../../apps/lua/scripts/logic_server/logic_service.lua:26  
gateway connect to Logic
