20211213 10:58:07 DEBUG ../../apps/lua/scripts/logic_server/main.lua:28  
Logic Server Start at 8002
20211213 10:58:07 DEBUG ../../apps/lua/scripts/logic_server/main.lua:35  
register Logic service:[3] success!!!
20211213 10:58:07 DEBUG ../../apps/lua/scripts/database/redis_game.lua:26  
connect to redis game db success
20211213 10:58:07 DEBUG ../../apps/lua/scripts/database/redis_center.lua:26  
connect to redis center db success
20211213 10:58:07 DEBUG ../../apps/lua/scripts/database/mysql_auth_center.lua:22  
connect to auth center db success
20211213 10:58:07 DEBUG ../../apps/lua/scripts/database/mysql_game.lua:23  
connect to moba game db success
20211213 10:58:11 DEBUG ../../apps/lua/scripts/logic_server/logic_service.lua:28  
gateway connect to Logic
20211213 10:58:39 DEBUG ../../apps/lua/scripts/logic_server/game_mgr.lua:206  
uid: 1 online  current online num:[1]
20211213 11:01:32 DEBUG ../../apps/lua/scripts/logic_server/game_mgr.lua:236  
uid: 1 disconnect  current online num:[0]
20211213 11:01:57 DEBUG ../../apps/lua/scripts/logic_server/main.lua:28  
Logic Server Start at 8002
20211213 11:01:57 DEBUG ../../apps/lua/scripts/logic_server/main.lua:35  
register Logic service:[3] success!!!
20211213 11:01:57 DEBUG ../../apps/lua/scripts/database/redis_game.lua:26  
connect to redis game db success
20211213 11:01:57 DEBUG ../../apps/lua/scripts/database/redis_center.lua:26  
connect to redis center db success
20211213 11:01:57 DEBUG ../../apps/lua/scripts/logic_server/logic_service.lua:28  
gateway connect to Logic
20211213 11:01:57 DEBUG ../../apps/lua/scripts/database/mysql_game.lua:23  
connect to moba game db success
20211213 11:01:57 DEBUG ../../apps/lua/scripts/database/mysql_auth_center.lua:22  
connect to auth center db success
20211213 11:02:53 DEBUG ../../apps/lua/scripts/logic_server/game_mgr.lua:206  
uid: 1 online  current online num:[1]
20211213 11:04:22 DEBUG ../../apps/lua/scripts/logic_server/game_mgr.lua:236  
uid: 1 disconnect  current online num:[0]
20211213 11:04:31 DEBUG ../../apps/lua/scripts/logic_server/main.lua:28  
Logic Server Start at 8002
20211213 11:04:31 DEBUG ../../apps/lua/scripts/logic_server/main.lua:35  
register Logic service:[3] success!!!
20211213 11:04:31 DEBUG ../../apps/lua/scripts/database/redis_game.lua:26  
connect to redis game db success
20211213 11:04:31 DEBUG ../../apps/lua/scripts/database/redis_center.lua:26  
connect to redis center db success
20211213 11:04:31 DEBUG ../../apps/lua/scripts/logic_server/logic_service.lua:28  
gateway connect to Logic
20211213 11:04:32 DEBUG ../../apps/lua/scripts/database/mysql_game.lua:23  
connect to moba game db success
20211213 11:04:32 DEBUG ../../apps/lua/scripts/database/mysql_auth_center.lua:22  
connect to auth center db success
