20211118 14:21:38 DEBUG ../../apps/lua/scripts/system_server/main.lua:28  
System Server Start at 8001
20211118 14:21:38 DEBUG ../../apps/lua/scripts/system_server/main.lua:35  
register System service:[2] success!!!
20211118 14:24:17 DEBUG ../../apps/lua/scripts/system_server/system_service.lua:9  
System 2	13	1	nil
20211118 14:31:51 DEBUG ../../apps/lua/scripts/system_server/main.lua:28  
System Server Start at 8001
20211118 14:31:51 DEBUG ../../apps/lua/scripts/system_server/main.lua:35  
register System service:[2] success!!!
20211118 14:32:44 DEBUG ../../apps/lua/scripts/system_server/system_service.lua:9  
System 2	13	3	nil
20211118 15:21:27 DEBUG ../../apps/lua/scripts/system_server/main.lua:28  
System Server Start at 8001
20211118 15:21:27 DEBUG ../../apps/lua/scripts/system_server/main.lua:35  
register System service:[2] success!!!
20211118 15:21:27 DEBUG ../../apps/lua/scripts/database/mysql_game.lua:15  
connect to moba game db success
20211118 15:22:30 DEBUG ../../apps/lua/scripts/system_server/system_service.lua:11  
System 2	13	1	nil
20211118 15:22:30 ERROR E:\CProject\moba_game_server\moba_server\lua_wrapper\session_export_to_lua.cc:166  
cant find required field uchip

20211118 15:26:10 DEBUG ../../apps/lua/scripts/system_server/main.lua:28  
System Server Start at 8001
20211118 15:26:10 DEBUG ../../apps/lua/scripts/system_server/main.lua:35  
register System service:[2] success!!!
20211118 15:26:10 DEBUG ../../apps/lua/scripts/database/mysql_game.lua:15  
connect to moba game db success
20211118 15:26:25 DEBUG ../../apps/lua/scripts/system_server/system_service.lua:11  
System 2	13	1	nil
20211118 15:30:14 DEBUG ../../apps/lua/scripts/system_server/main.lua:28  
System Server Start at 8001
20211118 15:30:14 DEBUG ../../apps/lua/scripts/system_server/main.lua:35  
register System service:[2] success!!!
20211118 15:30:14 DEBUG ../../apps/lua/scripts/database/mysql_game.lua:15  
connect to moba game db success
20211118 15:30:43 DEBUG ../../apps/lua/scripts/system_server/system_service.lua:11  
System 2	13	1	nil
20211118 15:30:43 DEBUG ../../apps/lua/scripts/system_server/ugame.lua:23  
Table 'moba_game.uinfo' doesn't exist
20211118 15:31:36 DEBUG ../../apps/lua/scripts/system_server/main.lua:28  
System Server Start at 8001
20211118 15:31:36 DEBUG ../../apps/lua/scripts/system_server/main.lua:35  
register System service:[2] success!!!
20211118 15:31:36 DEBUG ../../apps/lua/scripts/database/mysql_game.lua:15  
connect to moba game db success
20211118 15:31:51 DEBUG ../../apps/lua/scripts/system_server/system_service.lua:11  
System 2	13	1	nil
20211118 15:32:20 DEBUG ../../apps/lua/scripts/system_server/system_service.lua:11  
System 2	13	2	nil
20211118 15:36:43 DEBUG ../../apps/lua/scripts/system_server/main.lua:28  
System Server Start at 8001
20211118 15:36:43 DEBUG ../../apps/lua/scripts/system_server/main.lua:35  
register System service:[2] success!!!
20211118 15:36:43 DEBUG ../../apps/lua/scripts/database/mysql_game.lua:15  
connect to moba game db success
20211118 15:36:59 DEBUG ../../apps/lua/scripts/system_server/system_service.lua:11  
System 2	13	1	nil
