20211207 11:21:30 DEBUG ../../apps/lua/scripts/system_server/main.lua:28  
System Server Start at 8001
20211207 11:21:30 DEBUG ../../apps/lua/scripts/system_server/main.lua:35  
register System service:[2] success!!!
20211207 11:21:30 DEBUG ../../apps/lua/scripts/database/redis_game.lua:26  
connect to redis game db success
20211207 11:21:30 DEBUG ../../apps/lua/scripts/database/redis_center.lua:26  
connect to redis center db success
20211207 11:21:30 DEBUG ../../apps/lua/scripts/database/redis_rank.lua:26  
connect to redis rank db success
20211207 11:21:30 DEBUG ../../apps/lua/scripts/database/mysql_game.lua:23  
connect to moba game db success
20211207 11:22:07 DEBUG ../../apps/lua/scripts/system_server/system_service.lua:17  
System 2	13	1	nil
20211207 11:22:08 DEBUG ../../apps/lua/scripts/system_server/system_service.lua:17  
System 2	15	1	nil
20211207 11:24:56 DEBUG ../../apps/lua/scripts/system_server/system_service.lua:17  
System 2	4	1	nil
20211207 14:20:23 DEBUG ../../apps/lua/scripts/system_server/main.lua:28  
System Server Start at 8001
20211207 14:20:23 DEBUG ../../apps/lua/scripts/system_server/main.lua:35  
register System service:[2] success!!!
20211207 14:20:23 DEBUG ../../apps/lua/scripts/database/redis_game.lua:26  
connect to redis game db success
20211207 14:20:23 DEBUG ../../apps/lua/scripts/database/redis_rank.lua:26  
connect to redis rank db success
20211207 14:20:23 DEBUG ../../apps/lua/scripts/database/redis_center.lua:26  
connect to redis center db success
20211207 14:20:23 DEBUG ../../apps/lua/scripts/database/mysql_game.lua:23  
connect to moba game db success
20211207 14:20:39 DEBUG ../../apps/lua/scripts/system_server/system_service.lua:17  
System 2	13	1	nil
20211207 14:22:31 DEBUG ../../apps/lua/scripts/system_server/system_service.lua:17  
System 2	4	1	nil
20211207 14:23:01 DEBUG ../../apps/lua/scripts/system_server/system_service.lua:17  
System 2	13	1	nil
20211207 14:23:56 DEBUG ../../apps/lua/scripts/system_server/system_service.lua:17  
System 2	4	1	nil
20211207 14:42:35 DEBUG ../../apps/lua/scripts/system_server/main.lua:28  
System Server Start at 8001
20211207 14:42:35 DEBUG ../../apps/lua/scripts/system_server/main.lua:35  
register System service:[2] success!!!
20211207 14:42:35 DEBUG ../../apps/lua/scripts/database/redis_game.lua:26  
connect to redis game db success
20211207 14:42:35 DEBUG ../../apps/lua/scripts/database/redis_rank.lua:26  
connect to redis rank db success
20211207 14:42:35 DEBUG ../../apps/lua/scripts/database/redis_center.lua:26  
connect to redis center db success
20211207 14:42:36 DEBUG ../../apps/lua/scripts/database/mysql_game.lua:23  
connect to moba game db success
20211207 14:42:55 DEBUG ../../apps/lua/scripts/system_server/system_service.lua:17  
System 2	13	1	nil
20211207 14:43:50 DEBUG ../../apps/lua/scripts/system_server/system_service.lua:17  
System 2	4	1	nil
20211207 14:51:16 DEBUG ../../apps/lua/scripts/system_server/main.lua:28  
System Server Start at 8001
20211207 14:51:16 DEBUG ../../apps/lua/scripts/system_server/main.lua:35  
register System service:[2] success!!!
20211207 14:51:16 DEBUG ../../apps/lua/scripts/database/redis_game.lua:26  
connect to redis game db success
20211207 14:51:16 DEBUG ../../apps/lua/scripts/database/redis_rank.lua:26  
connect to redis rank db success
20211207 14:51:16 DEBUG ../../apps/lua/scripts/database/redis_center.lua:26  
connect to redis center db success
20211207 14:51:16 DEBUG ../../apps/lua/scripts/database/mysql_game.lua:23  
connect to moba game db success
20211207 14:51:28 DEBUG ../../apps/lua/scripts/system_server/system_service.lua:17  
System 2	13	1	nil
20211207 14:51:59 DEBUG ../../apps/lua/scripts/system_server/system_service.lua:17  
System 2	4	1	nil
