20211125 09:49:25 DEBUG ../../apps/lua/scripts/system_server/main.lua:28  
System Server Start at 8001
20211125 09:49:25 DEBUG ../../apps/lua/scripts/system_server/main.lua:35  
register System service:[2] success!!!
20211125 09:49:25 DEBUG ../../apps/lua/scripts/database/redis_game.lua:26  
connect to redis game db success
20211125 09:49:25 DEBUG ../../apps/lua/scripts/database/redis_rank.lua:26  
connect to redis rank db success
20211125 09:49:25 DEBUG ../../apps/lua/scripts/database/redis_center.lua:26  
connect to redis center db success
20211125 09:49:26 DEBUG ../../apps/lua/scripts/database/mysql_game.lua:23  
connect to moba game db success
20211125 09:50:17 DEBUG ../../apps/lua/scripts/system_server/system_service.lua:17  
System 2	13	1	nil
20211125 09:50:19 DEBUG ../../apps/lua/scripts/system_server/system_service.lua:17  
System 2	15	1	nil
20211125 09:50:19 ERROR E:\CProject\moba_game_server\moba_server\lua_wrapper\lua_wrapper.cc:338  
[LUA ERROR] ../../apps/lua/scripts/database/mysql_game.lua:271: upvalue 'ret_handler' is not callable (a nil value)
20211125 09:52:36 DEBUG ../../apps/lua/scripts/system_server/main.lua:28  
System Server Start at 8001
20211125 09:52:36 DEBUG ../../apps/lua/scripts/system_server/main.lua:35  
register System service:[2] success!!!
20211125 09:52:36 DEBUG ../../apps/lua/scripts/database/redis_game.lua:26  
connect to redis game db success
20211125 09:52:36 DEBUG ../../apps/lua/scripts/database/redis_rank.lua:26  
connect to redis rank db success
20211125 09:52:36 DEBUG ../../apps/lua/scripts/database/redis_center.lua:26  
connect to redis center db success
20211125 09:52:36 DEBUG ../../apps/lua/scripts/database/mysql_game.lua:23  
connect to moba game db success
20211125 09:54:29 DEBUG ../../apps/lua/scripts/system_server/system_service.lua:17  
System 2	4	1	nil
20211125 09:54:46 DEBUG ../../apps/lua/scripts/system_server/system_service.lua:17  
System 2	13	1	nil
20211125 09:57:36 DEBUG ../../apps/lua/scripts/system_server/system_service.lua:17  
System 2	4	1	nil
20211125 09:57:47 DEBUG ../../apps/lua/scripts/system_server/system_service.lua:17  
System 2	13	1	nil
20211125 09:58:58 DEBUG ../../apps/lua/scripts/system_server/system_service.lua:17  
System 2	4	1	nil
