20211124 10:28:28 DEBUG ../../apps/lua/scripts/system_server/main.lua:28  
System Server Start at 8001
20211124 10:28:28 DEBUG ../../apps/lua/scripts/system_server/main.lua:35  
register System service:[2] success!!!
20211124 10:28:28 DEBUG ../../apps/lua/scripts/database/redis_game.lua:18  
connect to redis game db success
20211124 10:28:28 DEBUG ../../apps/lua/scripts/database/redis_rank.lua:18  
connect to redis rank db success
20211124 10:28:28 DEBUG ../../apps/lua/scripts/database/redis_center.lua:18  
connect to redis center db success
20211124 10:28:28 DEBUG ../../apps/lua/scripts/database/mysql_game.lua:15  
connect to moba game db success
20211124 10:28:42 DEBUG ../../apps/lua/scripts/system_server/system_service.lua:17  
System 2	13	1	nil
20211124 10:28:46 DEBUG ../../apps/lua/scripts/system_server/system_service.lua:17  
System 2	15	1	nil
20211124 10:28:46 ERROR E:\CProject\moba_game_server\moba_server\lua_wrapper\lua_wrapper.cc:338  
[LUA ERROR] ../../apps/lua/scripts/database/mysql_game.lua:213: upvalue 'ret_handler' is not callable (a nil value)
20211124 10:29:06 DEBUG ../../apps/lua/scripts/system_server/system_service.lua:17  
System 2	4	1	nil
20211124 10:29:29 DEBUG ../../apps/lua/scripts/system_server/system_service.lua:17  
System 2	13	1	nil
20211124 10:30:03 DEBUG ../../apps/lua/scripts/system_server/system_service.lua:17  
System 2	4	1	nil
20211124 10:34:03 DEBUG ../../apps/lua/scripts/system_server/system_service.lua:17  
System 2	13	1	nil
20211124 10:34:27 DEBUG ../../apps/lua/scripts/system_server/system_service.lua:17  
System 2	4	1	nil
20211124 11:38:35 DEBUG ../../apps/lua/scripts/system_server/main.lua:28  
System Server Start at 8001
20211124 11:38:35 DEBUG ../../apps/lua/scripts/system_server/main.lua:35  
register System service:[2] success!!!
20211124 11:38:35 DEBUG ../../apps/lua/scripts/database/redis_game.lua:18  
connect to redis game db success
20211124 11:38:35 DEBUG ../../apps/lua/scripts/database/redis_rank.lua:18  
connect to redis rank db success
20211124 11:38:35 DEBUG ../../apps/lua/scripts/database/redis_center.lua:18  
connect to redis center db success
20211124 11:38:35 DEBUG ../../apps/lua/scripts/database/mysql_game.lua:15  
connect to moba game db success
20211124 11:55:25 DEBUG ../../apps/lua/scripts/system_server/main.lua:28  
System Server Start at 8001
20211124 11:55:25 DEBUG ../../apps/lua/scripts/system_server/main.lua:35  
register System service:[2] success!!!
20211124 11:55:25 DEBUG ../../apps/lua/scripts/database/redis_game.lua:18  
connect to redis game db success
20211124 11:55:25 DEBUG ../../apps/lua/scripts/database/redis_rank.lua:18  
connect to redis rank db success
20211124 11:55:25 DEBUG ../../apps/lua/scripts/database/redis_center.lua:18  
connect to redis center db success
20211124 11:55:25 DEBUG ../../apps/lua/scripts/database/mysql_game.lua:15  
connect to moba game db success
20211124 11:56:07 DEBUG ../../apps/lua/scripts/system_server/system_service.lua:17  
System 2	13	1	nil
20211124 11:57:41 DEBUG ../../apps/lua/scripts/system_server/system_service.lua:17  
System 2	4	1	nil
20211124 11:57:55 DEBUG ../../apps/lua/scripts/system_server/system_service.lua:17  
System 2	13	1	nil
20211124 11:59:19 DEBUG ../../apps/lua/scripts/system_server/system_service.lua:17  
System 2	4	1	nil
20211124 11:59:27 DEBUG ../../apps/lua/scripts/system_server/system_service.lua:17  
System 2	13	1	nil
20211124 12:00:03 DEBUG ../../apps/lua/scripts/system_server/system_service.lua:17  
System 2	4	1	nil
20211124 12:00:15 DEBUG ../../apps/lua/scripts/system_server/system_service.lua:17  
System 2	13	1	nil
20211124 12:08:57 DEBUG ../../apps/lua/scripts/system_server/system_service.lua:17  
System 2	4	1	nil
20211124 13:51:51 DEBUG ../../apps/lua/scripts/system_server/main.lua:28  
System Server Start at 8001
20211124 13:51:51 DEBUG ../../apps/lua/scripts/system_server/main.lua:35  
register System service:[2] success!!!
20211124 13:51:51 DEBUG ../../apps/lua/scripts/database/redis_game.lua:26  
connect to redis game db success
20211124 13:51:51 DEBUG ../../apps/lua/scripts/database/redis_rank.lua:26  
connect to redis rank db success
20211124 13:51:51 DEBUG ../../apps/lua/scripts/database/redis_center.lua:26  
connect to redis center db success
20211124 13:51:51 DEBUG ../../apps/lua/scripts/database/mysql_game.lua:23  
connect to moba game db success
20211124 13:52:01 DEBUG ../../apps/lua/scripts/system_server/system_service.lua:17  
System 2	13	4	nil
20211124 13:52:04 DEBUG ../../apps/lua/scripts/system_server/system_service.lua:17  
System 2	13	5	nil
20211124 13:52:08 DEBUG ../../apps/lua/scripts/system_server/system_service.lua:17  
System 2	13	6	nil
20211124 13:52:10 DEBUG ../../apps/lua/scripts/system_server/system_service.lua:17  
System 2	13	7	nil
20211124 13:52:13 DEBUG ../../apps/lua/scripts/system_server/system_service.lua:17  
System 2	13	8	nil
20211124 13:52:16 DEBUG ../../apps/lua/scripts/system_server/system_service.lua:17  
System 2	13	9	nil
20211124 13:52:19 DEBUG ../../apps/lua/scripts/system_server/system_service.lua:17  
System 2	13	10	nil
20211124 13:52:23 DEBUG ../../apps/lua/scripts/system_server/system_service.lua:17  
System 2	13	11	nil
20211124 13:52:26 DEBUG ../../apps/lua/scripts/system_server/system_service.lua:17  
System 2	13	12	nil
20211124 13:52:29 DEBUG ../../apps/lua/scripts/system_server/system_service.lua:17  
System 2	13	13	nil
20211124 13:52:32 DEBUG ../../apps/lua/scripts/system_server/system_service.lua:17  
System 2	13	14	nil
20211124 14:42:46 DEBUG ../../apps/lua/scripts/system_server/main.lua:28  
System Server Start at 8001
20211124 14:42:46 DEBUG ../../apps/lua/scripts/system_server/main.lua:35  
register System service:[2] success!!!
20211124 14:42:46 DEBUG ../../apps/lua/scripts/database/redis_game.lua:26  
connect to redis game db success
20211124 14:42:46 DEBUG ../../apps/lua/scripts/database/redis_rank.lua:26  
connect to redis rank db success
20211124 14:42:46 DEBUG ../../apps/lua/scripts/database/redis_center.lua:26  
connect to redis center db success
20211124 14:42:46 DEBUG ../../apps/lua/scripts/database/mysql_game.lua:23  
connect to moba game db success
20211124 14:43:04 DEBUG ../../apps/lua/scripts/system_server/system_service.lua:17  
System 2	13	1	nil
20211124 14:49:03 DEBUG ../../apps/lua/scripts/system_server/system_service.lua:17  
System 2	4	1	nil
20211124 14:49:19 DEBUG ../../apps/lua/scripts/system_server/system_service.lua:17  
System 2	13	1	nil
20211124 14:51:14 DEBUG ../../apps/lua/scripts/system_server/system_service.lua:17  
System 2	4	1	nil
20211124 14:51:26 DEBUG ../../apps/lua/scripts/system_server/system_service.lua:17  
System 2	13	1	nil
20211124 14:51:51 DEBUG ../../apps/lua/scripts/system_server/system_service.lua:17  
System 2	4	1	nil
20211124 14:54:23 DEBUG ../../apps/lua/scripts/system_server/system_service.lua:17  
System 2	13	1	nil
20211124 15:01:09 DEBUG ../../apps/lua/scripts/system_server/system_service.lua:17  
System 2	4	1	nil
20211124 15:01:21 DEBUG ../../apps/lua/scripts/system_server/system_service.lua:17  
System 2	13	1	nil
20211124 15:04:21 DEBUG ../../apps/lua/scripts/system_server/system_service.lua:17  
System 2	4	1	nil
20211124 15:04:30 DEBUG ../../apps/lua/scripts/system_server/system_service.lua:17  
System 2	13	1	nil
20211124 15:06:14 DEBUG ../../apps/lua/scripts/system_server/system_service.lua:17  
System 2	4	1	nil
20211124 15:06:23 DEBUG ../../apps/lua/scripts/system_server/system_service.lua:17  
System 2	13	1	nil
20211124 15:08:04 DEBUG ../../apps/lua/scripts/system_server/system_service.lua:17  
System 2	4	1	nil
20211124 15:08:15 DEBUG ../../apps/lua/scripts/system_server/system_service.lua:17  
System 2	13	1	nil
20211124 15:09:17 DEBUG ../../apps/lua/scripts/system_server/system_service.lua:17  
System 2	4	1	nil
20211124 15:09:24 DEBUG ../../apps/lua/scripts/system_server/system_service.lua:17  
System 2	13	1	nil
20211124 15:38:53 DEBUG ../../apps/lua/scripts/system_server/main.lua:28  
System Server Start at 8001
20211124 15:38:53 DEBUG ../../apps/lua/scripts/system_server/main.lua:35  
register System service:[2] success!!!
20211124 15:38:53 DEBUG ../../apps/lua/scripts/database/redis_game.lua:26  
connect to redis game db success
20211124 15:38:53 DEBUG ../../apps/lua/scripts/database/redis_rank.lua:26  
connect to redis rank db success
20211124 15:38:53 DEBUG ../../apps/lua/scripts/database/redis_center.lua:26  
connect to redis center db success
20211124 15:38:53 DEBUG ../../apps/lua/scripts/database/mysql_game.lua:23  
connect to moba game db success
20211124 15:39:29 DEBUG ../../apps/lua/scripts/system_server/system_service.lua:17  
System 2	13	1	nil
20211124 16:29:05 DEBUG ../../apps/lua/scripts/system_server/system_service.lua:17  
System 2	4	1	nil
20211124 16:42:27 DEBUG ../../apps/lua/scripts/system_server/system_service.lua:17  
System 2	13	1	nil
20211124 16:42:48 DEBUG ../../apps/lua/scripts/system_server/system_service.lua:17  
System 2	4	1	nil
20211124 16:43:22 DEBUG ../../apps/lua/scripts/system_server/system_service.lua:17  
System 2	13	1	nil
20211124 16:44:17 DEBUG ../../apps/lua/scripts/system_server/system_service.lua:17  
System 2	4	1	nil
20211124 16:44:42 DEBUG ../../apps/lua/scripts/system_server/system_service.lua:17  
System 2	13	1	nil
20211124 16:45:37 DEBUG ../../apps/lua/scripts/system_server/system_service.lua:17  
System 2	4	1	nil
20211124 17:18:22 DEBUG ../../apps/lua/scripts/system_server/main.lua:28  
System Server Start at 8001
20211124 17:18:22 DEBUG ../../apps/lua/scripts/system_server/main.lua:35  
register System service:[2] success!!!
20211124 17:18:22 DEBUG ../../apps/lua/scripts/database/redis_game.lua:26  
connect to redis game db success
20211124 17:18:22 DEBUG ../../apps/lua/scripts/database/redis_rank.lua:26  
connect to redis rank db success
20211124 17:18:22 DEBUG ../../apps/lua/scripts/database/redis_center.lua:26  
connect to redis center db success
20211124 17:18:22 DEBUG ../../apps/lua/scripts/database/mysql_game.lua:23  
connect to moba game db success
20211124 17:18:39 DEBUG ../../apps/lua/scripts/system_server/system_service.lua:17  
System 2	13	1	nil
20211124 17:19:13 DEBUG ../../apps/lua/scripts/system_server/system_service.lua:17  
System 2	4	1	nil
20211124 17:19:34 DEBUG ../../apps/lua/scripts/system_server/system_service.lua:17  
System 2	13	1	nil
20211124 17:21:19 DEBUG ../../apps/lua/scripts/system_server/system_service.lua:17  
System 2	4	1	nil
20211124 17:21:31 DEBUG ../../apps/lua/scripts/system_server/system_service.lua:17  
System 2	13	1	nil
20211124 17:24:17 DEBUG ../../apps/lua/scripts/system_server/system_service.lua:17  
System 2	4	1	nil
20211124 17:24:28 DEBUG ../../apps/lua/scripts/system_server/system_service.lua:17  
System 2	13	1	nil
20211124 17:26:19 DEBUG ../../apps/lua/scripts/system_server/system_service.lua:17  
System 2	4	1	nil
20211124 17:28:41 DEBUG ../../apps/lua/scripts/system_server/system_service.lua:17  
System 2	13	1	nil
20211124 17:31:11 DEBUG ../../apps/lua/scripts/system_server/system_service.lua:17  
System 2	4	1	nil
20211124 17:31:26 DEBUG ../../apps/lua/scripts/system_server/system_service.lua:17  
System 2	13	1	nil
20211124 17:31:44 DEBUG ../../apps/lua/scripts/system_server/system_service.lua:17  
System 2	4	1	nil
20211124 17:33:59 DEBUG ../../apps/lua/scripts/system_server/system_service.lua:17  
System 2	13	1	nil
20211124 17:34:39 DEBUG ../../apps/lua/scripts/system_server/system_service.lua:17  
System 2	4	1	nil
20211124 17:36:49 DEBUG ../../apps/lua/scripts/system_server/system_service.lua:17  
System 2	13	1	nil
20211124 17:37:13 DEBUG ../../apps/lua/scripts/system_server/system_service.lua:17  
System 2	4	1	nil
20211124 17:37:58 DEBUG ../../apps/lua/scripts/system_server/system_service.lua:17  
System 2	13	1	nil
20211124 17:38:11 DEBUG ../../apps/lua/scripts/system_server/system_service.lua:17  
System 2	4	1	nil
20211124 17:38:42 DEBUG ../../apps/lua/scripts/system_server/system_service.lua:17  
System 2	13	1	nil
20211124 17:39:06 DEBUG ../../apps/lua/scripts/system_server/system_service.lua:17  
System 2	4	1	nil
20211124 17:41:56 DEBUG ../../apps/lua/scripts/system_server/system_service.lua:17  
System 2	13	1	nil
20211124 17:42:31 DEBUG ../../apps/lua/scripts/system_server/system_service.lua:17  
System 2	4	1	nil
20211124 17:46:47 DEBUG ../../apps/lua/scripts/system_server/system_service.lua:17  
System 2	13	1	nil
20211124 17:47:18 DEBUG ../../apps/lua/scripts/system_server/system_service.lua:17  
System 2	4	1	nil
20211124 17:48:04 DEBUG ../../apps/lua/scripts/system_server/system_service.lua:17  
System 2	13	1	nil
20211124 17:48:08 DEBUG ../../apps/lua/scripts/system_server/system_service.lua:17  
System 2	13	1	nil
20211124 17:48:08 DEBUG ../../apps/lua/scripts/system_server/system_service.lua:17  
System 2	13	1	nil
20211124 17:48:08 DEBUG ../../apps/lua/scripts/system_server/system_service.lua:17  
System 2	13	1	nil
20211124 17:48:09 DEBUG ../../apps/lua/scripts/system_server/system_service.lua:17  
System 2	13	1	nil
20211124 17:48:09 DEBUG ../../apps/lua/scripts/system_server/system_service.lua:17  
System 2	13	1	nil
20211124 17:48:09 DEBUG ../../apps/lua/scripts/system_server/system_service.lua:17  
System 2	13	1	nil
20211124 17:48:09 DEBUG ../../apps/lua/scripts/system_server/system_service.lua:17  
System 2	13	1	nil
20211124 17:48:11 DEBUG ../../apps/lua/scripts/system_server/system_service.lua:17  
System 2	13	1	nil
20211124 17:48:11 DEBUG ../../apps/lua/scripts/system_server/system_service.lua:17  
System 2	13	1	nil
20211124 17:48:12 DEBUG ../../apps/lua/scripts/system_server/system_service.lua:17  
System 2	13	1	nil
20211124 17:48:13 DEBUG ../../apps/lua/scripts/system_server/system_service.lua:17  
System 2	13	1	nil
20211124 17:48:22 DEBUG ../../apps/lua/scripts/system_server/system_service.lua:17  
System 2	13	1	nil
20211124 17:48:38 DEBUG ../../apps/lua/scripts/system_server/system_service.lua:17  
System 2	17	1	nil
20211124 17:48:43 DEBUG ../../apps/lua/scripts/system_server/system_service.lua:17  
System 2	19	1	table
20211124 17:48:44 DEBUG ../../apps/lua/scripts/system_server/system_service.lua:17  
System 2	17	1	nil
20211124 17:48:46 DEBUG ../../apps/lua/scripts/system_server/system_service.lua:17  
System 2	19	1	table
20211124 17:48:47 DEBUG ../../apps/lua/scripts/system_server/system_service.lua:17  
System 2	17	1	nil
20211124 17:48:57 DEBUG ../../apps/lua/scripts/system_server/system_service.lua:17  
System 2	17	1	nil
20211124 17:49:14 DEBUG ../../apps/lua/scripts/system_server/system_service.lua:17  
System 2	4	1	nil
20211124 18:04:06 DEBUG ../../apps/lua/scripts/system_server/main.lua:28  
System Server Start at 8001
20211124 18:04:06 DEBUG ../../apps/lua/scripts/system_server/main.lua:35  
register System service:[2] success!!!
20211124 18:04:06 DEBUG ../../apps/lua/scripts/database/redis_game.lua:26  
connect to redis game db success
20211124 18:04:06 DEBUG ../../apps/lua/scripts/database/redis_rank.lua:26  
connect to redis rank db success
20211124 18:04:06 DEBUG ../../apps/lua/scripts/database/redis_center.lua:26  
connect to redis center db success
20211124 18:04:06 DEBUG ../../apps/lua/scripts/database/mysql_game.lua:23  
connect to moba game db success
20211124 18:16:54 DEBUG ../../apps/lua/scripts/system_server/main.lua:28  
System Server Start at 8001
20211124 18:16:54 DEBUG ../../apps/lua/scripts/system_server/main.lua:35  
register System service:[2] success!!!
20211124 18:16:54 DEBUG ../../apps/lua/scripts/database/redis_game.lua:26  
connect to redis game db success
20211124 18:16:54 DEBUG ../../apps/lua/scripts/database/redis_rank.lua:26  
connect to redis rank db success
20211124 18:16:54 DEBUG ../../apps/lua/scripts/database/redis_center.lua:26  
connect to redis center db success
20211124 18:16:54 DEBUG ../../apps/lua/scripts/database/mysql_game.lua:23  
connect to moba game db success
20211124 18:17:06 DEBUG ../../apps/lua/scripts/system_server/system_service.lua:17  
System 2	13	1	nil
20211124 18:17:32 DEBUG ../../apps/lua/scripts/system_server/system_service.lua:17  
System 2	4	1	nil
20211124 18:18:11 DEBUG ../../apps/lua/scripts/system_server/system_service.lua:17  
System 2	13	1	nil
20211124 18:19:25 DEBUG ../../apps/lua/scripts/system_server/system_service.lua:17  
System 2	4	1	nil
20211124 18:19:38 DEBUG ../../apps/lua/scripts/system_server/system_service.lua:17  
System 2	13	1	nil
20211124 18:20:21 DEBUG ../../apps/lua/scripts/system_server/system_service.lua:17  
System 2	4	1	nil
20211124 18:21:40 DEBUG ../../apps/lua/scripts/system_server/system_service.lua:17  
System 2	13	1	nil
20211124 18:22:01 DEBUG ../../apps/lua/scripts/system_server/system_service.lua:17  
System 2	4	1	nil
20211124 18:22:57 DEBUG ../../apps/lua/scripts/system_server/main.lua:28  
System Server Start at 8001
20211124 18:22:57 DEBUG ../../apps/lua/scripts/system_server/main.lua:35  
register System service:[2] success!!!
20211124 18:22:57 DEBUG ../../apps/lua/scripts/database/redis_game.lua:26  
connect to redis game db success
20211124 18:22:57 DEBUG ../../apps/lua/scripts/database/redis_rank.lua:26  
connect to redis rank db success
20211124 18:22:57 DEBUG ../../apps/lua/scripts/database/redis_center.lua:26  
connect to redis center db success
20211124 18:22:57 DEBUG ../../apps/lua/scripts/database/mysql_game.lua:23  
connect to moba game db success
20211124 18:23:08 DEBUG ../../apps/lua/scripts/system_server/system_service.lua:17  
System 2	13	1	nil
20211124 18:25:44 DEBUG ../../apps/lua/scripts/system_server/system_service.lua:17  
System 2	4	1	nil
20211124 18:25:52 DEBUG ../../apps/lua/scripts/system_server/system_service.lua:17  
System 2	13	1	nil
20211124 18:32:40 DEBUG ../../apps/lua/scripts/system_server/main.lua:28  
System Server Start at 8001
20211124 18:32:40 DEBUG ../../apps/lua/scripts/system_server/main.lua:35  
register System service:[2] success!!!
20211124 18:32:40 DEBUG ../../apps/lua/scripts/database/redis_game.lua:26  
connect to redis game db success
20211124 18:32:40 DEBUG ../../apps/lua/scripts/database/redis_rank.lua:26  
connect to redis rank db success
20211124 18:32:40 DEBUG ../../apps/lua/scripts/database/redis_center.lua:26  
connect to redis center db success
20211124 18:32:40 DEBUG ../../apps/lua/scripts/database/mysql_game.lua:23  
connect to moba game db success
20211124 18:32:58 DEBUG ../../apps/lua/scripts/system_server/system_service.lua:17  
System 2	13	1	nil
20211124 18:36:55 DEBUG ../../apps/lua/scripts/system_server/system_service.lua:17  
System 2	4	1	nil
20211124 18:37:03 DEBUG ../../apps/lua/scripts/system_server/system_service.lua:17  
System 2	13	1	nil
20211124 18:43:32 DEBUG ../../apps/lua/scripts/system_server/main.lua:28  
System Server Start at 8001
20211124 18:43:32 DEBUG ../../apps/lua/scripts/system_server/main.lua:35  
register System service:[2] success!!!
20211124 18:43:32 DEBUG ../../apps/lua/scripts/database/redis_game.lua:26  
connect to redis game db success
20211124 18:43:32 DEBUG ../../apps/lua/scripts/database/redis_rank.lua:26  
connect to redis rank db success
20211124 18:43:32 DEBUG ../../apps/lua/scripts/database/redis_center.lua:26  
connect to redis center db success
20211124 18:43:32 DEBUG ../../apps/lua/scripts/database/mysql_game.lua:23  
connect to moba game db success
20211124 18:43:46 DEBUG ../../apps/lua/scripts/system_server/system_service.lua:17  
System 2	13	1	nil
20211124 18:45:37 DEBUG ../../apps/lua/scripts/system_server/system_service.lua:17  
System 2	4	1	nil
20211124 18:45:45 DEBUG ../../apps/lua/scripts/system_server/system_service.lua:17  
System 2	13	1	nil
20211124 18:46:08 DEBUG ../../apps/lua/scripts/system_server/system_service.lua:17  
System 2	4	1	nil
20211124 18:48:24 DEBUG ../../apps/lua/scripts/system_server/main.lua:28  
System Server Start at 8001
20211124 18:48:24 DEBUG ../../apps/lua/scripts/system_server/main.lua:35  
register System service:[2] success!!!
20211124 18:48:24 DEBUG ../../apps/lua/scripts/database/redis_game.lua:26  
connect to redis game db success
20211124 18:48:24 DEBUG ../../apps/lua/scripts/database/redis_rank.lua:26  
connect to redis rank db success
20211124 18:48:24 DEBUG ../../apps/lua/scripts/database/redis_center.lua:26  
connect to redis center db success
20211124 18:48:24 DEBUG ../../apps/lua/scripts/database/mysql_game.lua:23  
connect to moba game db success
20211124 18:48:34 DEBUG ../../apps/lua/scripts/system_server/system_service.lua:17  
System 2	13	1	nil
20211124 18:49:06 DEBUG ../../apps/lua/scripts/system_server/system_service.lua:17  
System 2	4	1	nil
