20211213 10:58:08 DEBUG ../../apps/lua/scripts/system_server/main.lua:28  
System Server Start at 8001
20211213 10:58:08 DEBUG ../../apps/lua/scripts/system_server/main.lua:35  
register System service:[2] success!!!
20211213 10:58:08 DEBUG ../../apps/lua/scripts/database/redis_game.lua:26  
connect to redis game db success
20211213 10:58:08 DEBUG ../../apps/lua/scripts/database/redis_rank.lua:26  
connect to redis rank db success
20211213 10:58:08 DEBUG ../../apps/lua/scripts/database/redis_center.lua:26  
connect to redis center db success
20211213 10:58:08 DEBUG ../../apps/lua/scripts/database/mysql_game.lua:23  
connect to moba game db success
20211213 10:58:38 DEBUG ../../apps/lua/scripts/system_server/system_service.lua:17  
System 2	13	1	nil
20211213 10:58:41 DEBUG ../../apps/lua/scripts/system_server/system_service.lua:17  
System 2	15	1	nil
20211213 11:01:32 DEBUG ../../apps/lua/scripts/system_server/system_service.lua:17  
System 2	4	1	nil
20211213 11:02:53 DEBUG ../../apps/lua/scripts/system_server/system_service.lua:17  
System 2	13	1	nil
20211213 11:04:22 DEBUG ../../apps/lua/scripts/system_server/system_service.lua:17  
System 2	4	1	nil
