20211119 10:07:34 DEBUG ../../apps/lua/scripts/system_server/main.lua:28  
System Server Start at 8001
20211119 10:07:34 DEBUG ../../apps/lua/scripts/system_server/main.lua:35  
register System service:[2] success!!!
20211119 10:07:34 DEBUG ../../apps/lua/scripts/database/mysql_game.lua:15  
connect to moba game db success
20211119 10:08:06 DEBUG ../../apps/lua/scripts/system_server/system_service.lua:11  
System 2	13	1	nil
20211119 10:09:33 DEBUG ../../apps/lua/scripts/system_server/system_service.lua:11  
System 2	13	1	nil
20211119 10:10:16 DEBUG ../../apps/lua/scripts/system_server/system_service.lua:11  
System 2	13	1	nil
20211119 10:10:57 DEBUG ../../apps/lua/scripts/system_server/system_service.lua:11  
System 2	13	1	nil
20211119 11:31:01 DEBUG ../../apps/lua/scripts/system_server/main.lua:28  
System Server Start at 8001
20211119 11:31:01 DEBUG ../../apps/lua/scripts/system_server/main.lua:35  
register System service:[2] success!!!
20211119 11:31:01 DEBUG ../../apps/lua/scripts/database/mysql_game.lua:15  
connect to moba game db success
20211119 11:31:44 DEBUG ../../apps/lua/scripts/system_server/system_service.lua:11  
System 2	13	1	nil
20211119 11:31:44 ERROR ../../apps/lua/scripts/system_server/ugame.lua:48  
Unknown column 'bonuse_time' in 'field list'
20211119 11:36:31 DEBUG ../../apps/lua/scripts/system_server/main.lua:28  
System Server Start at 8001
20211119 11:36:31 DEBUG ../../apps/lua/scripts/system_server/main.lua:35  
register System service:[2] success!!!
20211119 11:36:32 DEBUG ../../apps/lua/scripts/database/mysql_game.lua:15  
connect to moba game db success
20211119 11:36:45 DEBUG ../../apps/lua/scripts/system_server/system_service.lua:11  
System 2	13	1	nil
20211119 11:36:45 ERROR ../../apps/lua/scripts/database/mysql_game.lua:143  
Unknown column 'bonuse_time' in 'field list'
20211119 11:36:45 ERROR ../../apps/lua/scripts/system_server/login_bonues.lua:48  
Unknown column 'bonuse_time' in 'field list'
20211119 11:36:45 ERROR ../../apps/lua/scripts/system_server/ugame.lua:48  
Unknown column 'bonuse_time' in 'field list'
20211119 11:37:41 DEBUG ../../apps/lua/scripts/system_server/main.lua:28  
System Server Start at 8001
20211119 11:37:41 DEBUG ../../apps/lua/scripts/system_server/main.lua:35  
register System service:[2] success!!!
20211119 11:37:41 DEBUG ../../apps/lua/scripts/database/mysql_game.lua:15  
connect to moba game db success
20211119 11:37:47 DEBUG ../../apps/lua/scripts/system_server/system_service.lua:11  
System 2	13	1	nil
20211119 11:39:40 DEBUG ../../apps/lua/scripts/system_server/system_service.lua:11  
System 2	13	1	nil
20211119 11:43:50 DEBUG ../../apps/lua/scripts/system_server/system_service.lua:11  
System 2	13	1	nil
20211119 14:45:02 DEBUG ../../apps/lua/scripts/system_server/main.lua:28  
System Server Start at 8001
20211119 14:45:02 DEBUG ../../apps/lua/scripts/system_server/main.lua:35  
register System service:[2] success!!!
20211119 14:45:02 DEBUG ../../apps/lua/scripts/database/mysql_game.lua:15  
connect to moba game db success
20211119 14:45:22 DEBUG ../../apps/lua/scripts/system_server/system_service.lua:11  
System 2	13	1	nil
20211119 14:49:05 DEBUG ../../apps/lua/scripts/system_server/system_service.lua:11  
System 2	13	1	nil
20211119 14:51:28 DEBUG ../../apps/lua/scripts/system_server/system_service.lua:11  
System 2	13	1	nil
20211119 14:53:16 DEBUG ../../apps/lua/scripts/system_server/system_service.lua:11  
System 2	13	1	nil
20211119 14:54:19 DEBUG ../../apps/lua/scripts/system_server/system_service.lua:11  
System 2	13	1	nil
20211119 14:55:10 DEBUG ../../apps/lua/scripts/system_server/system_service.lua:11  
System 2	13	1	nil
20211119 14:55:37 DEBUG ../../apps/lua/scripts/system_server/system_service.lua:11  
System 2	13	1	nil
20211119 14:57:13 DEBUG ../../apps/lua/scripts/system_server/system_service.lua:11  
System 2	13	1	nil
20211119 15:21:05 DEBUG ../../apps/lua/scripts/system_server/main.lua:28  
System Server Start at 8001
20211119 15:21:05 DEBUG ../../apps/lua/scripts/system_server/main.lua:35  
register System service:[2] success!!!
20211119 15:21:06 DEBUG ../../apps/lua/scripts/database/mysql_game.lua:15  
connect to moba game db success
20211119 15:21:19 DEBUG ../../apps/lua/scripts/system_server/system_service.lua:13  
System 2	13	1	nil
20211119 15:21:22 DEBUG ../../apps/lua/scripts/system_server/system_service.lua:13  
System 2	15	1	nil
20211119 15:21:22 ERROR E:\CProject\moba_game_server\moba_server\lua_wrapper\lua_wrapper.cc:338  
[LUA ERROR] ../../apps/lua/scripts/database/mysql_game.lua:213: upvalue 'ret_handler' is not callable (a nil value)
20211119 17:08:47 DEBUG ../../apps/lua/scripts/system_server/main.lua:28  
System Server Start at 8001
20211119 17:08:47 DEBUG ../../apps/lua/scripts/system_server/main.lua:35  
register System service:[2] success!!!
20211119 17:08:47 DEBUG ../../apps/lua/scripts/database/redis_game.lua:18  
connect to redis game db success
20211119 17:08:47 DEBUG ../../apps/lua/scripts/database/mysql_game.lua:15  
connect to moba game db success
20211119 17:09:15 DEBUG ../../apps/lua/scripts/system_server/system_service.lua:13  
System 2	13	1	nil
