20211208 11:29:51 DEBUG ../../apps/lua/scripts/gateway/main.lua:21  
Tcp Server listen at 6080
20211208 11:29:51 DEBUG ../../apps/lua/scripts/gateway/main.lua:23  
Ws Server listen at 6081
20211208 11:29:51 DEBUG ../../apps/lua/scripts/gateway/main.lua:31  
register gw_service:[1] success
20211208 11:29:51 DEBUG ../../apps/lua/scripts/gateway/main.lua:31  
register gw_service:[2] success
20211208 11:29:51 DEBUG ../../apps/lua/scripts/gateway/main.lua:31  
register gw_service:[3] success
20211208 11:29:52 DEBUG ../../apps/lua/scripts/gateway/gw_service.lua:33  
connecting to server [Auth server]127.0.0.1:8000
20211208 11:29:52 DEBUG ../../apps/lua/scripts/gateway/gw_service.lua:33  
connecting to server [System server]127.0.0.1:8001
20211208 11:29:52 DEBUG ../../apps/lua/scripts/gateway/gw_service.lua:33  
connecting to server [Logic server]127.0.0.1:8002
20211208 11:29:52 DEBUG ../../apps/lua/scripts/gateway/gw_service.lua:24  
connect success to server [Auth server]127.0.0.1:8000
20211208 11:29:52 DEBUG ../../apps/lua/scripts/gateway/gw_service.lua:24  
connect success to server [Logic server]127.0.0.1:8002
20211208 11:29:53 DEBUG ../../apps/lua/scripts/gateway/gw_service.lua:24  
connect success to server [System server]127.0.0.1:8001
20211208 11:30:21 DEBUG ../../apps/lua/scripts/gateway/gw_service.lua:121  
1	9	0
20211208 11:30:21 DEBUG ../../apps/lua/scripts/gateway/gw_service.lua:121  
2	13	0
20211208 11:30:22 DEBUG ../../apps/lua/scripts/gateway/gw_service.lua:121  
3	21	0
20211208 11:30:23 DEBUG ../../apps/lua/scripts/gateway/gw_service.lua:121  
2	15	0
20211208 11:30:26 DEBUG ../../apps/lua/scripts/gateway/gw_service.lua:121  
3	23	0
