20211101 09:54:58 DEBUG ../../apps/lua/scripts/gateway/main.lua:21  
Tcp Server listen at 6080
20211101 09:54:58 DEBUG ../../apps/lua/scripts/gateway/main.lua:23  
Ws Server listen at 6081
20211101 09:54:58 DEBUG ../../apps/lua/scripts/gateway/main.lua:31  
register gw_service:[1] success
20211101 10:11:06 DEBUG ../../apps/lua/scripts/gateway/main.lua:21  
Tcp Server listen at 6080
20211101 10:11:06 DEBUG ../../apps/lua/scripts/gateway/main.lua:23  
Ws Server listen at 6081
20211101 10:11:06 DEBUG ../../apps/lua/scripts/gateway/main.lua:31  
register gw_service:[1] success
20211101 10:14:46 DEBUG ../../apps/lua/scripts/gateway/main.lua:21  
Tcp Server listen at 6080
20211101 10:14:46 DEBUG ../../apps/lua/scripts/gateway/main.lua:23  
Ws Server listen at 6081
20211101 10:14:46 DEBUG ../../apps/lua/scripts/gateway/main.lua:31  
register gw_service:[1] success
20211101 10:14:47 DEBUG ../../apps/lua/scripts/gateway/gw_service.lua:23  
connect_to_server [Auth server]127.0.0.1:8000
20211101 10:14:52 DEBUG ../../apps/lua/scripts/gateway/gw_service.lua:23  
connect_to_server [Auth server]127.0.0.1:8000
20211101 10:16:02 DEBUG ../../apps/lua/scripts/gateway/main.lua:21  
Tcp Server listen at 6080
20211101 10:16:02 DEBUG ../../apps/lua/scripts/gateway/main.lua:23  
Ws Server listen at 6081
20211101 10:16:02 DEBUG ../../apps/lua/scripts/gateway/main.lua:31  
register gw_service:[1] success
20211101 10:16:03 DEBUG ../../apps/lua/scripts/gateway/gw_service.lua:23  
connect_to_server [Auth server]127.0.0.1:8000
20211101 10:16:03 DEBUG ../../apps/lua/scripts/gateway/gw_service.lua:15  
connect success to server[Auth server]127.0.0.1:8000
20211101 10:16:49 DEBUG ../../apps/lua/scripts/gateway/main.lua:21  
Tcp Server listen at 6080
20211101 10:16:49 DEBUG ../../apps/lua/scripts/gateway/main.lua:23  
Ws Server listen at 6081
20211101 10:16:49 DEBUG ../../apps/lua/scripts/gateway/main.lua:31  
register gw_service:[1] success
20211101 10:16:50 DEBUG ../../apps/lua/scripts/gateway/gw_service.lua:23  
connect_to_server [Auth server]127.0.0.1:8000
20211101 10:16:50 DEBUG ../../apps/lua/scripts/gateway/gw_service.lua:15  
connect success to server[Auth server]127.0.0.1:8000
20211101 10:16:52 DEBUG ../../apps/lua/scripts/gateway/gw_service.lua:47  
gateway disconnect [Auth server]
20211101 10:16:55 DEBUG ../../apps/lua/scripts/gateway/gw_service.lua:23  
connect_to_server [Auth server]127.0.0.1:8000
20211101 10:17:44 DEBUG ../../apps/lua/scripts/gateway/main.lua:21  
Tcp Server listen at 6080
20211101 10:17:44 DEBUG ../../apps/lua/scripts/gateway/main.lua:23  
Ws Server listen at 6081
20211101 10:17:44 DEBUG ../../apps/lua/scripts/gateway/main.lua:31  
register gw_service:[1] success
20211101 10:17:45 DEBUG ../../apps/lua/scripts/gateway/gw_service.lua:24  
connect_to_server [Auth server]127.0.0.1:8000
20211101 10:17:46 ERROR ../../apps/lua/scripts/gateway/gw_service.lua:12  
connect failed to server[Auth server]127.0.0.1:8000
20211101 10:17:50 DEBUG ../../apps/lua/scripts/gateway/gw_service.lua:24  
connect_to_server [Auth server]127.0.0.1:8000
20211101 10:17:51 ERROR ../../apps/lua/scripts/gateway/gw_service.lua:12  
connect failed to server[Auth server]127.0.0.1:8000
20211101 10:18:10 DEBUG ../../apps/lua/scripts/gateway/main.lua:21  
Tcp Server listen at 6080
20211101 10:18:10 DEBUG ../../apps/lua/scripts/gateway/main.lua:23  
Ws Server listen at 6081
20211101 10:18:10 DEBUG ../../apps/lua/scripts/gateway/main.lua:31  
register gw_service:[1] success
20211101 10:18:11 DEBUG ../../apps/lua/scripts/gateway/gw_service.lua:24  
connect_to_server [Auth server]127.0.0.1:8000
20211101 10:18:11 DEBUG ../../apps/lua/scripts/gateway/gw_service.lua:16  
connect success to server[Auth server]127.0.0.1:8000
20211101 10:18:42 DEBUG ../../apps/lua/scripts/gateway/main.lua:21  
Tcp Server listen at 6080
20211101 10:18:42 DEBUG ../../apps/lua/scripts/gateway/main.lua:23  
Ws Server listen at 6081
20211101 10:18:42 DEBUG ../../apps/lua/scripts/gateway/main.lua:31  
register gw_service:[1] success
20211101 10:18:43 DEBUG ../../apps/lua/scripts/gateway/gw_service.lua:24  
connect_to_server [Auth server]127.0.0.1:8000
20211101 10:18:44 ERROR ../../apps/lua/scripts/gateway/gw_service.lua:12  
connect failed to server[Auth server]127.0.0.1:8000
20211101 14:22:01 DEBUG ../../apps/lua/scripts/gateway/main.lua:21  
Tcp Server listen at 6080
20211101 14:22:01 DEBUG ../../apps/lua/scripts/gateway/main.lua:23  
Ws Server listen at 6081
20211101 14:22:01 DEBUG ../../apps/lua/scripts/gateway/main.lua:31  
register gw_service:[1] success
20211101 14:22:02 DEBUG ../../apps/lua/scripts/gateway/gw_service.lua:24  
connect_to_server [Auth server]127.0.0.1:8000
20211101 14:22:02 DEBUG ../../apps/lua/scripts/gateway/gw_service.lua:16  
connect success to server[Auth server]127.0.0.1:8000
20211101 14:24:44 DEBUG ../../apps/lua/scripts/gateway/main.lua:21  
Tcp Server listen at 6080
20211101 14:24:44 DEBUG ../../apps/lua/scripts/gateway/main.lua:23  
Ws Server listen at 6081
20211101 14:24:44 DEBUG ../../apps/lua/scripts/gateway/main.lua:31  
register gw_service:[1] success
20211101 14:24:45 DEBUG ../../apps/lua/scripts/gateway/gw_service.lua:24  
connect_to_server [Auth server]127.0.0.1:8000
20211101 14:24:45 DEBUG ../../apps/lua/scripts/gateway/gw_service.lua:16  
connect success to server[Auth server]127.0.0.1:8000
20211101 14:29:32 DEBUG ../../apps/lua/scripts/gateway/main.lua:21  
Tcp Server listen at 6080
20211101 14:29:32 DEBUG ../../apps/lua/scripts/gateway/main.lua:23  
Ws Server listen at 6081
20211101 14:29:32 DEBUG ../../apps/lua/scripts/gateway/main.lua:31  
register gw_service:[1] success
20211101 14:29:33 DEBUG ../../apps/lua/scripts/gateway/gw_service.lua:24  
connect_to_server [Auth server]127.0.0.1:8000
20211101 14:29:33 DEBUG ../../apps/lua/scripts/gateway/gw_service.lua:16  
connect success to server[Auth server]127.0.0.1:8000
20211101 14:29:40 DEBUG ../../apps/lua/scripts/gateway/gw_service.lua:48  
1	1	0
20211101 14:31:23 DEBUG ../../apps/lua/scripts/gateway/main.lua:21  
Tcp Server listen at 6080
20211101 14:31:23 DEBUG ../../apps/lua/scripts/gateway/main.lua:23  
Ws Server listen at 6081
20211101 14:31:23 DEBUG ../../apps/lua/scripts/gateway/main.lua:31  
register gw_service:[1] success
20211101 14:31:24 DEBUG ../../apps/lua/scripts/gateway/gw_service.lua:24  
connect_to_server [Auth server]127.0.0.1:8000
20211101 14:31:24 DEBUG ../../apps/lua/scripts/gateway/gw_service.lua:16  
connect success to server[Auth server]127.0.0.1:8000
20211101 14:31:35 DEBUG ../../apps/lua/scripts/gateway/gw_service.lua:48  
1	1	0
20211101 14:32:54 DEBUG ../../apps/lua/scripts/gateway/main.lua:21  
Tcp Server listen at 6080
20211101 14:32:54 DEBUG ../../apps/lua/scripts/gateway/main.lua:23  
Ws Server listen at 6081
20211101 14:32:54 DEBUG ../../apps/lua/scripts/gateway/main.lua:31  
register gw_service:[1] success
20211101 14:32:55 DEBUG ../../apps/lua/scripts/gateway/gw_service.lua:24  
connect_to_server [Auth server]127.0.0.1:8000
20211101 14:32:55 DEBUG ../../apps/lua/scripts/gateway/gw_service.lua:16  
connect success to server[Auth server]127.0.0.1:8000
20211101 14:33:03 DEBUG ../../apps/lua/scripts/gateway/gw_service.lua:48  
1	1	0
20211101 14:33:38 DEBUG ../../apps/lua/scripts/gateway/main.lua:21  
Tcp Server listen at 6080
20211101 14:33:38 DEBUG ../../apps/lua/scripts/gateway/main.lua:23  
Ws Server listen at 6081
20211101 14:33:38 DEBUG ../../apps/lua/scripts/gateway/main.lua:31  
register gw_service:[1] success
20211101 14:33:39 DEBUG ../../apps/lua/scripts/gateway/gw_service.lua:24  
connect_to_server [Auth server]127.0.0.1:8000
20211101 14:33:39 DEBUG ../../apps/lua/scripts/gateway/gw_service.lua:16  
connect success to server[Auth server]127.0.0.1:8000
20211101 14:33:48 DEBUG ../../apps/lua/scripts/gateway/gw_service.lua:48  
1	1	0
20211101 14:34:51 DEBUG ../../apps/lua/scripts/gateway/gw_service.lua:86  
gateway disconnect [Auth server]
20211101 14:35:01 DEBUG ../../apps/lua/scripts/gateway/main.lua:21  
Tcp Server listen at 6080
20211101 14:35:01 DEBUG ../../apps/lua/scripts/gateway/main.lua:23  
Ws Server listen at 6081
20211101 14:35:01 DEBUG ../../apps/lua/scripts/gateway/main.lua:31  
register gw_service:[1] success
20211101 14:35:02 DEBUG ../../apps/lua/scripts/gateway/gw_service.lua:24  
connect_to_server [Auth server]127.0.0.1:8000
20211101 14:35:02 DEBUG ../../apps/lua/scripts/gateway/gw_service.lua:16  
connect success to server[Auth server]127.0.0.1:8000
20211101 14:35:08 DEBUG ../../apps/lua/scripts/gateway/gw_service.lua:48  
1	1	0
20211101 14:36:17 DEBUG ../../apps/lua/scripts/gateway/gw_service.lua:86  
gateway disconnect [Auth server]
20211101 14:36:17 DEBUG ../../apps/lua/scripts/gateway/gw_service.lua:24  
connect_to_server [Auth server]127.0.0.1:8000
20211101 14:36:39 DEBUG ../../apps/lua/scripts/gateway/main.lua:21  
Tcp Server listen at 6080
20211101 14:36:39 DEBUG ../../apps/lua/scripts/gateway/main.lua:23  
Ws Server listen at 6081
20211101 14:36:39 DEBUG ../../apps/lua/scripts/gateway/main.lua:31  
register gw_service:[1] success
20211101 14:36:40 DEBUG ../../apps/lua/scripts/gateway/gw_service.lua:24  
connect_to_server [Auth server]127.0.0.1:8000
20211101 14:36:40 DEBUG ../../apps/lua/scripts/gateway/gw_service.lua:16  
connect success to server[Auth server]127.0.0.1:8000
20211101 14:36:47 DEBUG ../../apps/lua/scripts/gateway/gw_service.lua:48  
1	1	0
20211101 14:37:44 DEBUG ../../apps/lua/scripts/gateway/main.lua:21  
Tcp Server listen at 6080
20211101 14:37:44 DEBUG ../../apps/lua/scripts/gateway/main.lua:23  
Ws Server listen at 6081
20211101 14:37:44 DEBUG ../../apps/lua/scripts/gateway/main.lua:31  
register gw_service:[1] success
20211101 14:37:45 DEBUG ../../apps/lua/scripts/gateway/gw_service.lua:24  
connect_to_server [Auth server]127.0.0.1:8000
20211101 14:37:45 DEBUG ../../apps/lua/scripts/gateway/gw_service.lua:16  
connect success to server[Auth server]127.0.0.1:8000
20211101 14:37:52 DEBUG ../../apps/lua/scripts/gateway/gw_service.lua:48  
1	1	0
20211101 14:37:52 DEBUG ../../apps/lua/scripts/gateway/gw_service.lua:63  
1
20211101 14:42:03 DEBUG ../../apps/lua/scripts/gateway/main.lua:21  
Tcp Server listen at 6080
20211101 14:42:03 DEBUG ../../apps/lua/scripts/gateway/main.lua:23  
Ws Server listen at 6081
20211101 14:42:03 DEBUG ../../apps/lua/scripts/gateway/main.lua:31  
register gw_service:[1] success
20211101 14:42:04 DEBUG ../../apps/lua/scripts/gateway/gw_service.lua:24  
connect_to_server [Auth server]127.0.0.1:8000
20211101 14:42:04 DEBUG ../../apps/lua/scripts/gateway/gw_service.lua:16  
connect success to server[Auth server]127.0.0.1:8000
20211101 14:42:14 DEBUG ../../apps/lua/scripts/gateway/gw_service.lua:48  
1	1	0
20211101 14:42:14 DEBUG ../../apps/lua/scripts/gateway/gw_service.lua:63  
1
20211101 14:51:21 DEBUG ../../apps/lua/scripts/gateway/main.lua:21  
Tcp Server listen at 6080
20211101 14:51:21 DEBUG ../../apps/lua/scripts/gateway/main.lua:23  
Ws Server listen at 6081
20211101 14:51:21 DEBUG ../../apps/lua/scripts/gateway/main.lua:31  
register gw_service:[1] success
20211101 14:51:22 DEBUG ../../apps/lua/scripts/gateway/gw_service.lua:24  
connect_to_server [Auth server]127.0.0.1:8000
20211101 14:51:22 DEBUG ../../apps/lua/scripts/gateway/gw_service.lua:16  
connect success to server[Auth server]127.0.0.1:8000
20211101 14:51:33 DEBUG ../../apps/lua/scripts/gateway/gw_service.lua:48  
1	1	0
20211101 14:51:33 DEBUG ../../apps/lua/scripts/gateway/gw_service.lua:63  
1
20211101 14:56:09 DEBUG ../../apps/lua/scripts/gateway/gw_service.lua:87  
gateway disconnect [Auth server]
20211101 14:56:36 DEBUG ../../apps/lua/scripts/gateway/main.lua:21  
Tcp Server listen at 6080
20211101 14:56:36 DEBUG ../../apps/lua/scripts/gateway/main.lua:23  
Ws Server listen at 6081
20211101 14:56:36 DEBUG ../../apps/lua/scripts/gateway/main.lua:31  
register gw_service:[1] success
20211101 14:56:37 DEBUG ../../apps/lua/scripts/gateway/gw_service.lua:24  
connect_to_server [Auth server]127.0.0.1:8000
20211101 14:56:37 DEBUG ../../apps/lua/scripts/gateway/gw_service.lua:16  
connect success to server[Auth server]127.0.0.1:8000
20211101 14:56:45 DEBUG ../../apps/lua/scripts/gateway/gw_service.lua:48  
1	1	0
20211101 14:56:45 DEBUG ../../apps/lua/scripts/gateway/gw_service.lua:63  
1
20211101 14:59:06 DEBUG ../../apps/lua/scripts/gateway/main.lua:21  
Tcp Server listen at 6080
20211101 14:59:06 DEBUG ../../apps/lua/scripts/gateway/main.lua:23  
Ws Server listen at 6081
20211101 14:59:06 DEBUG ../../apps/lua/scripts/gateway/main.lua:31  
register gw_service:[1] success
20211101 14:59:07 DEBUG ../../apps/lua/scripts/gateway/gw_service.lua:25  
connecting to server [Auth server]127.0.0.1:8000
20211101 14:59:07 DEBUG ../../apps/lua/scripts/gateway/gw_service.lua:16  
connect success to server [Auth server]127.0.0.1:8000
20211101 14:59:16 DEBUG ../../apps/lua/scripts/gateway/gw_service.lua:55  
1	1	0
20211101 15:01:50 DEBUG ../../apps/lua/scripts/gateway/main.lua:21  
Tcp Server listen at 6080
20211101 15:01:50 DEBUG ../../apps/lua/scripts/gateway/main.lua:23  
Ws Server listen at 6081
20211101 15:01:50 DEBUG ../../apps/lua/scripts/gateway/main.lua:31  
register gw_service:[1] success
20211101 15:01:51 DEBUG ../../apps/lua/scripts/gateway/gw_service.lua:25  
connecting to server [Auth server]127.0.0.1:8000
20211101 15:01:51 DEBUG ../../apps/lua/scripts/gateway/gw_service.lua:16  
connect success to server [Auth server]127.0.0.1:8000
20211101 15:02:00 DEBUG ../../apps/lua/scripts/gateway/gw_service.lua:55  
1	1	0
20211101 15:07:16 DEBUG ../../apps/lua/scripts/gateway/main.lua:21  
Tcp Server listen at 6080
20211101 15:07:16 DEBUG ../../apps/lua/scripts/gateway/main.lua:23  
Ws Server listen at 6081
20211101 15:07:16 DEBUG ../../apps/lua/scripts/gateway/main.lua:31  
register gw_service:[1] success
20211101 15:07:17 DEBUG ../../apps/lua/scripts/gateway/gw_service.lua:25  
connecting to server [Auth server]127.0.0.1:8000
20211101 15:07:18 ERROR ../../apps/lua/scripts/gateway/gw_service.lua:12  
connect error to server [Auth server]127.0.0.1:8000
20211101 15:07:33 DEBUG ../../apps/lua/scripts/gateway/main.lua:21  
Tcp Server listen at 6080
20211101 15:07:33 DEBUG ../../apps/lua/scripts/gateway/main.lua:23  
Ws Server listen at 6081
20211101 15:07:33 DEBUG ../../apps/lua/scripts/gateway/main.lua:31  
register gw_service:[1] success
20211101 15:07:34 DEBUG ../../apps/lua/scripts/gateway/gw_service.lua:25  
connecting to server [Auth server]127.0.0.1:8000
20211101 15:07:34 DEBUG ../../apps/lua/scripts/gateway/gw_service.lua:16  
connect success to server [Auth server]127.0.0.1:8000
20211101 15:07:43 DEBUG ../../apps/lua/scripts/gateway/gw_service.lua:55  
1	1	0
20211101 15:11:47 DEBUG ../../apps/lua/scripts/gateway/main.lua:21  
Tcp Server listen at 6080
20211101 15:11:47 DEBUG ../../apps/lua/scripts/gateway/main.lua:23  
Ws Server listen at 6081
20211101 15:11:47 DEBUG ../../apps/lua/scripts/gateway/main.lua:31  
register gw_service:[1] success
20211101 15:11:48 DEBUG ../../apps/lua/scripts/gateway/gw_service.lua:25  
connecting to server [Auth server]127.0.0.1:8000
20211101 15:11:48 DEBUG ../../apps/lua/scripts/gateway/gw_service.lua:16  
connect success to server [Auth server]127.0.0.1:8000
20211101 15:11:56 DEBUG ../../apps/lua/scripts/gateway/gw_service.lua:55  
1	1	0
20211101 15:11:59 DEBUG ../../apps/lua/scripts/gateway/gw_service.lua:79  
RawCmd.set_utag:1
20211101 15:13:41 DEBUG ../../apps/lua/scripts/gateway/gw_service.lua:97  
gateway disconnect [Auth server]
20211101 15:13:41 DEBUG ../../apps/lua/scripts/gateway/gw_service.lua:25  
connecting to server [Auth server]127.0.0.1:8000
20211101 15:13:53 DEBUG ../../apps/lua/scripts/gateway/main.lua:21  
Tcp Server listen at 6080
20211101 15:13:53 DEBUG ../../apps/lua/scripts/gateway/main.lua:23  
Ws Server listen at 6081
20211101 15:13:53 DEBUG ../../apps/lua/scripts/gateway/main.lua:31  
register gw_service:[1] success
20211101 15:13:54 DEBUG ../../apps/lua/scripts/gateway/gw_service.lua:25  
connecting to server [Auth server]127.0.0.1:8000
20211101 15:13:54 DEBUG ../../apps/lua/scripts/gateway/gw_service.lua:16  
connect success to server [Auth server]127.0.0.1:8000
20211101 15:14:04 DEBUG ../../apps/lua/scripts/gateway/gw_service.lua:55  
1	1	0
20211101 15:17:36 DEBUG ../../apps/lua/scripts/gateway/main.lua:21  
Tcp Server listen at 6080
20211101 15:17:36 DEBUG ../../apps/lua/scripts/gateway/main.lua:23  
Ws Server listen at 6081
20211101 15:17:36 DEBUG ../../apps/lua/scripts/gateway/main.lua:31  
register gw_service:[1] success
20211101 15:17:37 DEBUG ../../apps/lua/scripts/gateway/gw_service.lua:25  
connecting to server [Auth server]127.0.0.1:8000
20211101 15:17:37 DEBUG ../../apps/lua/scripts/gateway/gw_service.lua:16  
connect success to server [Auth server]127.0.0.1:8000
20211101 15:17:45 DEBUG ../../apps/lua/scripts/gateway/gw_service.lua:55  
1	1	0
20211101 15:18:37 DEBUG ../../apps/lua/scripts/gateway/gw_service.lua:96  
gateway disconnect [Auth server]
20211101 15:47:31 DEBUG ../../apps/lua/scripts/gateway/main.lua:21  
Tcp Server listen at 6080
20211101 15:47:31 DEBUG ../../apps/lua/scripts/gateway/main.lua:23  
Ws Server listen at 6081
20211101 15:47:31 DEBUG ../../apps/lua/scripts/gateway/main.lua:31  
register gw_service:[1] success
20211101 15:47:32 DEBUG ../../apps/lua/scripts/gateway/gw_service.lua:25  
connecting to server [Auth server]127.0.0.1:8000
20211101 15:47:32 DEBUG ../../apps/lua/scripts/gateway/gw_service.lua:16  
connect success to server [Auth server]127.0.0.1:8000
20211101 15:47:43 DEBUG ../../apps/lua/scripts/gateway/gw_service.lua:65  
1	1	0
20211101 15:51:43 DEBUG ../../apps/lua/scripts/gateway/main.lua:21  
Tcp Server listen at 6080
20211101 15:51:43 DEBUG ../../apps/lua/scripts/gateway/main.lua:23  
Ws Server listen at 6081
20211101 15:51:43 DEBUG ../../apps/lua/scripts/gateway/main.lua:31  
register gw_service:[1] success
20211101 15:51:44 DEBUG ../../apps/lua/scripts/gateway/gw_service.lua:25  
connecting to server [Auth server]127.0.0.1:8000
20211101 15:51:44 DEBUG ../../apps/lua/scripts/gateway/gw_service.lua:16  
connect success to server [Auth server]127.0.0.1:8000
20211101 15:51:50 DEBUG ../../apps/lua/scripts/gateway/gw_service.lua:69  
1	1	0
