20211124 10:28:29 DEBUG ../../apps/lua/scripts/gateway/main.lua:21  
Tcp Server listen at 6080
20211124 10:28:29 DEBUG ../../apps/lua/scripts/gateway/main.lua:23  
Ws Server listen at 6081
20211124 10:28:29 DEBUG ../../apps/lua/scripts/gateway/main.lua:31  
register gw_service:[1] success
20211124 10:28:29 DEBUG ../../apps/lua/scripts/gateway/main.lua:31  
register gw_service:[2] success
20211124 10:28:29 DEBUG ../../apps/lua/scripts/gateway/main.lua:31  
register gw_service:[3] success
20211124 10:28:30 DEBUG ../../apps/lua/scripts/gateway/gw_service.lua:33  
connecting to server [Auth server]127.0.0.1:8000
20211124 10:28:30 DEBUG ../../apps/lua/scripts/gateway/gw_service.lua:33  
connecting to server [System server]127.0.0.1:8001
20211124 10:28:30 DEBUG ../../apps/lua/scripts/gateway/gw_service.lua:33  
connecting to server [Logic server]127.0.0.1:8002
20211124 10:28:30 DEBUG ../../apps/lua/scripts/gateway/gw_service.lua:24  
connect success to server [Auth server]127.0.0.1:8000
20211124 10:28:30 DEBUG ../../apps/lua/scripts/gateway/gw_service.lua:24  
connect success to server [System server]127.0.0.1:8001
20211124 10:28:30 DEBUG ../../apps/lua/scripts/gateway/gw_service.lua:24  
connect success to server [Logic server]127.0.0.1:8002
20211124 10:28:42 DEBUG ../../apps/lua/scripts/gateway/gw_service.lua:121  
1	9	0
20211124 10:28:42 DEBUG ../../apps/lua/scripts/gateway/gw_service.lua:121  
2	13	0
20211124 10:28:43 DEBUG ../../apps/lua/scripts/gateway/gw_service.lua:121  
3	21	0
20211124 10:28:46 DEBUG ../../apps/lua/scripts/gateway/gw_service.lua:121  
2	15	0
20211124 10:29:29 DEBUG ../../apps/lua/scripts/gateway/gw_service.lua:121  
1	9	0
20211124 10:29:29 DEBUG ../../apps/lua/scripts/gateway/gw_service.lua:121  
2	13	0
20211124 10:29:29 DEBUG ../../apps/lua/scripts/gateway/gw_service.lua:121  
3	21	0
20211124 10:29:38 DEBUG ../../apps/lua/scripts/gateway/gw_service.lua:121  
3	23	0
20211124 10:29:43 DEBUG ../../apps/lua/scripts/gateway/gw_service.lua:121  
3	23	0
20211124 10:34:03 DEBUG ../../apps/lua/scripts/gateway/gw_service.lua:121  
1	9	0
20211124 10:34:03 DEBUG ../../apps/lua/scripts/gateway/gw_service.lua:121  
2	13	0
20211124 10:34:03 DEBUG ../../apps/lua/scripts/gateway/gw_service.lua:121  
3	21	0
20211124 10:34:07 DEBUG ../../apps/lua/scripts/gateway/gw_service.lua:121  
3	23	0
20211124 10:34:15 DEBUG ../../apps/lua/scripts/gateway/gw_service.lua:121  
3	23	0
20211124 11:38:33 DEBUG ../../apps/lua/scripts/gateway/main.lua:21  
Tcp Server listen at 6080
20211124 11:38:33 DEBUG ../../apps/lua/scripts/gateway/main.lua:23  
Ws Server listen at 6081
20211124 11:38:33 DEBUG ../../apps/lua/scripts/gateway/main.lua:31  
register gw_service:[1] success
20211124 11:38:33 DEBUG ../../apps/lua/scripts/gateway/main.lua:31  
register gw_service:[2] success
20211124 11:38:33 DEBUG ../../apps/lua/scripts/gateway/main.lua:31  
register gw_service:[3] success
20211124 11:38:34 DEBUG ../../apps/lua/scripts/gateway/gw_service.lua:33  
connecting to server [Auth server]127.0.0.1:8000
20211124 11:38:34 DEBUG ../../apps/lua/scripts/gateway/gw_service.lua:33  
connecting to server [System server]127.0.0.1:8001
20211124 11:38:34 DEBUG ../../apps/lua/scripts/gateway/gw_service.lua:33  
connecting to server [Logic server]127.0.0.1:8002
20211124 11:38:34 DEBUG ../../apps/lua/scripts/gateway/gw_service.lua:24  
connect success to server [Auth server]127.0.0.1:8000
20211124 11:38:35 ERROR ../../apps/lua/scripts/gateway/gw_service.lua:20  
connect error to server [Logic server]127.0.0.1:8002
20211124 11:38:35 ERROR ../../apps/lua/scripts/gateway/gw_service.lua:20  
connect error to server [System server]127.0.0.1:8001
20211124 11:38:39 DEBUG ../../apps/lua/scripts/gateway/gw_service.lua:33  
connecting to server [System server]127.0.0.1:8001
20211124 11:38:39 DEBUG ../../apps/lua/scripts/gateway/gw_service.lua:33  
connecting to server [Logic server]127.0.0.1:8002
20211124 11:38:39 DEBUG ../../apps/lua/scripts/gateway/gw_service.lua:24  
connect success to server [System server]127.0.0.1:8001
20211124 11:38:39 DEBUG ../../apps/lua/scripts/gateway/gw_service.lua:24  
connect success to server [Logic server]127.0.0.1:8002
20211124 11:55:26 DEBUG ../../apps/lua/scripts/gateway/main.lua:21  
Tcp Server listen at 6080
20211124 11:55:26 DEBUG ../../apps/lua/scripts/gateway/main.lua:23  
Ws Server listen at 6081
20211124 11:55:26 DEBUG ../../apps/lua/scripts/gateway/main.lua:31  
register gw_service:[1] success
20211124 11:55:26 DEBUG ../../apps/lua/scripts/gateway/main.lua:31  
register gw_service:[2] success
20211124 11:55:26 DEBUG ../../apps/lua/scripts/gateway/main.lua:31  
register gw_service:[3] success
20211124 11:55:27 DEBUG ../../apps/lua/scripts/gateway/gw_service.lua:33  
connecting to server [Auth server]127.0.0.1:8000
20211124 11:55:27 DEBUG ../../apps/lua/scripts/gateway/gw_service.lua:33  
connecting to server [System server]127.0.0.1:8001
20211124 11:55:27 DEBUG ../../apps/lua/scripts/gateway/gw_service.lua:33  
connecting to server [Logic server]127.0.0.1:8002
20211124 11:55:27 DEBUG ../../apps/lua/scripts/gateway/gw_service.lua:24  
connect success to server [Auth server]127.0.0.1:8000
20211124 11:55:27 DEBUG ../../apps/lua/scripts/gateway/gw_service.lua:24  
connect success to server [System server]127.0.0.1:8001
20211124 11:55:27 DEBUG ../../apps/lua/scripts/gateway/gw_service.lua:24  
connect success to server [Logic server]127.0.0.1:8002
20211124 11:56:07 DEBUG ../../apps/lua/scripts/gateway/gw_service.lua:121  
1	9	0
20211124 11:56:07 DEBUG ../../apps/lua/scripts/gateway/gw_service.lua:121  
2	13	0
20211124 11:56:07 DEBUG ../../apps/lua/scripts/gateway/gw_service.lua:121  
3	21	0
20211124 11:56:11 DEBUG ../../apps/lua/scripts/gateway/gw_service.lua:121  
3	23	0
20211124 11:57:41 DEBUG ../../apps/lua/scripts/gateway/gw_service.lua:164  
gateway disconnect [Logic server]
20211124 11:57:42 DEBUG ../../apps/lua/scripts/gateway/gw_service.lua:33  
connecting to server [Logic server]127.0.0.1:8002
20211124 11:57:44 ERROR ../../apps/lua/scripts/gateway/gw_service.lua:20  
connect error to server [Logic server]127.0.0.1:8002
20211124 11:57:47 DEBUG ../../apps/lua/scripts/gateway/gw_service.lua:33  
connecting to server [Logic server]127.0.0.1:8002
20211124 11:57:47 DEBUG ../../apps/lua/scripts/gateway/gw_service.lua:24  
connect success to server [Logic server]127.0.0.1:8002
20211124 11:57:55 DEBUG ../../apps/lua/scripts/gateway/gw_service.lua:121  
1	9	0
20211124 11:57:55 DEBUG ../../apps/lua/scripts/gateway/gw_service.lua:121  
2	13	0
20211124 11:57:55 DEBUG ../../apps/lua/scripts/gateway/gw_service.lua:121  
3	21	0
20211124 11:57:59 DEBUG ../../apps/lua/scripts/gateway/gw_service.lua:121  
3	23	0
20211124 11:59:14 DEBUG ../../apps/lua/scripts/gateway/gw_service.lua:164  
gateway disconnect [Logic server]
20211124 11:59:17 DEBUG ../../apps/lua/scripts/gateway/gw_service.lua:33  
connecting to server [Logic server]127.0.0.1:8002
20211124 11:59:18 DEBUG ../../apps/lua/scripts/gateway/gw_service.lua:24  
connect success to server [Logic server]127.0.0.1:8002
20211124 11:59:27 DEBUG ../../apps/lua/scripts/gateway/gw_service.lua:121  
1	9	0
20211124 11:59:27 DEBUG ../../apps/lua/scripts/gateway/gw_service.lua:121  
2	13	0
20211124 11:59:27 DEBUG ../../apps/lua/scripts/gateway/gw_service.lua:121  
3	21	0
20211124 11:59:34 DEBUG ../../apps/lua/scripts/gateway/gw_service.lua:121  
3	23	0
20211124 12:00:00 DEBUG ../../apps/lua/scripts/gateway/gw_service.lua:164  
gateway disconnect [Logic server]
20211124 12:00:02 DEBUG ../../apps/lua/scripts/gateway/gw_service.lua:33  
connecting to server [Logic server]127.0.0.1:8002
20211124 12:00:04 ERROR ../../apps/lua/scripts/gateway/gw_service.lua:20  
connect error to server [Logic server]127.0.0.1:8002
20211124 12:00:07 DEBUG ../../apps/lua/scripts/gateway/gw_service.lua:33  
connecting to server [Logic server]127.0.0.1:8002
20211124 12:00:07 DEBUG ../../apps/lua/scripts/gateway/gw_service.lua:24  
connect success to server [Logic server]127.0.0.1:8002
20211124 12:00:15 DEBUG ../../apps/lua/scripts/gateway/gw_service.lua:121  
1	9	0
20211124 12:00:15 DEBUG ../../apps/lua/scripts/gateway/gw_service.lua:121  
2	13	0
20211124 12:00:15 DEBUG ../../apps/lua/scripts/gateway/gw_service.lua:121  
3	21	0
20211124 12:00:18 DEBUG ../../apps/lua/scripts/gateway/gw_service.lua:121  
3	23	0
20211124 12:08:58 DEBUG ../../apps/lua/scripts/gateway/gw_service.lua:164  
gateway disconnect [Logic server]
20211124 12:08:59 DEBUG ../../apps/lua/scripts/gateway/gw_service.lua:164  
gateway disconnect [Auth server]
20211124 12:09:02 DEBUG ../../apps/lua/scripts/gateway/gw_service.lua:164  
gateway disconnect [System server]
20211124 12:09:03 DEBUG ../../apps/lua/scripts/gateway/gw_service.lua:33  
connecting to server [Auth server]127.0.0.1:8000
20211124 12:09:03 DEBUG ../../apps/lua/scripts/gateway/gw_service.lua:33  
connecting to server [System server]127.0.0.1:8001
20211124 12:09:03 DEBUG ../../apps/lua/scripts/gateway/gw_service.lua:33  
connecting to server [Logic server]127.0.0.1:8002
20211124 13:51:50 DEBUG ../../apps/lua/scripts/gateway/main.lua:21  
Tcp Server listen at 6080
20211124 13:51:50 DEBUG ../../apps/lua/scripts/gateway/main.lua:23  
Ws Server listen at 6081
20211124 13:51:50 DEBUG ../../apps/lua/scripts/gateway/main.lua:31  
register gw_service:[1] success
20211124 13:51:50 DEBUG ../../apps/lua/scripts/gateway/main.lua:31  
register gw_service:[2] success
20211124 13:51:50 DEBUG ../../apps/lua/scripts/gateway/main.lua:31  
register gw_service:[3] success
20211124 13:51:51 DEBUG ../../apps/lua/scripts/gateway/gw_service.lua:33  
connecting to server [Auth server]127.0.0.1:8000
20211124 13:51:51 DEBUG ../../apps/lua/scripts/gateway/gw_service.lua:33  
connecting to server [System server]127.0.0.1:8001
20211124 13:51:51 DEBUG ../../apps/lua/scripts/gateway/gw_service.lua:33  
connecting to server [Logic server]127.0.0.1:8002
20211124 13:51:51 DEBUG ../../apps/lua/scripts/gateway/gw_service.lua:24  
connect success to server [Auth server]127.0.0.1:8000
20211124 13:51:51 DEBUG ../../apps/lua/scripts/gateway/gw_service.lua:24  
connect success to server [System server]127.0.0.1:8001
20211124 13:51:52 DEBUG ../../apps/lua/scripts/gateway/gw_service.lua:24  
connect success to server [Logic server]127.0.0.1:8002
20211124 13:52:00 DEBUG ../../apps/lua/scripts/gateway/gw_service.lua:121  
1	1	0
20211124 13:52:01 DEBUG ../../apps/lua/scripts/gateway/gw_service.lua:121  
2	13	0
20211124 13:52:01 DEBUG ../../apps/lua/scripts/gateway/gw_service.lua:121  
3	21	0
20211124 13:52:03 DEBUG ../../apps/lua/scripts/gateway/gw_service.lua:121  
1	11	0
20211124 13:52:04 DEBUG ../../apps/lua/scripts/gateway/gw_service.lua:121  
1	1	0
20211124 13:52:04 DEBUG ../../apps/lua/scripts/gateway/gw_service.lua:121  
2	13	0
20211124 13:52:04 DEBUG ../../apps/lua/scripts/gateway/gw_service.lua:121  
3	21	0
20211124 13:52:06 DEBUG ../../apps/lua/scripts/gateway/gw_service.lua:121  
1	11	0
20211124 13:52:08 DEBUG ../../apps/lua/scripts/gateway/gw_service.lua:121  
1	1	0
20211124 13:52:08 DEBUG ../../apps/lua/scripts/gateway/gw_service.lua:121  
2	13	0
20211124 13:52:08 DEBUG ../../apps/lua/scripts/gateway/gw_service.lua:121  
3	21	0
20211124 13:52:09 DEBUG ../../apps/lua/scripts/gateway/gw_service.lua:121  
1	11	0
20211124 13:52:10 DEBUG ../../apps/lua/scripts/gateway/gw_service.lua:121  
1	1	0
20211124 13:52:10 DEBUG ../../apps/lua/scripts/gateway/gw_service.lua:121  
2	13	0
20211124 13:52:10 DEBUG ../../apps/lua/scripts/gateway/gw_service.lua:121  
3	21	0
20211124 13:52:12 DEBUG ../../apps/lua/scripts/gateway/gw_service.lua:121  
1	11	0
20211124 13:52:13 DEBUG ../../apps/lua/scripts/gateway/gw_service.lua:121  
1	1	0
20211124 13:52:13 DEBUG ../../apps/lua/scripts/gateway/gw_service.lua:121  
2	13	0
20211124 13:52:13 DEBUG ../../apps/lua/scripts/gateway/gw_service.lua:121  
3	21	0
20211124 13:52:15 DEBUG ../../apps/lua/scripts/gateway/gw_service.lua:121  
1	11	0
20211124 13:52:16 DEBUG ../../apps/lua/scripts/gateway/gw_service.lua:121  
1	1	0
20211124 13:52:16 DEBUG ../../apps/lua/scripts/gateway/gw_service.lua:121  
2	13	0
20211124 13:52:16 DEBUG ../../apps/lua/scripts/gateway/gw_service.lua:121  
3	21	0
20211124 13:52:17 DEBUG ../../apps/lua/scripts/gateway/gw_service.lua:121  
1	11	0
20211124 13:52:19 DEBUG ../../apps/lua/scripts/gateway/gw_service.lua:121  
1	1	0
20211124 13:52:19 DEBUG ../../apps/lua/scripts/gateway/gw_service.lua:121  
2	13	0
20211124 13:52:19 DEBUG ../../apps/lua/scripts/gateway/gw_service.lua:121  
3	21	0
20211124 13:52:20 DEBUG ../../apps/lua/scripts/gateway/gw_service.lua:121  
1	11	0
20211124 13:52:23 DEBUG ../../apps/lua/scripts/gateway/gw_service.lua:121  
1	1	0
20211124 13:52:23 DEBUG ../../apps/lua/scripts/gateway/gw_service.lua:121  
2	13	0
20211124 13:52:23 DEBUG ../../apps/lua/scripts/gateway/gw_service.lua:121  
3	21	0
20211124 13:52:24 DEBUG ../../apps/lua/scripts/gateway/gw_service.lua:121  
1	11	0
20211124 13:52:26 DEBUG ../../apps/lua/scripts/gateway/gw_service.lua:121  
1	1	0
20211124 13:52:26 DEBUG ../../apps/lua/scripts/gateway/gw_service.lua:121  
2	13	0
20211124 13:52:26 DEBUG ../../apps/lua/scripts/gateway/gw_service.lua:121  
3	21	0
20211124 13:52:27 DEBUG ../../apps/lua/scripts/gateway/gw_service.lua:121  
1	11	0
20211124 13:52:29 DEBUG ../../apps/lua/scripts/gateway/gw_service.lua:121  
1	1	0
20211124 13:52:29 DEBUG ../../apps/lua/scripts/gateway/gw_service.lua:121  
2	13	0
20211124 13:52:29 DEBUG ../../apps/lua/scripts/gateway/gw_service.lua:121  
3	21	0
20211124 13:52:30 DEBUG ../../apps/lua/scripts/gateway/gw_service.lua:121  
1	11	0
20211124 13:52:32 DEBUG ../../apps/lua/scripts/gateway/gw_service.lua:121  
1	1	0
20211124 13:52:32 DEBUG ../../apps/lua/scripts/gateway/gw_service.lua:121  
2	13	0
20211124 13:52:32 DEBUG ../../apps/lua/scripts/gateway/gw_service.lua:121  
3	21	0
20211124 13:52:33 DEBUG ../../apps/lua/scripts/gateway/gw_service.lua:121  
1	11	0
20211124 14:14:19 DEBUG ../../apps/lua/scripts/gateway/gw_service.lua:164  
gateway disconnect [Auth server]
20211124 14:42:47 DEBUG ../../apps/lua/scripts/gateway/main.lua:21  
Tcp Server listen at 6080
20211124 14:42:47 DEBUG ../../apps/lua/scripts/gateway/main.lua:23  
Ws Server listen at 6081
20211124 14:42:47 DEBUG ../../apps/lua/scripts/gateway/main.lua:31  
register gw_service:[1] success
20211124 14:42:47 DEBUG ../../apps/lua/scripts/gateway/main.lua:31  
register gw_service:[2] success
20211124 14:42:47 DEBUG ../../apps/lua/scripts/gateway/main.lua:31  
register gw_service:[3] success
20211124 14:42:48 DEBUG ../../apps/lua/scripts/gateway/gw_service.lua:33  
connecting to server [Auth server]127.0.0.1:8000
20211124 14:42:48 DEBUG ../../apps/lua/scripts/gateway/gw_service.lua:33  
connecting to server [System server]127.0.0.1:8001
20211124 14:42:48 DEBUG ../../apps/lua/scripts/gateway/gw_service.lua:33  
connecting to server [Logic server]127.0.0.1:8002
20211124 14:42:48 DEBUG ../../apps/lua/scripts/gateway/gw_service.lua:24  
connect success to server [Auth server]127.0.0.1:8000
20211124 14:42:48 DEBUG ../../apps/lua/scripts/gateway/gw_service.lua:24  
connect success to server [System server]127.0.0.1:8001
20211124 14:42:48 DEBUG ../../apps/lua/scripts/gateway/gw_service.lua:24  
connect success to server [Logic server]127.0.0.1:8002
20211124 14:43:04 DEBUG ../../apps/lua/scripts/gateway/gw_service.lua:121  
1	9	0
20211124 14:43:04 DEBUG ../../apps/lua/scripts/gateway/gw_service.lua:121  
2	13	0
20211124 14:43:04 DEBUG ../../apps/lua/scripts/gateway/gw_service.lua:121  
3	21	0
20211124 14:43:09 DEBUG ../../apps/lua/scripts/gateway/gw_service.lua:121  
3	23	0
20211124 14:48:54 DEBUG ../../apps/lua/scripts/gateway/gw_service.lua:164  
gateway disconnect [Logic server]
20211124 14:48:58 DEBUG ../../apps/lua/scripts/gateway/gw_service.lua:33  
connecting to server [Logic server]127.0.0.1:8002
20211124 14:48:59 DEBUG ../../apps/lua/scripts/gateway/gw_service.lua:24  
connect success to server [Logic server]127.0.0.1:8002
20211124 14:49:19 DEBUG ../../apps/lua/scripts/gateway/gw_service.lua:121  
1	9	0
20211124 14:49:19 DEBUG ../../apps/lua/scripts/gateway/gw_service.lua:121  
2	13	0
20211124 14:49:19 DEBUG ../../apps/lua/scripts/gateway/gw_service.lua:121  
3	21	0
20211124 14:49:26 DEBUG ../../apps/lua/scripts/gateway/gw_service.lua:121  
3	23	0
20211124 14:51:09 DEBUG ../../apps/lua/scripts/gateway/gw_service.lua:164  
gateway disconnect [Logic server]
20211124 14:51:13 DEBUG ../../apps/lua/scripts/gateway/gw_service.lua:33  
connecting to server [Logic server]127.0.0.1:8002
20211124 14:51:13 DEBUG ../../apps/lua/scripts/gateway/gw_service.lua:24  
connect success to server [Logic server]127.0.0.1:8002
20211124 14:51:26 DEBUG ../../apps/lua/scripts/gateway/gw_service.lua:121  
1	9	0
20211124 14:51:26 DEBUG ../../apps/lua/scripts/gateway/gw_service.lua:121  
2	13	0
20211124 14:51:26 DEBUG ../../apps/lua/scripts/gateway/gw_service.lua:121  
3	21	0
20211124 14:51:30 DEBUG ../../apps/lua/scripts/gateway/gw_service.lua:121  
3	23	0
20211124 14:54:07 DEBUG ../../apps/lua/scripts/gateway/gw_service.lua:164  
gateway disconnect [Logic server]
20211124 14:54:08 DEBUG ../../apps/lua/scripts/gateway/gw_service.lua:33  
connecting to server [Logic server]127.0.0.1:8002
20211124 14:54:09 ERROR ../../apps/lua/scripts/gateway/gw_service.lua:20  
connect error to server [Logic server]127.0.0.1:8002
20211124 14:54:13 DEBUG ../../apps/lua/scripts/gateway/gw_service.lua:33  
connecting to server [Logic server]127.0.0.1:8002
20211124 14:54:13 DEBUG ../../apps/lua/scripts/gateway/gw_service.lua:24  
connect success to server [Logic server]127.0.0.1:8002
20211124 14:54:23 DEBUG ../../apps/lua/scripts/gateway/gw_service.lua:121  
1	9	0
20211124 14:54:23 DEBUG ../../apps/lua/scripts/gateway/gw_service.lua:121  
2	13	0
20211124 14:54:23 DEBUG ../../apps/lua/scripts/gateway/gw_service.lua:121  
3	21	0
20211124 14:54:27 DEBUG ../../apps/lua/scripts/gateway/gw_service.lua:121  
3	23	0
20211124 15:01:01 DEBUG ../../apps/lua/scripts/gateway/gw_service.lua:164  
gateway disconnect [Logic server]
20211124 15:01:03 DEBUG ../../apps/lua/scripts/gateway/gw_service.lua:33  
connecting to server [Logic server]127.0.0.1:8002
20211124 15:01:04 ERROR ../../apps/lua/scripts/gateway/gw_service.lua:20  
connect error to server [Logic server]127.0.0.1:8002
20211124 15:01:08 DEBUG ../../apps/lua/scripts/gateway/gw_service.lua:33  
connecting to server [Logic server]127.0.0.1:8002
20211124 15:01:08 DEBUG ../../apps/lua/scripts/gateway/gw_service.lua:24  
connect success to server [Logic server]127.0.0.1:8002
20211124 15:01:21 DEBUG ../../apps/lua/scripts/gateway/gw_service.lua:121  
1	9	0
20211124 15:01:21 DEBUG ../../apps/lua/scripts/gateway/gw_service.lua:121  
2	13	0
20211124 15:01:21 DEBUG ../../apps/lua/scripts/gateway/gw_service.lua:121  
3	21	0
20211124 15:01:27 DEBUG ../../apps/lua/scripts/gateway/gw_service.lua:121  
3	23	0
20211124 15:04:17 DEBUG ../../apps/lua/scripts/gateway/gw_service.lua:164  
gateway disconnect [Logic server]
20211124 15:04:18 DEBUG ../../apps/lua/scripts/gateway/gw_service.lua:33  
connecting to server [Logic server]127.0.0.1:8002
20211124 15:04:19 DEBUG ../../apps/lua/scripts/gateway/gw_service.lua:24  
connect success to server [Logic server]127.0.0.1:8002
20211124 15:04:30 DEBUG ../../apps/lua/scripts/gateway/gw_service.lua:121  
1	9	0
20211124 15:04:30 DEBUG ../../apps/lua/scripts/gateway/gw_service.lua:121  
2	13	0
20211124 15:04:30 DEBUG ../../apps/lua/scripts/gateway/gw_service.lua:121  
3	21	0
20211124 15:04:34 DEBUG ../../apps/lua/scripts/gateway/gw_service.lua:121  
3	23	0
20211124 15:05:04 DEBUG ../../apps/lua/scripts/gateway/gw_service.lua:164  
gateway disconnect [Logic server]
20211124 15:05:08 DEBUG ../../apps/lua/scripts/gateway/gw_service.lua:33  
connecting to server [Logic server]127.0.0.1:8002
20211124 15:05:09 ERROR ../../apps/lua/scripts/gateway/gw_service.lua:20  
connect error to server [Logic server]127.0.0.1:8002
20211124 15:05:13 DEBUG ../../apps/lua/scripts/gateway/gw_service.lua:33  
connecting to server [Logic server]127.0.0.1:8002
20211124 15:05:14 ERROR ../../apps/lua/scripts/gateway/gw_service.lua:20  
connect error to server [Logic server]127.0.0.1:8002
20211124 15:05:18 DEBUG ../../apps/lua/scripts/gateway/gw_service.lua:33  
connecting to server [Logic server]127.0.0.1:8002
20211124 15:05:19 ERROR ../../apps/lua/scripts/gateway/gw_service.lua:20  
connect error to server [Logic server]127.0.0.1:8002
20211124 15:05:23 DEBUG ../../apps/lua/scripts/gateway/gw_service.lua:33  
connecting to server [Logic server]127.0.0.1:8002
20211124 15:05:24 ERROR ../../apps/lua/scripts/gateway/gw_service.lua:20  
connect error to server [Logic server]127.0.0.1:8002
20211124 15:05:28 DEBUG ../../apps/lua/scripts/gateway/gw_service.lua:33  
connecting to server [Logic server]127.0.0.1:8002
20211124 15:05:29 ERROR ../../apps/lua/scripts/gateway/gw_service.lua:20  
connect error to server [Logic server]127.0.0.1:8002
20211124 15:05:33 DEBUG ../../apps/lua/scripts/gateway/gw_service.lua:33  
connecting to server [Logic server]127.0.0.1:8002
20211124 15:05:34 ERROR ../../apps/lua/scripts/gateway/gw_service.lua:20  
connect error to server [Logic server]127.0.0.1:8002
20211124 15:05:38 DEBUG ../../apps/lua/scripts/gateway/gw_service.lua:33  
connecting to server [Logic server]127.0.0.1:8002
20211124 15:05:39 ERROR ../../apps/lua/scripts/gateway/gw_service.lua:20  
connect error to server [Logic server]127.0.0.1:8002
20211124 15:05:43 DEBUG ../../apps/lua/scripts/gateway/gw_service.lua:33  
connecting to server [Logic server]127.0.0.1:8002
20211124 15:05:44 ERROR ../../apps/lua/scripts/gateway/gw_service.lua:20  
connect error to server [Logic server]127.0.0.1:8002
20211124 15:05:48 DEBUG ../../apps/lua/scripts/gateway/gw_service.lua:33  
connecting to server [Logic server]127.0.0.1:8002
20211124 15:05:49 ERROR ../../apps/lua/scripts/gateway/gw_service.lua:20  
connect error to server [Logic server]127.0.0.1:8002
20211124 15:05:53 DEBUG ../../apps/lua/scripts/gateway/gw_service.lua:33  
connecting to server [Logic server]127.0.0.1:8002
20211124 15:05:54 ERROR ../../apps/lua/scripts/gateway/gw_service.lua:20  
connect error to server [Logic server]127.0.0.1:8002
20211124 15:05:58 DEBUG ../../apps/lua/scripts/gateway/gw_service.lua:33  
connecting to server [Logic server]127.0.0.1:8002
20211124 15:05:59 ERROR ../../apps/lua/scripts/gateway/gw_service.lua:20  
connect error to server [Logic server]127.0.0.1:8002
20211124 15:06:03 DEBUG ../../apps/lua/scripts/gateway/gw_service.lua:33  
connecting to server [Logic server]127.0.0.1:8002
20211124 15:06:03 DEBUG ../../apps/lua/scripts/gateway/gw_service.lua:24  
connect success to server [Logic server]127.0.0.1:8002
20211124 15:06:23 DEBUG ../../apps/lua/scripts/gateway/gw_service.lua:121  
1	9	0
20211124 15:06:23 DEBUG ../../apps/lua/scripts/gateway/gw_service.lua:121  
2	13	0
20211124 15:06:23 DEBUG ../../apps/lua/scripts/gateway/gw_service.lua:121  
3	21	0
20211124 15:06:26 DEBUG ../../apps/lua/scripts/gateway/gw_service.lua:121  
3	23	0
20211124 15:07:59 DEBUG ../../apps/lua/scripts/gateway/gw_service.lua:164  
gateway disconnect [Logic server]
20211124 15:08:03 DEBUG ../../apps/lua/scripts/gateway/gw_service.lua:33  
connecting to server [Logic server]127.0.0.1:8002
20211124 15:08:03 DEBUG ../../apps/lua/scripts/gateway/gw_service.lua:24  
connect success to server [Logic server]127.0.0.1:8002
20211124 15:08:15 DEBUG ../../apps/lua/scripts/gateway/gw_service.lua:121  
1	9	0
20211124 15:08:15 DEBUG ../../apps/lua/scripts/gateway/gw_service.lua:121  
2	13	0
20211124 15:08:15 DEBUG ../../apps/lua/scripts/gateway/gw_service.lua:121  
3	21	0
20211124 15:08:18 DEBUG ../../apps/lua/scripts/gateway/gw_service.lua:121  
3	23	0
20211124 15:09:12 DEBUG ../../apps/lua/scripts/gateway/gw_service.lua:164  
gateway disconnect [Logic server]
20211124 15:09:13 DEBUG ../../apps/lua/scripts/gateway/gw_service.lua:33  
connecting to server [Logic server]127.0.0.1:8002
20211124 15:09:14 ERROR ../../apps/lua/scripts/gateway/gw_service.lua:20  
connect error to server [Logic server]127.0.0.1:8002
20211124 15:09:18 DEBUG ../../apps/lua/scripts/gateway/gw_service.lua:33  
connecting to server [Logic server]127.0.0.1:8002
20211124 15:09:18 DEBUG ../../apps/lua/scripts/gateway/gw_service.lua:24  
connect success to server [Logic server]127.0.0.1:8002
20211124 15:09:24 DEBUG ../../apps/lua/scripts/gateway/gw_service.lua:121  
1	9	0
20211124 15:09:24 DEBUG ../../apps/lua/scripts/gateway/gw_service.lua:121  
2	13	0
20211124 15:09:24 DEBUG ../../apps/lua/scripts/gateway/gw_service.lua:121  
3	21	0
20211124 15:09:27 DEBUG ../../apps/lua/scripts/gateway/gw_service.lua:121  
3	23	0
20211124 15:11:39 DEBUG ../../apps/lua/scripts/gateway/gw_service.lua:164  
gateway disconnect [Logic server]
20211124 15:11:42 DEBUG ../../apps/lua/scripts/gateway/gw_service.lua:164  
gateway disconnect [Auth server]
20211124 15:11:43 DEBUG ../../apps/lua/scripts/gateway/gw_service.lua:33  
connecting to server [Auth server]127.0.0.1:8000
20211124 15:11:43 DEBUG ../../apps/lua/scripts/gateway/gw_service.lua:33  
connecting to server [Logic server]127.0.0.1:8002
20211124 15:11:44 ERROR ../../apps/lua/scripts/gateway/gw_service.lua:20  
connect error to server [Auth server]127.0.0.1:8000
20211124 15:11:44 ERROR ../../apps/lua/scripts/gateway/gw_service.lua:20  
connect error to server [Logic server]127.0.0.1:8002
20211124 15:11:44 DEBUG ../../apps/lua/scripts/gateway/gw_service.lua:164  
gateway disconnect [System server]
20211124 15:38:54 DEBUG ../../apps/lua/scripts/gateway/main.lua:21  
Tcp Server listen at 6080
20211124 15:38:54 DEBUG ../../apps/lua/scripts/gateway/main.lua:23  
Ws Server listen at 6081
20211124 15:38:54 DEBUG ../../apps/lua/scripts/gateway/main.lua:31  
register gw_service:[1] success
20211124 15:38:54 DEBUG ../../apps/lua/scripts/gateway/main.lua:31  
register gw_service:[2] success
20211124 15:38:54 DEBUG ../../apps/lua/scripts/gateway/main.lua:31  
register gw_service:[3] success
20211124 15:38:55 DEBUG ../../apps/lua/scripts/gateway/gw_service.lua:33  
connecting to server [Auth server]127.0.0.1:8000
20211124 15:38:55 DEBUG ../../apps/lua/scripts/gateway/gw_service.lua:33  
connecting to server [System server]127.0.0.1:8001
20211124 15:38:55 DEBUG ../../apps/lua/scripts/gateway/gw_service.lua:33  
connecting to server [Logic server]127.0.0.1:8002
20211124 15:38:55 DEBUG ../../apps/lua/scripts/gateway/gw_service.lua:24  
connect success to server [Auth server]127.0.0.1:8000
20211124 15:38:55 DEBUG ../../apps/lua/scripts/gateway/gw_service.lua:24  
connect success to server [System server]127.0.0.1:8001
20211124 15:38:55 DEBUG ../../apps/lua/scripts/gateway/gw_service.lua:24  
connect success to server [Logic server]127.0.0.1:8002
20211124 15:39:29 DEBUG ../../apps/lua/scripts/gateway/gw_service.lua:121  
1	9	0
20211124 15:39:29 DEBUG ../../apps/lua/scripts/gateway/gw_service.lua:121  
2	13	0
20211124 15:39:29 DEBUG ../../apps/lua/scripts/gateway/gw_service.lua:121  
3	21	0
20211124 15:39:38 DEBUG ../../apps/lua/scripts/gateway/gw_service.lua:121  
3	23	0
20211124 16:42:27 DEBUG ../../apps/lua/scripts/gateway/gw_service.lua:121  
1	9	0
20211124 16:42:27 DEBUG ../../apps/lua/scripts/gateway/gw_service.lua:121  
2	13	0
20211124 16:42:27 DEBUG ../../apps/lua/scripts/gateway/gw_service.lua:121  
3	21	0
20211124 16:42:32 DEBUG ../../apps/lua/scripts/gateway/gw_service.lua:121  
3	23	0
20211124 16:43:06 DEBUG ../../apps/lua/scripts/gateway/gw_service.lua:164  
gateway disconnect [Logic server]
20211124 16:43:06 DEBUG ../../apps/lua/scripts/gateway/gw_service.lua:33  
connecting to server [Logic server]127.0.0.1:8002
20211124 16:43:07 ERROR ../../apps/lua/scripts/gateway/gw_service.lua:20  
connect error to server [Logic server]127.0.0.1:8002
20211124 16:43:11 DEBUG ../../apps/lua/scripts/gateway/gw_service.lua:33  
connecting to server [Logic server]127.0.0.1:8002
20211124 16:43:11 DEBUG ../../apps/lua/scripts/gateway/gw_service.lua:24  
connect success to server [Logic server]127.0.0.1:8002
20211124 16:43:22 DEBUG ../../apps/lua/scripts/gateway/gw_service.lua:121  
1	9	0
20211124 16:43:22 DEBUG ../../apps/lua/scripts/gateway/gw_service.lua:121  
2	13	0
20211124 16:43:22 DEBUG ../../apps/lua/scripts/gateway/gw_service.lua:121  
3	21	0
20211124 16:43:25 DEBUG ../../apps/lua/scripts/gateway/gw_service.lua:121  
3	23	0
20211124 16:44:24 DEBUG ../../apps/lua/scripts/gateway/gw_service.lua:164  
gateway disconnect [Logic server]
20211124 16:44:26 DEBUG ../../apps/lua/scripts/gateway/gw_service.lua:33  
connecting to server [Logic server]127.0.0.1:8002
20211124 16:44:27 ERROR ../../apps/lua/scripts/gateway/gw_service.lua:20  
connect error to server [Logic server]127.0.0.1:8002
20211124 16:44:31 DEBUG ../../apps/lua/scripts/gateway/gw_service.lua:33  
connecting to server [Logic server]127.0.0.1:8002
20211124 16:44:31 DEBUG ../../apps/lua/scripts/gateway/gw_service.lua:24  
connect success to server [Logic server]127.0.0.1:8002
20211124 16:44:42 DEBUG ../../apps/lua/scripts/gateway/gw_service.lua:121  
1	9	0
20211124 16:44:42 DEBUG ../../apps/lua/scripts/gateway/gw_service.lua:121  
2	13	0
20211124 16:44:42 DEBUG ../../apps/lua/scripts/gateway/gw_service.lua:121  
3	21	0
20211124 16:44:48 DEBUG ../../apps/lua/scripts/gateway/gw_service.lua:121  
3	23	0
20211124 16:45:31 DEBUG ../../apps/lua/scripts/gateway/gw_service.lua:121  
3	23	0
20211124 16:45:40 DEBUG ../../apps/lua/scripts/gateway/gw_service.lua:164  
gateway disconnect [Logic server]
20211124 16:45:41 DEBUG ../../apps/lua/scripts/gateway/gw_service.lua:33  
connecting to server [Logic server]127.0.0.1:8002
20211124 17:18:23 DEBUG ../../apps/lua/scripts/gateway/main.lua:21  
Tcp Server listen at 6080
20211124 17:18:23 DEBUG ../../apps/lua/scripts/gateway/main.lua:23  
Ws Server listen at 6081
20211124 17:18:23 DEBUG ../../apps/lua/scripts/gateway/main.lua:31  
register gw_service:[1] success
20211124 17:18:23 DEBUG ../../apps/lua/scripts/gateway/main.lua:31  
register gw_service:[2] success
20211124 17:18:23 DEBUG ../../apps/lua/scripts/gateway/main.lua:31  
register gw_service:[3] success
20211124 17:18:24 DEBUG ../../apps/lua/scripts/gateway/gw_service.lua:33  
connecting to server [Auth server]127.0.0.1:8000
20211124 17:18:24 DEBUG ../../apps/lua/scripts/gateway/gw_service.lua:33  
connecting to server [System server]127.0.0.1:8001
20211124 17:18:24 DEBUG ../../apps/lua/scripts/gateway/gw_service.lua:33  
connecting to server [Logic server]127.0.0.1:8002
20211124 17:18:24 DEBUG ../../apps/lua/scripts/gateway/gw_service.lua:24  
connect success to server [Auth server]127.0.0.1:8000
20211124 17:18:24 DEBUG ../../apps/lua/scripts/gateway/gw_service.lua:24  
connect success to server [System server]127.0.0.1:8001
20211124 17:18:24 DEBUG ../../apps/lua/scripts/gateway/gw_service.lua:24  
connect success to server [Logic server]127.0.0.1:8002
20211124 17:18:39 DEBUG ../../apps/lua/scripts/gateway/gw_service.lua:121  
1	9	0
20211124 17:18:39 DEBUG ../../apps/lua/scripts/gateway/gw_service.lua:121  
2	13	0
20211124 17:18:39 DEBUG ../../apps/lua/scripts/gateway/gw_service.lua:121  
3	21	0
20211124 17:19:34 DEBUG ../../apps/lua/scripts/gateway/gw_service.lua:121  
1	9	0
20211124 17:19:34 DEBUG ../../apps/lua/scripts/gateway/gw_service.lua:121  
2	13	0
20211124 17:19:34 DEBUG ../../apps/lua/scripts/gateway/gw_service.lua:121  
3	21	0
20211124 17:19:40 DEBUG ../../apps/lua/scripts/gateway/gw_service.lua:121  
3	23	0
20211124 17:19:56 DEBUG ../../apps/lua/scripts/gateway/gw_service.lua:121  
3	27	0
20211124 17:21:13 DEBUG ../../apps/lua/scripts/gateway/gw_service.lua:164  
gateway disconnect [Logic server]
20211124 17:21:14 DEBUG ../../apps/lua/scripts/gateway/gw_service.lua:33  
connecting to server [Logic server]127.0.0.1:8002
20211124 17:21:15 ERROR ../../apps/lua/scripts/gateway/gw_service.lua:20  
connect error to server [Logic server]127.0.0.1:8002
20211124 17:21:19 DEBUG ../../apps/lua/scripts/gateway/gw_service.lua:33  
connecting to server [Logic server]127.0.0.1:8002
20211124 17:21:19 DEBUG ../../apps/lua/scripts/gateway/gw_service.lua:24  
connect success to server [Logic server]127.0.0.1:8002
20211124 17:21:31 DEBUG ../../apps/lua/scripts/gateway/gw_service.lua:121  
1	9	0
20211124 17:21:31 DEBUG ../../apps/lua/scripts/gateway/gw_service.lua:121  
2	13	0
20211124 17:21:31 DEBUG ../../apps/lua/scripts/gateway/gw_service.lua:121  
3	21	0
20211124 17:21:35 DEBUG ../../apps/lua/scripts/gateway/gw_service.lua:121  
3	23	0
20211124 17:21:41 DEBUG ../../apps/lua/scripts/gateway/gw_service.lua:121  
3	27	0
20211124 17:22:20 DEBUG ../../apps/lua/scripts/gateway/gw_service.lua:121  
3	23	0
20211124 17:22:50 DEBUG ../../apps/lua/scripts/gateway/gw_service.lua:121  
3	27	0
20211124 17:22:57 DEBUG ../../apps/lua/scripts/gateway/gw_service.lua:121  
3	23	0
20211124 17:24:14 DEBUG ../../apps/lua/scripts/gateway/gw_service.lua:164  
gateway disconnect [Logic server]
20211124 17:24:14 DEBUG ../../apps/lua/scripts/gateway/gw_service.lua:33  
connecting to server [Logic server]127.0.0.1:8002
20211124 17:24:15 ERROR ../../apps/lua/scripts/gateway/gw_service.lua:20  
connect error to server [Logic server]127.0.0.1:8002
20211124 17:24:19 DEBUG ../../apps/lua/scripts/gateway/gw_service.lua:33  
connecting to server [Logic server]127.0.0.1:8002
20211124 17:24:19 DEBUG ../../apps/lua/scripts/gateway/gw_service.lua:24  
connect success to server [Logic server]127.0.0.1:8002
20211124 17:24:28 DEBUG ../../apps/lua/scripts/gateway/gw_service.lua:121  
1	9	0
20211124 17:24:28 DEBUG ../../apps/lua/scripts/gateway/gw_service.lua:121  
2	13	0
20211124 17:24:28 DEBUG ../../apps/lua/scripts/gateway/gw_service.lua:121  
3	21	0
20211124 17:24:32 DEBUG ../../apps/lua/scripts/gateway/gw_service.lua:121  
3	23	0
20211124 17:24:39 DEBUG ../../apps/lua/scripts/gateway/gw_service.lua:121  
3	27	0
20211124 17:24:41 DEBUG ../../apps/lua/scripts/gateway/gw_service.lua:121  
3	23	0
20211124 17:24:50 DEBUG ../../apps/lua/scripts/gateway/gw_service.lua:121  
3	27	0
20211124 17:26:37 DEBUG ../../apps/lua/scripts/gateway/gw_service.lua:164  
gateway disconnect [Logic server]
20211124 17:26:39 DEBUG ../../apps/lua/scripts/gateway/gw_service.lua:33  
connecting to server [Logic server]127.0.0.1:8002
20211124 17:26:40 ERROR ../../apps/lua/scripts/gateway/gw_service.lua:20  
connect error to server [Logic server]127.0.0.1:8002
20211124 17:26:44 DEBUG ../../apps/lua/scripts/gateway/gw_service.lua:33  
connecting to server [Logic server]127.0.0.1:8002
20211124 17:26:44 DEBUG ../../apps/lua/scripts/gateway/gw_service.lua:24  
connect success to server [Logic server]127.0.0.1:8002
20211124 17:28:41 DEBUG ../../apps/lua/scripts/gateway/gw_service.lua:121  
1	9	0
20211124 17:28:41 DEBUG ../../apps/lua/scripts/gateway/gw_service.lua:121  
2	13	0
20211124 17:28:41 DEBUG ../../apps/lua/scripts/gateway/gw_service.lua:121  
3	21	0
20211124 17:28:45 DEBUG ../../apps/lua/scripts/gateway/gw_service.lua:121  
3	23	0
20211124 17:28:56 DEBUG ../../apps/lua/scripts/gateway/gw_service.lua:121  
3	27	0
20211124 17:29:04 DEBUG ../../apps/lua/scripts/gateway/gw_service.lua:121  
3	23	0
20211124 17:29:20 DEBUG ../../apps/lua/scripts/gateway/gw_service.lua:121  
3	27	0
20211124 17:31:12 DEBUG ../../apps/lua/scripts/gateway/gw_service.lua:164  
gateway disconnect [Logic server]
20211124 17:31:14 DEBUG ../../apps/lua/scripts/gateway/gw_service.lua:33  
connecting to server [Logic server]127.0.0.1:8002
20211124 17:31:15 DEBUG ../../apps/lua/scripts/gateway/gw_service.lua:24  
connect success to server [Logic server]127.0.0.1:8002
20211124 17:31:26 DEBUG ../../apps/lua/scripts/gateway/gw_service.lua:121  
1	9	0
20211124 17:31:26 DEBUG ../../apps/lua/scripts/gateway/gw_service.lua:121  
2	13	0
20211124 17:31:26 DEBUG ../../apps/lua/scripts/gateway/gw_service.lua:121  
3	21	0
20211124 17:31:29 DEBUG ../../apps/lua/scripts/gateway/gw_service.lua:121  
3	23	0
20211124 17:31:33 DEBUG ../../apps/lua/scripts/gateway/gw_service.lua:121  
3	27	0
20211124 17:31:37 DEBUG ../../apps/lua/scripts/gateway/gw_service.lua:121  
3	23	0
20211124 17:31:42 DEBUG ../../apps/lua/scripts/gateway/gw_service.lua:121  
3	27	0
20211124 17:33:46 DEBUG ../../apps/lua/scripts/gateway/gw_service.lua:164  
gateway disconnect [Logic server]
20211124 17:33:49 DEBUG ../../apps/lua/scripts/gateway/gw_service.lua:33  
connecting to server [Logic server]127.0.0.1:8002
20211124 17:33:49 DEBUG ../../apps/lua/scripts/gateway/gw_service.lua:24  
connect success to server [Logic server]127.0.0.1:8002
20211124 17:33:59 DEBUG ../../apps/lua/scripts/gateway/gw_service.lua:121  
1	9	0
20211124 17:33:59 DEBUG ../../apps/lua/scripts/gateway/gw_service.lua:121  
2	13	0
20211124 17:33:59 DEBUG ../../apps/lua/scripts/gateway/gw_service.lua:121  
3	21	0
20211124 17:34:02 DEBUG ../../apps/lua/scripts/gateway/gw_service.lua:121  
3	23	0
20211124 17:34:07 DEBUG ../../apps/lua/scripts/gateway/gw_service.lua:121  
3	27	0
20211124 17:34:13 DEBUG ../../apps/lua/scripts/gateway/gw_service.lua:121  
3	23	0
20211124 17:36:37 DEBUG ../../apps/lua/scripts/gateway/gw_service.lua:164  
gateway disconnect [Logic server]
20211124 17:36:39 DEBUG ../../apps/lua/scripts/gateway/gw_service.lua:33  
connecting to server [Logic server]127.0.0.1:8002
20211124 17:36:39 DEBUG ../../apps/lua/scripts/gateway/gw_service.lua:24  
connect success to server [Logic server]127.0.0.1:8002
20211124 17:36:49 DEBUG ../../apps/lua/scripts/gateway/gw_service.lua:121  
1	9	0
20211124 17:36:49 DEBUG ../../apps/lua/scripts/gateway/gw_service.lua:121  
2	13	0
20211124 17:36:49 DEBUG ../../apps/lua/scripts/gateway/gw_service.lua:121  
3	21	0
20211124 17:36:55 DEBUG ../../apps/lua/scripts/gateway/gw_service.lua:121  
3	23	0
20211124 17:37:01 DEBUG ../../apps/lua/scripts/gateway/gw_service.lua:121  
3	27	0
20211124 17:37:05 DEBUG ../../apps/lua/scripts/gateway/gw_service.lua:121  
3	23	0
20211124 17:37:08 DEBUG ../../apps/lua/scripts/gateway/gw_service.lua:121  
3	27	0
20211124 17:37:09 DEBUG ../../apps/lua/scripts/gateway/gw_service.lua:121  
3	23	0
20211124 17:37:12 DEBUG ../../apps/lua/scripts/gateway/gw_service.lua:121  
3	27	0
20211124 17:37:44 DEBUG ../../apps/lua/scripts/gateway/gw_service.lua:164  
gateway disconnect [Logic server]
20211124 17:37:44 DEBUG ../../apps/lua/scripts/gateway/gw_service.lua:33  
connecting to server [Logic server]127.0.0.1:8002
20211124 17:37:45 ERROR ../../apps/lua/scripts/gateway/gw_service.lua:20  
connect error to server [Logic server]127.0.0.1:8002
20211124 17:37:49 DEBUG ../../apps/lua/scripts/gateway/gw_service.lua:33  
connecting to server [Logic server]127.0.0.1:8002
20211124 17:37:49 DEBUG ../../apps/lua/scripts/gateway/gw_service.lua:24  
connect success to server [Logic server]127.0.0.1:8002
20211124 17:37:58 DEBUG ../../apps/lua/scripts/gateway/gw_service.lua:121  
1	9	0
20211124 17:37:58 DEBUG ../../apps/lua/scripts/gateway/gw_service.lua:121  
2	13	0
20211124 17:37:58 DEBUG ../../apps/lua/scripts/gateway/gw_service.lua:121  
3	21	0
20211124 17:38:02 DEBUG ../../apps/lua/scripts/gateway/gw_service.lua:121  
3	23	0
20211124 17:38:05 DEBUG ../../apps/lua/scripts/gateway/gw_service.lua:121  
3	27	0
20211124 17:38:08 DEBUG ../../apps/lua/scripts/gateway/gw_service.lua:121  
3	23	0
20211124 17:38:10 DEBUG ../../apps/lua/scripts/gateway/gw_service.lua:121  
3	27	0
20211124 17:38:14 DEBUG ../../apps/lua/scripts/gateway/gw_service.lua:164  
gateway disconnect [Logic server]
20211124 17:38:19 DEBUG ../../apps/lua/scripts/gateway/gw_service.lua:33  
connecting to server [Logic server]127.0.0.1:8002
20211124 17:38:19 DEBUG ../../apps/lua/scripts/gateway/gw_service.lua:24  
connect success to server [Logic server]127.0.0.1:8002
20211124 17:38:42 DEBUG ../../apps/lua/scripts/gateway/gw_service.lua:121  
1	9	0
20211124 17:38:42 DEBUG ../../apps/lua/scripts/gateway/gw_service.lua:121  
2	13	0
20211124 17:38:42 DEBUG ../../apps/lua/scripts/gateway/gw_service.lua:121  
3	21	0
20211124 17:38:46 DEBUG ../../apps/lua/scripts/gateway/gw_service.lua:121  
3	23	0
20211124 17:38:50 DEBUG ../../apps/lua/scripts/gateway/gw_service.lua:121  
3	27	0
20211124 17:38:52 DEBUG ../../apps/lua/scripts/gateway/gw_service.lua:121  
3	23	0
20211124 17:38:55 DEBUG ../../apps/lua/scripts/gateway/gw_service.lua:121  
3	27	0
20211124 17:38:56 DEBUG ../../apps/lua/scripts/gateway/gw_service.lua:121  
3	23	0
20211124 17:39:01 DEBUG ../../apps/lua/scripts/gateway/gw_service.lua:121  
3	27	0
20211124 17:41:56 DEBUG ../../apps/lua/scripts/gateway/gw_service.lua:121  
1	9	0
20211124 17:41:56 DEBUG ../../apps/lua/scripts/gateway/gw_service.lua:121  
2	13	0
20211124 17:41:56 DEBUG ../../apps/lua/scripts/gateway/gw_service.lua:121  
3	21	0
20211124 17:42:09 DEBUG ../../apps/lua/scripts/gateway/gw_service.lua:121  
3	27	0
20211124 17:46:30 DEBUG ../../apps/lua/scripts/gateway/gw_service.lua:164  
gateway disconnect [Logic server]
20211124 17:46:34 DEBUG ../../apps/lua/scripts/gateway/gw_service.lua:33  
connecting to server [Logic server]127.0.0.1:8002
20211124 17:46:34 DEBUG ../../apps/lua/scripts/gateway/gw_service.lua:24  
connect success to server [Logic server]127.0.0.1:8002
20211124 17:46:47 DEBUG ../../apps/lua/scripts/gateway/gw_service.lua:121  
1	9	0
20211124 17:46:47 DEBUG ../../apps/lua/scripts/gateway/gw_service.lua:121  
2	13	0
20211124 17:46:47 DEBUG ../../apps/lua/scripts/gateway/gw_service.lua:121  
3	21	0
20211124 17:46:57 DEBUG ../../apps/lua/scripts/gateway/gw_service.lua:121  
3	23	0
20211124 17:47:01 DEBUG ../../apps/lua/scripts/gateway/gw_service.lua:121  
3	27	0
20211124 17:47:05 DEBUG ../../apps/lua/scripts/gateway/gw_service.lua:121  
3	23	0
20211124 17:47:07 DEBUG ../../apps/lua/scripts/gateway/gw_service.lua:121  
3	27	0
20211124 17:47:09 DEBUG ../../apps/lua/scripts/gateway/gw_service.lua:121  
3	23	0
20211124 17:47:11 DEBUG ../../apps/lua/scripts/gateway/gw_service.lua:121  
3	27	0
20211124 17:47:22 DEBUG ../../apps/lua/scripts/gateway/gw_service.lua:164  
gateway disconnect [Logic server]
20211124 17:47:24 DEBUG ../../apps/lua/scripts/gateway/gw_service.lua:33  
connecting to server [Logic server]127.0.0.1:8002
20211124 17:47:25 ERROR ../../apps/lua/scripts/gateway/gw_service.lua:20  
connect error to server [Logic server]127.0.0.1:8002
20211124 17:47:29 DEBUG ../../apps/lua/scripts/gateway/gw_service.lua:33  
connecting to server [Logic server]127.0.0.1:8002
20211124 17:47:30 ERROR ../../apps/lua/scripts/gateway/gw_service.lua:20  
connect error to server [Logic server]127.0.0.1:8002
20211124 17:47:34 DEBUG ../../apps/lua/scripts/gateway/gw_service.lua:33  
connecting to server [Logic server]127.0.0.1:8002
20211124 17:47:35 ERROR ../../apps/lua/scripts/gateway/gw_service.lua:20  
connect error to server [Logic server]127.0.0.1:8002
20211124 17:47:39 DEBUG ../../apps/lua/scripts/gateway/gw_service.lua:33  
connecting to server [Logic server]127.0.0.1:8002
20211124 17:47:40 ERROR ../../apps/lua/scripts/gateway/gw_service.lua:20  
connect error to server [Logic server]127.0.0.1:8002
20211124 17:47:44 DEBUG ../../apps/lua/scripts/gateway/gw_service.lua:33  
connecting to server [Logic server]127.0.0.1:8002
20211124 17:47:45 ERROR ../../apps/lua/scripts/gateway/gw_service.lua:20  
connect error to server [Logic server]127.0.0.1:8002
20211124 17:47:49 DEBUG ../../apps/lua/scripts/gateway/gw_service.lua:33  
connecting to server [Logic server]127.0.0.1:8002
20211124 17:47:50 ERROR ../../apps/lua/scripts/gateway/gw_service.lua:20  
connect error to server [Logic server]127.0.0.1:8002
20211124 17:47:54 DEBUG ../../apps/lua/scripts/gateway/gw_service.lua:33  
connecting to server [Logic server]127.0.0.1:8002
20211124 17:47:55 ERROR ../../apps/lua/scripts/gateway/gw_service.lua:20  
connect error to server [Logic server]127.0.0.1:8002
20211124 17:47:59 DEBUG ../../apps/lua/scripts/gateway/gw_service.lua:33  
connecting to server [Logic server]127.0.0.1:8002
20211124 17:48:00 ERROR ../../apps/lua/scripts/gateway/gw_service.lua:20  
connect error to server [Logic server]127.0.0.1:8002
20211124 17:48:04 DEBUG ../../apps/lua/scripts/gateway/gw_service.lua:121  
1	9	0
20211124 17:48:04 DEBUG ../../apps/lua/scripts/gateway/gw_service.lua:121  
2	13	0
20211124 17:48:04 DEBUG ../../apps/lua/scripts/gateway/gw_service.lua:121  
3	21	0
20211124 17:48:04 DEBUG ../../apps/lua/scripts/gateway/gw_service.lua:33  
connecting to server [Logic server]127.0.0.1:8002
20211124 17:48:05 ERROR ../../apps/lua/scripts/gateway/gw_service.lua:20  
connect error to server [Logic server]127.0.0.1:8002
20211124 17:48:08 DEBUG ../../apps/lua/scripts/gateway/gw_service.lua:121  
1	9	0
20211124 17:48:08 DEBUG ../../apps/lua/scripts/gateway/gw_service.lua:121  
2	13	0
20211124 17:48:08 DEBUG ../../apps/lua/scripts/gateway/gw_service.lua:121  
3	21	0
20211124 17:48:08 DEBUG ../../apps/lua/scripts/gateway/gw_service.lua:121  
1	9	0
20211124 17:48:08 DEBUG ../../apps/lua/scripts/gateway/gw_service.lua:121  
2	13	0
20211124 17:48:08 DEBUG ../../apps/lua/scripts/gateway/gw_service.lua:121  
3	21	0
20211124 17:48:08 DEBUG ../../apps/lua/scripts/gateway/gw_service.lua:121  
1	9	0
20211124 17:48:08 DEBUG ../../apps/lua/scripts/gateway/gw_service.lua:121  
2	13	0
20211124 17:48:08 DEBUG ../../apps/lua/scripts/gateway/gw_service.lua:121  
3	21	0
20211124 17:48:09 DEBUG ../../apps/lua/scripts/gateway/gw_service.lua:121  
1	9	0
20211124 17:48:09 DEBUG ../../apps/lua/scripts/gateway/gw_service.lua:121  
2	13	0
20211124 17:48:09 DEBUG ../../apps/lua/scripts/gateway/gw_service.lua:121  
3	21	0
20211124 17:48:09 DEBUG ../../apps/lua/scripts/gateway/gw_service.lua:121  
1	9	0
20211124 17:48:09 DEBUG ../../apps/lua/scripts/gateway/gw_service.lua:121  
2	13	0
20211124 17:48:09 DEBUG ../../apps/lua/scripts/gateway/gw_service.lua:121  
3	21	0
20211124 17:48:09 DEBUG ../../apps/lua/scripts/gateway/gw_service.lua:121  
1	9	0
20211124 17:48:09 DEBUG ../../apps/lua/scripts/gateway/gw_service.lua:121  
2	13	0
20211124 17:48:09 DEBUG ../../apps/lua/scripts/gateway/gw_service.lua:121  
3	21	0
20211124 17:48:09 DEBUG ../../apps/lua/scripts/gateway/gw_service.lua:121  
1	9	0
20211124 17:48:09 DEBUG ../../apps/lua/scripts/gateway/gw_service.lua:33  
connecting to server [Logic server]127.0.0.1:8002
20211124 17:48:09 DEBUG ../../apps/lua/scripts/gateway/gw_service.lua:121  
2	13	0
20211124 17:48:09 DEBUG ../../apps/lua/scripts/gateway/gw_service.lua:121  
3	21	0
20211124 17:48:10 ERROR ../../apps/lua/scripts/gateway/gw_service.lua:20  
connect error to server [Logic server]127.0.0.1:8002
20211124 17:48:11 DEBUG ../../apps/lua/scripts/gateway/gw_service.lua:121  
1	9	0
20211124 17:48:11 DEBUG ../../apps/lua/scripts/gateway/gw_service.lua:121  
2	13	0
20211124 17:48:11 DEBUG ../../apps/lua/scripts/gateway/gw_service.lua:121  
3	21	0
20211124 17:48:11 DEBUG ../../apps/lua/scripts/gateway/gw_service.lua:121  
1	9	0
20211124 17:48:11 DEBUG ../../apps/lua/scripts/gateway/gw_service.lua:121  
2	13	0
20211124 17:48:11 DEBUG ../../apps/lua/scripts/gateway/gw_service.lua:121  
3	21	0
20211124 17:48:12 DEBUG ../../apps/lua/scripts/gateway/gw_service.lua:121  
1	9	0
20211124 17:48:12 DEBUG ../../apps/lua/scripts/gateway/gw_service.lua:121  
2	13	0
20211124 17:48:12 DEBUG ../../apps/lua/scripts/gateway/gw_service.lua:121  
3	21	0
20211124 17:48:13 DEBUG ../../apps/lua/scripts/gateway/gw_service.lua:121  
1	9	0
20211124 17:48:13 DEBUG ../../apps/lua/scripts/gateway/gw_service.lua:121  
2	13	0
20211124 17:48:13 DEBUG ../../apps/lua/scripts/gateway/gw_service.lua:121  
3	21	0
20211124 17:48:14 DEBUG ../../apps/lua/scripts/gateway/gw_service.lua:33  
connecting to server [Logic server]127.0.0.1:8002
20211124 17:48:15 ERROR ../../apps/lua/scripts/gateway/gw_service.lua:20  
connect error to server [Logic server]127.0.0.1:8002
20211124 17:48:19 DEBUG ../../apps/lua/scripts/gateway/gw_service.lua:33  
connecting to server [Logic server]127.0.0.1:8002
20211124 17:48:20 DEBUG ../../apps/lua/scripts/gateway/gw_service.lua:24  
connect success to server [Logic server]127.0.0.1:8002
20211124 17:48:22 DEBUG ../../apps/lua/scripts/gateway/gw_service.lua:121  
1	9	0
20211124 17:48:22 DEBUG ../../apps/lua/scripts/gateway/gw_service.lua:121  
2	13	0
20211124 17:48:22 DEBUG ../../apps/lua/scripts/gateway/gw_service.lua:121  
3	21	0
20211124 17:48:38 DEBUG ../../apps/lua/scripts/gateway/gw_service.lua:121  
2	17	0
20211124 17:48:43 DEBUG ../../apps/lua/scripts/gateway/gw_service.lua:121  
2	19	0
20211124 17:48:44 DEBUG ../../apps/lua/scripts/gateway/gw_service.lua:121  
2	17	0
20211124 17:48:46 DEBUG ../../apps/lua/scripts/gateway/gw_service.lua:121  
2	19	0
20211124 17:48:47 DEBUG ../../apps/lua/scripts/gateway/gw_service.lua:121  
2	17	0
20211124 17:48:57 DEBUG ../../apps/lua/scripts/gateway/gw_service.lua:121  
2	17	0
20211124 17:49:03 DEBUG ../../apps/lua/scripts/gateway/gw_service.lua:121  
3	23	0
20211124 17:49:12 DEBUG ../../apps/lua/scripts/gateway/gw_service.lua:121  
3	27	0
20211124 18:03:52 DEBUG ../../apps/lua/scripts/gateway/gw_service.lua:164  
gateway disconnect [Auth server]
20211124 18:03:52 DEBUG ../../apps/lua/scripts/gateway/gw_service.lua:164  
gateway disconnect [Logic server]
20211124 18:03:53 DEBUG ../../apps/lua/scripts/gateway/gw_service.lua:164  
gateway disconnect [System server]
20211124 18:04:07 DEBUG ../../apps/lua/scripts/gateway/main.lua:21  
Tcp Server listen at 6080
20211124 18:04:07 DEBUG ../../apps/lua/scripts/gateway/main.lua:23  
Ws Server listen at 6081
20211124 18:04:07 DEBUG ../../apps/lua/scripts/gateway/main.lua:31  
register gw_service:[1] success
20211124 18:04:07 DEBUG ../../apps/lua/scripts/gateway/main.lua:31  
register gw_service:[2] success
20211124 18:04:07 DEBUG ../../apps/lua/scripts/gateway/main.lua:31  
register gw_service:[3] success
20211124 18:04:08 DEBUG ../../apps/lua/scripts/gateway/gw_service.lua:33  
connecting to server [Auth server]127.0.0.1:8000
20211124 18:04:08 DEBUG ../../apps/lua/scripts/gateway/gw_service.lua:33  
connecting to server [System server]127.0.0.1:8001
20211124 18:04:08 DEBUG ../../apps/lua/scripts/gateway/gw_service.lua:33  
connecting to server [Logic server]127.0.0.1:8002
20211124 18:04:08 DEBUG ../../apps/lua/scripts/gateway/gw_service.lua:24  
connect success to server [Auth server]127.0.0.1:8000
20211124 18:04:08 DEBUG ../../apps/lua/scripts/gateway/gw_service.lua:24  
connect success to server [System server]127.0.0.1:8001
20211124 18:04:08 DEBUG ../../apps/lua/scripts/gateway/gw_service.lua:24  
connect success to server [Logic server]127.0.0.1:8002
20211124 18:04:24 DEBUG ../../apps/lua/scripts/gateway/gw_service.lua:164  
gateway disconnect [Logic server]
20211124 18:04:28 DEBUG ../../apps/lua/scripts/gateway/gw_service.lua:33  
connecting to server [Logic server]127.0.0.1:8002
20211124 18:04:28 DEBUG ../../apps/lua/scripts/gateway/gw_service.lua:24  
connect success to server [Logic server]127.0.0.1:8002
20211124 18:16:40 DEBUG ../../apps/lua/scripts/gateway/gw_service.lua:164  
gateway disconnect [Auth server]
20211124 18:16:40 DEBUG ../../apps/lua/scripts/gateway/gw_service.lua:164  
gateway disconnect [System server]
20211124 18:16:55 DEBUG ../../apps/lua/scripts/gateway/main.lua:21  
Tcp Server listen at 6080
20211124 18:16:55 DEBUG ../../apps/lua/scripts/gateway/main.lua:23  
Ws Server listen at 6081
20211124 18:16:55 DEBUG ../../apps/lua/scripts/gateway/main.lua:31  
register gw_service:[1] success
20211124 18:16:55 DEBUG ../../apps/lua/scripts/gateway/main.lua:31  
register gw_service:[2] success
20211124 18:16:55 DEBUG ../../apps/lua/scripts/gateway/main.lua:31  
register gw_service:[3] success
20211124 18:16:56 DEBUG ../../apps/lua/scripts/gateway/gw_service.lua:33  
connecting to server [Auth server]127.0.0.1:8000
20211124 18:16:56 DEBUG ../../apps/lua/scripts/gateway/gw_service.lua:33  
connecting to server [System server]127.0.0.1:8001
20211124 18:16:56 DEBUG ../../apps/lua/scripts/gateway/gw_service.lua:33  
connecting to server [Logic server]127.0.0.1:8002
20211124 18:16:56 DEBUG ../../apps/lua/scripts/gateway/gw_service.lua:24  
connect success to server [Auth server]127.0.0.1:8000
20211124 18:16:56 DEBUG ../../apps/lua/scripts/gateway/gw_service.lua:24  
connect success to server [System server]127.0.0.1:8001
20211124 18:16:56 DEBUG ../../apps/lua/scripts/gateway/gw_service.lua:24  
connect success to server [Logic server]127.0.0.1:8002
20211124 18:17:06 DEBUG ../../apps/lua/scripts/gateway/gw_service.lua:121  
1	9	0
20211124 18:17:06 DEBUG ../../apps/lua/scripts/gateway/gw_service.lua:121  
2	13	0
20211124 18:17:06 DEBUG ../../apps/lua/scripts/gateway/gw_service.lua:121  
3	21	0
20211124 18:17:11 DEBUG ../../apps/lua/scripts/gateway/gw_service.lua:121  
3	23	0
20211124 18:17:39 DEBUG ../../apps/lua/scripts/gateway/gw_service.lua:164  
gateway disconnect [Logic server]
20211124 18:17:41 DEBUG ../../apps/lua/scripts/gateway/gw_service.lua:33  
connecting to server [Logic server]127.0.0.1:8002
20211124 18:17:42 ERROR ../../apps/lua/scripts/gateway/gw_service.lua:20  
connect error to server [Logic server]127.0.0.1:8002
20211124 18:17:46 DEBUG ../../apps/lua/scripts/gateway/gw_service.lua:33  
connecting to server [Logic server]127.0.0.1:8002
20211124 18:17:47 ERROR ../../apps/lua/scripts/gateway/gw_service.lua:20  
connect error to server [Logic server]127.0.0.1:8002
20211124 18:17:51 DEBUG ../../apps/lua/scripts/gateway/gw_service.lua:33  
connecting to server [Logic server]127.0.0.1:8002
20211124 18:17:52 ERROR ../../apps/lua/scripts/gateway/gw_service.lua:20  
connect error to server [Logic server]127.0.0.1:8002
20211124 18:17:56 DEBUG ../../apps/lua/scripts/gateway/gw_service.lua:33  
connecting to server [Logic server]127.0.0.1:8002
20211124 18:17:57 ERROR ../../apps/lua/scripts/gateway/gw_service.lua:20  
connect error to server [Logic server]127.0.0.1:8002
20211124 18:18:01 DEBUG ../../apps/lua/scripts/gateway/gw_service.lua:33  
connecting to server [Logic server]127.0.0.1:8002
20211124 18:18:02 ERROR ../../apps/lua/scripts/gateway/gw_service.lua:20  
connect error to server [Logic server]127.0.0.1:8002
20211124 18:18:06 DEBUG ../../apps/lua/scripts/gateway/gw_service.lua:33  
connecting to server [Logic server]127.0.0.1:8002
20211124 18:18:06 DEBUG ../../apps/lua/scripts/gateway/gw_service.lua:24  
connect success to server [Logic server]127.0.0.1:8002
20211124 18:18:11 DEBUG ../../apps/lua/scripts/gateway/gw_service.lua:121  
1	9	0
20211124 18:18:11 DEBUG ../../apps/lua/scripts/gateway/gw_service.lua:121  
2	13	0
20211124 18:18:11 DEBUG ../../apps/lua/scripts/gateway/gw_service.lua:121  
3	21	0
20211124 18:18:15 DEBUG ../../apps/lua/scripts/gateway/gw_service.lua:121  
3	23	0
20211124 18:19:27 DEBUG ../../apps/lua/scripts/gateway/gw_service.lua:164  
gateway disconnect [Logic server]
20211124 18:19:31 DEBUG ../../apps/lua/scripts/gateway/gw_service.lua:33  
connecting to server [Logic server]127.0.0.1:8002
20211124 18:19:31 DEBUG ../../apps/lua/scripts/gateway/gw_service.lua:24  
connect success to server [Logic server]127.0.0.1:8002
20211124 18:19:38 DEBUG ../../apps/lua/scripts/gateway/gw_service.lua:121  
1	9	0
20211124 18:19:38 DEBUG ../../apps/lua/scripts/gateway/gw_service.lua:121  
2	13	0
20211124 18:19:38 DEBUG ../../apps/lua/scripts/gateway/gw_service.lua:121  
3	21	0
20211124 18:19:42 DEBUG ../../apps/lua/scripts/gateway/gw_service.lua:121  
3	23	0
20211124 18:20:25 DEBUG ../../apps/lua/scripts/gateway/gw_service.lua:164  
gateway disconnect [Logic server]
20211124 18:20:26 DEBUG ../../apps/lua/scripts/gateway/gw_service.lua:33  
connecting to server [Logic server]127.0.0.1:8002
20211124 18:20:27 ERROR ../../apps/lua/scripts/gateway/gw_service.lua:20  
connect error to server [Logic server]127.0.0.1:8002
20211124 18:20:31 DEBUG ../../apps/lua/scripts/gateway/gw_service.lua:33  
connecting to server [Logic server]127.0.0.1:8002
20211124 18:20:32 ERROR ../../apps/lua/scripts/gateway/gw_service.lua:20  
connect error to server [Logic server]127.0.0.1:8002
20211124 18:20:36 DEBUG ../../apps/lua/scripts/gateway/gw_service.lua:33  
connecting to server [Logic server]127.0.0.1:8002
20211124 18:20:37 ERROR ../../apps/lua/scripts/gateway/gw_service.lua:20  
connect error to server [Logic server]127.0.0.1:8002
20211124 18:20:41 DEBUG ../../apps/lua/scripts/gateway/gw_service.lua:33  
connecting to server [Logic server]127.0.0.1:8002
20211124 18:20:42 ERROR ../../apps/lua/scripts/gateway/gw_service.lua:20  
connect error to server [Logic server]127.0.0.1:8002
20211124 18:20:46 DEBUG ../../apps/lua/scripts/gateway/gw_service.lua:33  
connecting to server [Logic server]127.0.0.1:8002
20211124 18:20:47 ERROR ../../apps/lua/scripts/gateway/gw_service.lua:20  
connect error to server [Logic server]127.0.0.1:8002
20211124 18:20:51 DEBUG ../../apps/lua/scripts/gateway/gw_service.lua:33  
connecting to server [Logic server]127.0.0.1:8002
20211124 18:20:52 ERROR ../../apps/lua/scripts/gateway/gw_service.lua:20  
connect error to server [Logic server]127.0.0.1:8002
20211124 18:20:56 DEBUG ../../apps/lua/scripts/gateway/gw_service.lua:33  
connecting to server [Logic server]127.0.0.1:8002
20211124 18:20:57 ERROR ../../apps/lua/scripts/gateway/gw_service.lua:20  
connect error to server [Logic server]127.0.0.1:8002
20211124 18:21:01 DEBUG ../../apps/lua/scripts/gateway/gw_service.lua:33  
connecting to server [Logic server]127.0.0.1:8002
20211124 18:21:02 ERROR ../../apps/lua/scripts/gateway/gw_service.lua:20  
connect error to server [Logic server]127.0.0.1:8002
20211124 18:21:06 DEBUG ../../apps/lua/scripts/gateway/gw_service.lua:33  
connecting to server [Logic server]127.0.0.1:8002
20211124 18:21:07 ERROR ../../apps/lua/scripts/gateway/gw_service.lua:20  
connect error to server [Logic server]127.0.0.1:8002
20211124 18:21:11 DEBUG ../../apps/lua/scripts/gateway/gw_service.lua:33  
connecting to server [Logic server]127.0.0.1:8002
20211124 18:21:12 ERROR ../../apps/lua/scripts/gateway/gw_service.lua:20  
connect error to server [Logic server]127.0.0.1:8002
20211124 18:21:16 DEBUG ../../apps/lua/scripts/gateway/gw_service.lua:33  
connecting to server [Logic server]127.0.0.1:8002
20211124 18:21:17 ERROR ../../apps/lua/scripts/gateway/gw_service.lua:20  
connect error to server [Logic server]127.0.0.1:8002
20211124 18:21:21 DEBUG ../../apps/lua/scripts/gateway/gw_service.lua:33  
connecting to server [Logic server]127.0.0.1:8002
20211124 18:21:22 ERROR ../../apps/lua/scripts/gateway/gw_service.lua:20  
connect error to server [Logic server]127.0.0.1:8002
20211124 18:21:26 DEBUG ../../apps/lua/scripts/gateway/gw_service.lua:33  
connecting to server [Logic server]127.0.0.1:8002
20211124 18:21:27 DEBUG ../../apps/lua/scripts/gateway/gw_service.lua:24  
connect success to server [Logic server]127.0.0.1:8002
20211124 18:21:40 DEBUG ../../apps/lua/scripts/gateway/gw_service.lua:121  
1	9	0
20211124 18:21:40 DEBUG ../../apps/lua/scripts/gateway/gw_service.lua:121  
2	13	0
20211124 18:21:40 DEBUG ../../apps/lua/scripts/gateway/gw_service.lua:121  
3	21	0
20211124 18:21:43 DEBUG ../../apps/lua/scripts/gateway/gw_service.lua:121  
3	23	0
20211124 18:22:47 DEBUG ../../apps/lua/scripts/gateway/gw_service.lua:164  
gateway disconnect [Logic server]
20211124 18:22:56 DEBUG ../../apps/lua/scripts/gateway/main.lua:21  
Tcp Server listen at 6080
20211124 18:22:56 DEBUG ../../apps/lua/scripts/gateway/main.lua:23  
Ws Server listen at 6081
20211124 18:22:56 DEBUG ../../apps/lua/scripts/gateway/main.lua:31  
register gw_service:[1] success
20211124 18:22:56 DEBUG ../../apps/lua/scripts/gateway/main.lua:31  
register gw_service:[2] success
20211124 18:22:56 DEBUG ../../apps/lua/scripts/gateway/main.lua:31  
register gw_service:[3] success
20211124 18:22:57 DEBUG ../../apps/lua/scripts/gateway/gw_service.lua:33  
connecting to server [Auth server]127.0.0.1:8000
20211124 18:22:57 DEBUG ../../apps/lua/scripts/gateway/gw_service.lua:33  
connecting to server [System server]127.0.0.1:8001
20211124 18:22:57 DEBUG ../../apps/lua/scripts/gateway/gw_service.lua:33  
connecting to server [Logic server]127.0.0.1:8002
20211124 18:22:57 DEBUG ../../apps/lua/scripts/gateway/gw_service.lua:24  
connect success to server [Auth server]127.0.0.1:8000
20211124 18:22:57 DEBUG ../../apps/lua/scripts/gateway/gw_service.lua:24  
connect success to server [Logic server]127.0.0.1:8002
20211124 18:22:57 DEBUG ../../apps/lua/scripts/gateway/gw_service.lua:24  
connect success to server [System server]127.0.0.1:8001
20211124 18:23:08 DEBUG ../../apps/lua/scripts/gateway/gw_service.lua:121  
1	9	0
20211124 18:23:08 DEBUG ../../apps/lua/scripts/gateway/gw_service.lua:121  
2	13	0
20211124 18:23:08 DEBUG ../../apps/lua/scripts/gateway/gw_service.lua:121  
3	21	0
20211124 18:23:12 DEBUG ../../apps/lua/scripts/gateway/gw_service.lua:121  
3	23	0
20211124 18:25:35 DEBUG ../../apps/lua/scripts/gateway/gw_service.lua:164  
gateway disconnect [Logic server]
20211124 18:25:37 DEBUG ../../apps/lua/scripts/gateway/gw_service.lua:33  
connecting to server [Logic server]127.0.0.1:8002
20211124 18:25:38 ERROR ../../apps/lua/scripts/gateway/gw_service.lua:20  
connect error to server [Logic server]127.0.0.1:8002
20211124 18:25:42 DEBUG ../../apps/lua/scripts/gateway/gw_service.lua:33  
connecting to server [Logic server]127.0.0.1:8002
20211124 18:25:42 DEBUG ../../apps/lua/scripts/gateway/gw_service.lua:24  
connect success to server [Logic server]127.0.0.1:8002
20211124 18:25:52 DEBUG ../../apps/lua/scripts/gateway/gw_service.lua:121  
1	9	0
20211124 18:25:52 DEBUG ../../apps/lua/scripts/gateway/gw_service.lua:121  
2	13	0
20211124 18:25:52 DEBUG ../../apps/lua/scripts/gateway/gw_service.lua:121  
3	21	0
20211124 18:25:56 DEBUG ../../apps/lua/scripts/gateway/gw_service.lua:121  
3	23	0
20211124 18:26:11 DEBUG ../../apps/lua/scripts/gateway/gw_service.lua:121  
3	27	0
20211124 18:26:31 DEBUG ../../apps/lua/scripts/gateway/gw_service.lua:164  
gateway disconnect [Logic server]
20211124 18:26:32 DEBUG ../../apps/lua/scripts/gateway/gw_service.lua:33  
connecting to server [Logic server]127.0.0.1:8002
20211124 18:26:32 DEBUG ../../apps/lua/scripts/gateway/gw_service.lua:164  
gateway disconnect [System server]
20211124 18:26:33 ERROR ../../apps/lua/scripts/gateway/gw_service.lua:20  
connect error to server [Logic server]127.0.0.1:8002
20211124 18:26:34 DEBUG ../../apps/lua/scripts/gateway/gw_service.lua:164  
gateway disconnect [Auth server]
20211124 18:32:41 DEBUG ../../apps/lua/scripts/gateway/main.lua:21  
Tcp Server listen at 6080
20211124 18:32:41 DEBUG ../../apps/lua/scripts/gateway/main.lua:23  
Ws Server listen at 6081
20211124 18:32:41 DEBUG ../../apps/lua/scripts/gateway/main.lua:31  
register gw_service:[1] success
20211124 18:32:41 DEBUG ../../apps/lua/scripts/gateway/main.lua:31  
register gw_service:[2] success
20211124 18:32:41 DEBUG ../../apps/lua/scripts/gateway/main.lua:31  
register gw_service:[3] success
20211124 18:32:42 DEBUG ../../apps/lua/scripts/gateway/gw_service.lua:33  
connecting to server [Auth server]127.0.0.1:8000
20211124 18:32:42 DEBUG ../../apps/lua/scripts/gateway/gw_service.lua:33  
connecting to server [System server]127.0.0.1:8001
20211124 18:32:42 DEBUG ../../apps/lua/scripts/gateway/gw_service.lua:33  
connecting to server [Logic server]127.0.0.1:8002
20211124 18:32:42 DEBUG ../../apps/lua/scripts/gateway/gw_service.lua:24  
connect success to server [Auth server]127.0.0.1:8000
20211124 18:32:42 DEBUG ../../apps/lua/scripts/gateway/gw_service.lua:24  
connect success to server [System server]127.0.0.1:8001
20211124 18:32:42 DEBUG ../../apps/lua/scripts/gateway/gw_service.lua:24  
connect success to server [Logic server]127.0.0.1:8002
20211124 18:32:58 DEBUG ../../apps/lua/scripts/gateway/gw_service.lua:121  
1	9	0
20211124 18:32:58 DEBUG ../../apps/lua/scripts/gateway/gw_service.lua:121  
2	13	0
20211124 18:32:58 DEBUG ../../apps/lua/scripts/gateway/gw_service.lua:121  
3	21	0
20211124 18:33:00 DEBUG ../../apps/lua/scripts/gateway/gw_service.lua:121  
3	23	0
20211124 18:36:48 DEBUG ../../apps/lua/scripts/gateway/gw_service.lua:164  
gateway disconnect [Logic server]
20211124 18:36:52 DEBUG ../../apps/lua/scripts/gateway/gw_service.lua:33  
connecting to server [Logic server]127.0.0.1:8002
20211124 18:36:52 DEBUG ../../apps/lua/scripts/gateway/gw_service.lua:24  
connect success to server [Logic server]127.0.0.1:8002
20211124 18:37:03 DEBUG ../../apps/lua/scripts/gateway/gw_service.lua:121  
1	9	0
20211124 18:37:03 DEBUG ../../apps/lua/scripts/gateway/gw_service.lua:121  
2	13	0
20211124 18:37:03 DEBUG ../../apps/lua/scripts/gateway/gw_service.lua:121  
3	21	0
20211124 18:37:06 DEBUG ../../apps/lua/scripts/gateway/gw_service.lua:121  
3	23	0
20211124 18:40:47 DEBUG ../../apps/lua/scripts/gateway/gw_service.lua:164  
gateway disconnect [Auth server]
20211124 18:40:47 DEBUG ../../apps/lua/scripts/gateway/gw_service.lua:33  
connecting to server [Auth server]127.0.0.1:8000
20211124 18:40:47 DEBUG ../../apps/lua/scripts/gateway/gw_service.lua:164  
gateway disconnect [System server]
20211124 18:40:48 ERROR ../../apps/lua/scripts/gateway/gw_service.lua:20  
connect error to server [Auth server]127.0.0.1:8000
20211124 18:43:30 DEBUG ../../apps/lua/scripts/gateway/main.lua:21  
Tcp Server listen at 6080
20211124 18:43:30 DEBUG ../../apps/lua/scripts/gateway/main.lua:23  
Ws Server listen at 6081
20211124 18:43:30 DEBUG ../../apps/lua/scripts/gateway/main.lua:31  
register gw_service:[1] success
20211124 18:43:30 DEBUG ../../apps/lua/scripts/gateway/main.lua:31  
register gw_service:[2] success
20211124 18:43:30 DEBUG ../../apps/lua/scripts/gateway/main.lua:31  
register gw_service:[3] success
20211124 18:43:31 DEBUG ../../apps/lua/scripts/gateway/gw_service.lua:33  
connecting to server [Auth server]127.0.0.1:8000
20211124 18:43:31 DEBUG ../../apps/lua/scripts/gateway/gw_service.lua:33  
connecting to server [System server]127.0.0.1:8001
20211124 18:43:31 DEBUG ../../apps/lua/scripts/gateway/gw_service.lua:33  
connecting to server [Logic server]127.0.0.1:8002
20211124 18:43:31 DEBUG ../../apps/lua/scripts/gateway/gw_service.lua:24  
connect success to server [Auth server]127.0.0.1:8000
20211124 18:43:32 DEBUG ../../apps/lua/scripts/gateway/gw_service.lua:24  
connect success to server [Logic server]127.0.0.1:8002
20211124 18:43:32 DEBUG ../../apps/lua/scripts/gateway/gw_service.lua:24  
connect success to server [System server]127.0.0.1:8001
20211124 18:43:46 DEBUG ../../apps/lua/scripts/gateway/gw_service.lua:121  
1	9	0
20211124 18:43:46 DEBUG ../../apps/lua/scripts/gateway/gw_service.lua:121  
2	13	0
20211124 18:43:46 DEBUG ../../apps/lua/scripts/gateway/gw_service.lua:121  
3	21	0
20211124 18:43:53 DEBUG ../../apps/lua/scripts/gateway/gw_service.lua:121  
3	23	0
20211124 18:45:31 DEBUG ../../apps/lua/scripts/gateway/gw_service.lua:164  
gateway disconnect [Logic server]
20211124 18:45:31 DEBUG ../../apps/lua/scripts/gateway/gw_service.lua:33  
connecting to server [Logic server]127.0.0.1:8002
20211124 18:45:32 ERROR ../../apps/lua/scripts/gateway/gw_service.lua:20  
connect error to server [Logic server]127.0.0.1:8002
20211124 18:45:36 DEBUG ../../apps/lua/scripts/gateway/gw_service.lua:33  
connecting to server [Logic server]127.0.0.1:8002
20211124 18:45:36 DEBUG ../../apps/lua/scripts/gateway/gw_service.lua:24  
connect success to server [Logic server]127.0.0.1:8002
20211124 18:45:45 DEBUG ../../apps/lua/scripts/gateway/gw_service.lua:121  
1	9	0
20211124 18:45:45 DEBUG ../../apps/lua/scripts/gateway/gw_service.lua:121  
2	13	0
20211124 18:45:45 DEBUG ../../apps/lua/scripts/gateway/gw_service.lua:121  
3	21	0
20211124 18:45:50 DEBUG ../../apps/lua/scripts/gateway/gw_service.lua:121  
3	23	0
20211124 18:45:59 DEBUG ../../apps/lua/scripts/gateway/gw_service.lua:121  
3	27	0
20211124 18:48:16 DEBUG ../../apps/lua/scripts/gateway/gw_service.lua:164  
gateway disconnect [Logic server]
20211124 18:48:16 DEBUG ../../apps/lua/scripts/gateway/gw_service.lua:33  
connecting to server [Logic server]127.0.0.1:8002
20211124 18:48:17 ERROR ../../apps/lua/scripts/gateway/gw_service.lua:20  
connect error to server [Logic server]127.0.0.1:8002
20211124 18:48:17 DEBUG ../../apps/lua/scripts/gateway/gw_service.lua:164  
gateway disconnect [System server]
20211124 18:48:22 DEBUG ../../apps/lua/scripts/gateway/main.lua:21  
Tcp Server listen at 6080
20211124 18:48:22 DEBUG ../../apps/lua/scripts/gateway/main.lua:23  
Ws Server listen at 6081
20211124 18:48:22 DEBUG ../../apps/lua/scripts/gateway/main.lua:31  
register gw_service:[1] success
20211124 18:48:22 DEBUG ../../apps/lua/scripts/gateway/main.lua:31  
register gw_service:[2] success
20211124 18:48:22 DEBUG ../../apps/lua/scripts/gateway/main.lua:31  
register gw_service:[3] success
20211124 18:48:23 DEBUG ../../apps/lua/scripts/gateway/gw_service.lua:33  
connecting to server [Auth server]127.0.0.1:8000
20211124 18:48:23 DEBUG ../../apps/lua/scripts/gateway/gw_service.lua:33  
connecting to server [System server]127.0.0.1:8001
20211124 18:48:23 DEBUG ../../apps/lua/scripts/gateway/gw_service.lua:33  
connecting to server [Logic server]127.0.0.1:8002
20211124 18:48:23 DEBUG ../../apps/lua/scripts/gateway/gw_service.lua:24  
connect success to server [Auth server]127.0.0.1:8000
20211124 18:48:23 DEBUG ../../apps/lua/scripts/gateway/gw_service.lua:24  
connect success to server [Logic server]127.0.0.1:8002
20211124 18:48:24 DEBUG ../../apps/lua/scripts/gateway/gw_service.lua:24  
connect success to server [System server]127.0.0.1:8001
20211124 18:48:34 DEBUG ../../apps/lua/scripts/gateway/gw_service.lua:121  
1	9	0
20211124 18:48:34 DEBUG ../../apps/lua/scripts/gateway/gw_service.lua:121  
2	13	0
20211124 18:48:34 DEBUG ../../apps/lua/scripts/gateway/gw_service.lua:121  
3	21	0
20211124 18:48:38 DEBUG ../../apps/lua/scripts/gateway/gw_service.lua:121  
3	23	0
20211124 18:49:04 DEBUG ../../apps/lua/scripts/gateway/gw_service.lua:121  
3	27	0
20211124 18:49:23 DEBUG ../../apps/lua/scripts/gateway/gw_service.lua:164  
gateway disconnect [Logic server]
20211124 18:49:24 DEBUG ../../apps/lua/scripts/gateway/gw_service.lua:164  
gateway disconnect [System server]
